{"C:\\Users\\angje\\OneDrive\\Desktop\\work\\customer-transaction-dashboard\\client\\src\\components\\common\\TableComponent.vue": {"path":"C:\\Users\\angje\\OneDrive\\Desktop\\work\\customer-transaction-dashboard\\client\\src\\components\\common\\TableComponent.vue","statementMap":{"0":{"start":{"line":3,"column":0},"end":{"line":5,"column":3}},"1":{"start":{"line":6,"column":14},"end":{"line":6,"column":30}},"2":{"start":{"line":7,"column":12},"end":{"line":7,"column":26}},"3":{"start":{"line":8,"column":0},"end":{"line":68,"column":3}},"4":{"start":{"line":22,"column":8},"end":{"line":22,"column":18}},"5":{"start":{"line":27,"column":21},"end":{"line":27,"column":41}},"6":{"start":{"line":28,"column":24},"end":{"line":28,"column":45}},"7":{"start":{"line":29,"column":21},"end":{"line":42,"column":6}},"8":{"start":{"line":30,"column":6},"end":{"line":40,"column":7}},"9":{"start":{"line":31,"column":20},"end":{"line":31,"column":36}},"10":{"start":{"line":32,"column":26},"end":{"line":32,"column":64}},"11":{"start":{"line":33,"column":8},"end":{"line":39,"column":11}},"12":{"start":{"line":34,"column":23},"end":{"line":34,"column":31}},"13":{"start":{"line":35,"column":23},"end":{"line":35,"column":31}},"14":{"start":{"line":36,"column":10},"end":{"line":36,"column":55}},"15":{"start":{"line":36,"column":31},"end":{"line":36,"column":55}},"16":{"start":{"line":37,"column":10},"end":{"line":37,"column":54}},"17":{"start":{"line":37,"column":31},"end":{"line":37,"column":54}},"18":{"start":{"line":38,"column":10},"end":{"line":38,"column":19}},"19":{"start":{"line":41,"column":6},"end":{"line":41,"column":24}},"20":{"start":{"line":43,"column":21},"end":{"line":45,"column":5}},"21":{"start":{"line":44,"column":6},"end":{"line":44,"column":55}},"22":{"start":{"line":47,"column":19},"end":{"line":59,"column":5}},"23":{"start":{"line":48,"column":6},"end":{"line":58,"column":7}},"24":{"start":{"line":50,"column":8},"end":{"line":57,"column":9}},"25":{"start":{"line":52,"column":10},"end":{"line":52,"column":79}},"26":{"start":{"line":55,"column":10},"end":{"line":55,"column":39}},"27":{"start":{"line":56,"column":10},"end":{"line":56,"column":38}},"28":{"start":{"line":60,"column":4},"end":{"line":66,"column":6}},"29":{"start":{"line":69,"column":0},"end":{"line":69,"column":13}},"30":{"start":{"line":70,"column":0},"end":{"line":70,"column":62}},"31":{"start":{"line":71,"column":0},"end":{"line":71,"column":24}},"32":{"start":{"line":72,"column":12},"end":{"line":72,"column":26}},"33":{"start":{"line":73,"column":17},"end":{"line":73,"column":47}},"34":{"start":{"line":74,"column":17},"end":{"line":74,"column":87}},"35":{"start":{"line":75,"column":31},"end":{"line":75,"column":792}},"36":{"start":{"line":76,"column":17},"end":{"line":76,"column":54}},"37":{"start":{"line":77,"column":17},"end":{"line":77,"column":59}},"38":{"start":{"line":78,"column":17},"end":{"line":78,"column":47}},"39":{"start":{"line":79,"column":17},"end":{"line":79,"column":27}},"40":{"start":{"line":80,"column":17},"end":{"line":80,"column":27}},"41":{"start":{"line":81,"column":17},"end":{"line":81,"column":27}},"42":{"start":{"line":82,"column":18},"end":{"line":82,"column":28}},"43":{"start":{"line":84,"column":4},"end":{"line":131,"column":8}},"44":{"start":{"line":91,"column":28},"end":{"line":109,"column":59}},"45":{"start":{"line":94,"column":61},"end":{"line":94,"column":96}},"46":{"start":{"line":115,"column":24},"end":{"line":126,"column":28}},"47":{"start":{"line":121,"column":32},"end":{"line":124,"column":96}},"48":{"start":{"line":133,"column":0},"end":{"line":133,"column":24}},"49":{"start":{"line":134,"column":1},"end":{"line":134,"column":48}}},"fnMap":{"0":{"name":"(anonymous_0)","decl":{"start":{"line":21,"column":15},"end":{"line":21,"column":16}},"loc":{"start":{"line":21,"column":27},"end":{"line":23,"column":7}},"line":21},"1":{"name":"(anonymous_1)","decl":{"start":{"line":26,"column":9},"end":{"line":26,"column":10}},"loc":{"start":{"line":26,"column":26},"end":{"line":67,"column":3}},"line":26},"2":{"name":"(anonymous_2)","decl":{"start":{"line":29,"column":41},"end":{"line":29,"column":42}},"loc":{"start":{"line":29,"column":53},"end":{"line":42,"column":5}},"line":29},"3":{"name":"(anonymous_3)","decl":{"start":{"line":33,"column":69},"end":{"line":33,"column":70}},"loc":{"start":{"line":33,"column":85},"end":{"line":39,"column":9}},"line":33},"4":{"name":"(anonymous_4)","decl":{"start":{"line":43,"column":21},"end":{"line":43,"column":22}},"loc":{"start":{"line":43,"column":42},"end":{"line":45,"column":5}},"line":43},"5":{"name":"(anonymous_5)","decl":{"start":{"line":47,"column":19},"end":{"line":47,"column":20}},"loc":{"start":{"line":47,"column":40},"end":{"line":59,"column":5}},"line":47},"6":{"name":"render","decl":{"start":{"line":83,"column":9},"end":{"line":83,"column":15}},"loc":{"start":{"line":83,"column":30},"end":{"line":132,"column":1}},"line":83},"7":{"name":"(anonymous_7)","decl":{"start":{"line":90,"column":141},"end":{"line":90,"column":142}},"loc":{"start":{"line":90,"column":159},"end":{"line":110,"column":25}},"line":90},"8":{"name":"(anonymous_8)","decl":{"start":{"line":94,"column":41},"end":{"line":94,"column":42}},"loc":{"start":{"line":94,"column":59},"end":{"line":94,"column":98}},"line":94},"9":{"name":"(anonymous_9)","decl":{"start":{"line":114,"column":140},"end":{"line":114,"column":141}},"loc":{"start":{"line":114,"column":156},"end":{"line":127,"column":21}},"line":114},"10":{"name":"(anonymous_10)","decl":{"start":{"line":120,"column":145},"end":{"line":120,"column":146}},"loc":{"start":{"line":120,"column":163},"end":{"line":125,"column":29}},"line":120}},"branchMap":{"0":{"loc":{"start":{"line":30,"column":6},"end":{"line":40,"column":7}},"type":"if","locations":[{"start":{"line":30,"column":6},"end":{"line":40,"column":7}},{"start":{},"end":{}}],"line":30},"1":{"loc":{"start":{"line":32,"column":26},"end":{"line":32,"column":64}},"type":"cond-expr","locations":[{"start":{"line":32,"column":58},"end":{"line":32,"column":59}},{"start":{"line":32,"column":62},"end":{"line":32,"column":64}}],"line":32},"2":{"loc":{"start":{"line":36,"column":10},"end":{"line":36,"column":55}},"type":"if","locations":[{"start":{"line":36,"column":10},"end":{"line":36,"column":55}},{"start":{},"end":{}}],"line":36},"3":{"loc":{"start":{"line":37,"column":10},"end":{"line":37,"column":54}},"type":"if","locations":[{"start":{"line":37,"column":10},"end":{"line":37,"column":54}},{"start":{},"end":{}}],"line":37},"4":{"loc":{"start":{"line":48,"column":6},"end":{"line":58,"column":7}},"type":"if","locations":[{"start":{"line":48,"column":6},"end":{"line":58,"column":7}},{"start":{},"end":{}}],"line":48},"5":{"loc":{"start":{"line":50,"column":8},"end":{"line":57,"column":9}},"type":"if","locations":[{"start":{"line":50,"column":8},"end":{"line":57,"column":9}},{"start":{"line":53,"column":15},"end":{"line":57,"column":9}}],"line":50},"6":{"loc":{"start":{"line":52,"column":32},"end":{"line":52,"column":78}},"type":"cond-expr","locations":[{"start":{"line":52,"column":64},"end":{"line":52,"column":70}},{"start":{"line":52,"column":73},"end":{"line":52,"column":78}}],"line":52},"7":{"loc":{"start":{"line":98,"column":32},"end":{"line":108,"column":81}},"type":"cond-expr","locations":[{"start":{"line":99,"column":39},"end":{"line":107,"column":38}},{"start":{"line":108,"column":38},"end":{"line":108,"column":81}}],"line":98},"8":{"loc":{"start":{"line":100,"column":40},"end":{"line":106,"column":89}},"type":"cond-expr","locations":[{"start":{"line":101,"column":47},"end":{"line":105,"column":46}},{"start":{"line":106,"column":46},"end":{"line":106,"column":89}}],"line":100},"9":{"loc":{"start":{"line":100,"column":41},"end":{"line":100,"column":91}},"type":"binary-expr","locations":[{"start":{"line":100,"column":41},"end":{"line":100,"column":71}},{"start":{"line":100,"column":75},"end":{"line":100,"column":91}}],"line":100},"10":{"loc":{"start":{"line":102,"column":48},"end":{"line":104,"column":135}},"type":"cond-expr","locations":[{"start":{"line":103,"column":55},"end":{"line":103,"column":133}},{"start":{"line":104,"column":55},"end":{"line":104,"column":134}}],"line":102}},"s":{"0":1,"1":1,"2":1,"3":1,"4":0,"5":2,"6":2,"7":2,"8":4,"9":2,"10":2,"11":2,"12":2,"13":2,"14":2,"15":0,"16":2,"17":2,"18":0,"19":2,"20":2,"21":14,"22":2,"23":2,"24":2,"25":1,"26":1,"27":1,"28":2,"29":1,"30":1,"31":1,"32":1,"33":1,"34":1,"35":1,"36":1,"37":1,"38":1,"39":1,"40":1,"41":1,"42":1,"43":4,"44":12,"45":2,"46":8,"47":24,"48":1,"49":1},"f":{"0":0,"1":2,"2":4,"3":2,"4":14,"5":2,"6":4,"7":12,"8":2,"9":8,"10":24},"b":{"0":[2,2],"1":[1,1],"2":[0,2],"3":[2,0],"4":[2,0],"5":[1,1],"6":[1,0],"7":[6,6],"8":[4,2],"9":[6,4],"10":[3,1]},"inputSourceMap":{"0":"{","1":"\"","2":"v","3":"e","4":"r","5":"s","6":"i","7":"o","8":"n","9":"\"","10":":","11":"3","12":",","13":"\"","14":"s","15":"o","16":"u","17":"r","18":"c","19":"e","20":"s","21":"\"","22":":","23":"[","24":"\"","25":"C","26":":","27":"\\","28":"\\","29":"U","30":"s","31":"e","32":"r","33":"s","34":"\\","35":"\\","36":"a","37":"n","38":"g","39":"j","40":"e","41":"\\","42":"\\","43":"O","44":"n","45":"e","46":"D","47":"r","48":"i","49":"v","50":"e","51":"\\","52":"\\","53":"D","54":"e","55":"s","56":"k","57":"t","58":"o","59":"p","60":"\\","61":"\\","62":"w","63":"o","64":"r","65":"k","66":"\\","67":"\\","68":"c","69":"u","70":"s","71":"t","72":"o","73":"m","74":"e","75":"r","76":"-","77":"t","78":"r","79":"a","80":"n","81":"s","82":"a","83":"c","84":"t","85":"i","86":"o","87":"n","88":"-","89":"d","90":"a","91":"s","92":"h","93":"b","94":"o","95":"a","96":"r","97":"d","98":"\\","99":"\\","100":"c","101":"l","102":"i","103":"e","104":"n","105":"t","106":"\\","107":"\\","108":"s","109":"r","110":"c","111":"\\","112":"\\","113":"c","114":"o","115":"m","116":"p","117":"o","118":"n","119":"e","120":"n","121":"t","122":"s","123":"\\","124":"\\","125":"c","126":"o","127":"m","128":"m","129":"o","130":"n","131":"\\","132":"\\","133":"T","134":"a","135":"b","136":"l","137":"e","138":"C","139":"o","140":"m","141":"p","142":"o","143":"n","144":"e","145":"n","146":"t","147":".","148":"v","149":"u","150":"e","151":"\"","152":"]","153":",","154":"\"","155":"n","156":"a","157":"m","158":"e","159":"s","160":"\"","161":":","162":"[","163":"]","164":",","165":"\"","166":"m","167":"a","168":"p","169":"p","170":"i","171":"n","172":"g","173":"s","174":"\"","175":":","176":"\"","177":";","178":";","179":";","180":";","181":";","182":";","183":"A","184":"A","185":"4","186":"D","187":"A","188":";","189":"A","190":"A","191":"Y","192":"A","193":",","194":"k","195":"B","196":"A","197":"A","198":"e","199":",","200":"y","201":"B","202":"A","203":"A","204":"e","205":",","206":"E","207":"A","208":"A","209":"C","210":";","211":"E","212":"A","213":"C","214":"7","215":"B","216":",","217":"I","218":"A","219":"A","220":"I","221":",","222":"E","223":"A","224":"A","225":"E","226":",","227":"g","228":"B","229":"A","230":"A","231":"g","232":"B","233":";","234":"E","235":"A","236":"C","237":"t","238":"B","239":",","240":"K","241":"A","242":"A","243":"K","244":",","245":"E","246":"A","247":"A","248":"E","249":";","250":"I","251":"A","252":"C","253":"L","254":",","255":"O","256":"A","257":"A","258":"O","259":",","260":"E","261":"A","262":"A","263":"E","264":";","265":"M","266":"A","267":"C","268":"P","269":",","270":"I","271":"A","272":"A","273":"I","274":",","275":"E","276":"A","277":"A","278":"E","279":",","280":"K","281":"A","282":"A","283":"g","284":"C","285":";","286":"M","287":"A","288":"C","289":"t","290":"C","291":",","292":"Q","293":"A","294":"A","295":"Q","296":",","297":"E","298":"A","299":"A","300":"E","301":";","302":"K","303":"A","304":"C","305":"X","306":";","307":"I","308":"A","309":"C","310":"D","311":",","312":"I","313":"A","314":"A","315":"I","316":",","317":"E","318":"A","319":"A","320":"E","321":";","322":"M","323":"A","324":"C","325":"J","326":",","327":"I","328":"A","329":"A","330":"I","331":",","332":"E","333":"A","334":"A","335":"E","336":",","337":"K","338":"A","339":"A","340":"8","341":"B","342":";","343":"M","344":"A","345":"C","346":"p","347":"C","348":",","349":"Q","350":"A","351":"A","352":"Q","353":",","354":"E","355":"A","356":"A","357":"E","358":";","359":"K","360":"A","361":"C","362":"X","363":";","364":"I","365":"A","366":"C","367":"D","368":",","369":"e","370":"A","371":"A","372":"e","373":",","374":"E","375":"A","376":"A","377":"E","378":";","379":"M","380":"A","381":"C","382":"f","383":",","384":"I","385":"A","386":"A","387":"I","388":",","389":"E","390":"A","391":"A","392":"E","393":",","394":"K","395":"A","396":"A","397":"2","398":"B","399":";","400":"M","401":"A","402":"C","403":"j","404":"C","405":",","406":"O","407":"A","408":"A","409":"O","410":",","411":"E","412":"A","413":"A","414":"E","415":";","416":"Q","417":"A","418":"A","419":"M","420":",","421":"S","422":"A","423":"A","424":"E","425":";","426":"M","427":"A","428":"A","429":"F","430":";","431":";","432":"G","433":"A","434":"E","435":"l","436":"B","437":";","438":"E","439":"A","440":"C","441":"D","442":",","443":"K","444":"A","445":"A","446":"K","447":",","448":"E","449":"A","450":"A","451":"L","452":",","453":"U","454":"A","455":"A","456":"M","457":",","458":"K","459":"A","460":"A","461":"K","462":";","463":"I","464":"A","465":"C","466":"T","467":",","468":"I","469":"A","470":"A","471":"M","472":",","473":"U","474":"A","475":"A","476":"U","477":",","478":"G","479":"A","480":"A","481":"G","482":",","483":"a","484":"A","485":"A","486":"G","487":",","488":"E","489":"A","490":"A","491":"g","492":"B","493":",","494":"I","495":"A","496":"A","497":"I","498":",","499":"C","500":"A","501":"A","502":"C","503":";","504":"I","505":"A","506":"C","507":"3","508":"C","509":",","510":"I","511":"A","512":"A","513":"M","514":",","515":"a","516":"A","517":"A","518":"a","519":",","520":"G","521":"A","522":"A","523":"G","524":",","525":"a","526":"A","527":"A","528":"G","529":",","530":"E","531":"A","532":"A","533":"i","534":"B","535":",","536":"K","537":"A","538":"A","539":"K","540":",","541":"C","542":"A","543":"A","544":"C","545":";","546":"I","547":"A","548":"E","549":"h","550":"D","551":",","552":"I","553":"A","554":"A","555":"M","556":",","557":"U","558":"A","559":"A","560":"U","561":",","562":"G","563":"A","564":"A","565":"G","566":",","567":"k","568":"B","569":"A","570":"A","571":"Q","572":",","573":"E","574":"A","575":"A","576":"C","577":";","578":"M","579":"A","580":"C","581":"1","582":"B","583":",","584":"I","585":"A","586":"A","587":"I","588":",","589":"U","590":"A","591":"A","592":"U","593":",","594":"C","595":"A","596":"A","597":"C","598":",","599":"K","600":"A","601":"A","602":"K","603":",","604":"E","605":"A","606":"A","607":"E","608":";","609":"Q","610":"A","611":"C","612":"p","613":"B","614":",","615":"I","616":"A","617":"A","618":"M","619":",","620":"K","621":"A","622":"A","623":"G","624":",","625":"G","626":"A","627":"A","628":"G","629":",","630":"U","631":"A","632":"A","633":"U","634":",","635":"C","636":"A","637":"A","638":"C","639":",","640":"K","641":"A","642":"A","643":"K","644":";","645":"Q","646":"A","647":"C","648":"5","649":"B","650":",","651":"I","652":"A","653":"A","654":"M","655":",","656":"W","657":"A","658":"A","659":"S","660":",","661":"G","662":"A","663":"A","664":"G","665":",","666":"a","667":"A","668":"A","669":"a","670":",","671":"C","672":"A","673":"A","674":"C","675":",","676":"K","677":"A","678":"A","679":"K","680":",","681":"K","682":"A","683":"A","684":"K","685":",","686":"K","687":"A","688":"A","689":"K","690":",","691":"G","692":"A","693":"A","694":"G","695":",","696":"C","697":"A","698":"A","699":"C","700":",","701":"G","702":"A","703":"A","704":"G","705":",","706":"C","707":"A","708":"A","709":"C","710":",","711":"C","712":"A","713":"A","714":"C","715":";","716":"Q","717":"A","718":"C","719":"x","720":"D","721":",","722":"O","723":"A","724":"A","725":"O","726":",","727":"+","728":"B","729":"A","730":"A","731":"I","732":",","733":"K","734":"A","735":"A","736":"K","737":",","738":"C","739":"A","740":"A","741":"C","742":",","743":"I","744":"A","745":"A","746":"I","747":",","748":"Q","749":"A","750":"A","751":"E","752":",","753":"I","754":"A","755":"A","756":"I","757":",","758":"C","759":"A","760":"A","761":"C","762":",","763":"U","764":"A","765":"A","766":"C","767":",","768":"C","769":"A","770":"A","771":"C","772":",","773":"E","774":"A","775":"A","776":"E","777":",","778":"C","779":"A","780":"A","781":"C","782":";","783":"U","784":"A","785":"C","786":"/","787":"B","788":",","789":"I","790":"A","791":"A","792":"M","793":",","794":"M","795":"A","796":"A","797":"M","798":",","799":"G","800":"A","801":"A","802":"G","803":",","804":"C","805":"A","806":"A","807":"C","808":",","809":"C","810":"A","811":"A","812":"C","813":",","814":"K","815":"A","816":"A","817":"G","818":",","819":"C","820":"A","821":"A","822":"C","823":";","824":"U","825":"A","826":"C","827":"r","828":"B","829":",","830":"I","831":"A","832":"A","833":"M","834":",","835":"M","836":"A","837":"A","838":"M","839":",","840":"G","841":"A","842":"A","843":"G","844":",","845":"C","846":"A","847":"A","848":"C","849":",","850":"C","851":"A","852":"A","853":"C","854":",","855":"K","856":"A","857":"A","858":"G","859":",","860":"C","861":"A","862":"A","863":"C","864":";","865":"U","866":"A","867":"C","868":"r","869":"B","870":",","871":"I","872":"A","873":"A","874":"I","875":",","876":"M","877":"A","878":"A","879":"M","880":",","881":"G","882":"A","883":"A","884":"G","885":",","886":"M","887":"A","888":"A","889":"M","890":",","891":"E","892":"A","893":"A","894":"E","895":",","896":"O","897":"A","898":"A","899":"O","900":",","901":"C","902":"A","903":"A","904":"C","905":",","906":"C","907":"A","908":"A","909":"C","910":",","911":"G","912":"A","913":"A","914":"G","915":",","916":"W","917":"A","918":"A","919":"S","920":";","921":"U","922":"A","923":"C","924":"1","925":"C","926":",","927":"I","928":"A","929":"A","930":"I","931":",","932":"M","933":"A","934":"A","935":"M","936":",","937":"G","938":"A","939":"A","940":"G","941":",","942":"M","943":"A","944":"A","945":"M","946":",","947":"E","948":"A","949":"A","950":"E","951":",","952":"O","953":"A","954":"A","955":"O","956":",","957":"C","958":"A","959":"A","960":"C","961":",","962":"G","963":"A","964":"A","965":"G","966":",","967":"W","968":"A","969":"A","970":"S","971":";","972":"U","973":"A","974":"C","975":"z","976":"C","977":",","978":"O","979":"A","980":"A","981":"O","982":",","983":"C","984":"A","985":"A","986":"C","987":";","988":"Q","989":"A","990":"C","991":"V","992":",","993":"C","994":"A","995":"A","996":"C","997":",","998":"C","999":"A","1000":"A","1001":"C","1002":";","1003":";","1004":"M","1005":"A","1006":"E","1007":"J","1008":",","1009":"O","1010":"A","1011":"A","1012":"O","1013":",","1014":"K","1015":"A","1016":"A","1017":"K","1018":",","1019":"C","1020":"A","1021":"A","1022":"C","1023":",","1024":"I","1025":"A","1026":"A","1027":"I","1028":";","1029":"I","1030":"A","1031":"C","1032":"n","1033":"B","1034":",","1035":"C","1036":"A","1037":"A","1038":"C","1039":",","1040":"C","1041":"A","1042":"A","1043":"C","1044":";","1045":"I","1046":"A","1047":"E","1048":"F","1049":",","1050":"I","1051":"A","1052":"A","1053":"M","1054":",","1055":"U","1056":"A","1057":"A","1058":"U","1059":",","1060":"G","1061":"A","1062":"A","1063":"G","1064":",","1065":"U","1066":"A","1067":"A","1068":"C","1069":",","1070":"S","1071":"A","1072":"A","1073":"i","1074":"B","1075":";","1076":"M","1077":"A","1078":"C","1079":"n","1080":"C","1081":",","1082":"O","1083":"A","1084":"A","1085":"O","1086":",","1087":"K","1088":"A","1089":"A","1090":"K","1091":",","1092":"C","1093":"A","1094":"A","1095":"C","1096":",","1097":"e","1098":"A","1099":"A","1100":"e","1101":",","1102":"C","1103":"A","1104":"A","1105":"C","1106":",","1107":"Q","1108":"A","1109":"A","1110":"Q","1111":",","1112":"C","1113":"A","1114":"A","1115":"C","1116":",","1117":"S","1118":"A","1119":"A","1120":"S","1121":",","1122":"C","1123":"A","1124":"A","1125":"C","1126":",","1127":"C","1128":"A","1129":"A","1130":"C","1131":",","1132":"C","1133":"A","1134":"A","1135":"C","1136":";","1137":"I","1138":"A","1139":"C","1140":"p","1141":"D","1142":",","1143":"C","1144":"A","1145":"A","1146":"C","1147":";","1148":";","1149":"I","1150":"A","1151":"E","1152":"D","1153":",","1154":"I","1155":"A","1156":"A","1157":"M","1158":",","1159":"Q","1160":"A","1161":"A","1162":"Q","1163":",","1164":"G","1165":"A","1166":"A","1167":"G","1168":",","1169":"U","1170":"A","1171":"A","1172":"C","1173":",","1174":"S","1175":"A","1176":"A","1177":"i","1178":"B","1179":";","1180":"M","1181":"A","1182":"C","1183":"j","1184":"C","1185":",","1186":"I","1187":"A","1188":"A","1189":"I","1190":",","1191":"U","1192":"A","1193":"A","1194":"U","1195":",","1196":"C","1197":"A","1198":"A","1199":"C","1200":",","1201":"S","1202":"A","1203":"A","1204":"S","1205":",","1206":"C","1207":"A","1208":"A","1209":"C","1210":",","1211":"E","1212":"A","1213":"A","1214":"E","1215":";","1216":"Q","1217":"A","1218":"A","1219":"E","1220":";","1221":"Q","1222":"A","1223":"C","1224":"3","1225":"B","1226":",","1227":"I","1228":"A","1229":"A","1230":"I","1231":",","1232":"U","1233":"A","1234":"A","1235":"U","1236":",","1237":"C","1238":"A","1239":"A","1240":"C","1241":",","1242":"K","1243":"A","1244":"A","1245":"K","1246":",","1247":"K","1248":"A","1249":"A","1250":"K","1251":",","1252":"S","1253":"A","1254":"A","1255":"S","1256":",","1257":"E","1258":"A","1259":"A","1260":"E","1261":";","1262":"U","1263":"A","1264":"C","1265":"l","1266":"C","1267":";","1268":"U","1269":"A","1270":"C","1271":"A","1272":",","1273":"a","1274":"A","1275":"A","1276":"a","1277":",","1278":"C","1279":"A","1280":"A","1281":"C","1282":",","1283":"K","1284":"A","1285":"A","1286":"K","1287":",","1288":"G","1289":"A","1290":"A","1291":"G","1292":",","1293":"a","1294":"A","1295":"A","1296":"a","1297":",","1298":"C","1299":"A","1300":"A","1301":"C","1302":",","1303":"K","1304":"A","1305":"A","1306":"K","1307":",","1308":"K","1309":"A","1310":"A","1311":"K","1312":",","1313":"K","1314":"A","1315":"A","1316":"K","1317":",","1318":"G","1319":"A","1320":"A","1321":"G","1322":",","1323":"M","1324":"A","1325":"A","1326":"M","1327":",","1328":"G","1329":"A","1330":"A","1331":"G","1332":",","1333":"K","1334":"A","1335":"A","1336":"K","1337":";","1338":"S","1339":"A","1340":"C","1341":"r","1342":"E","1343":",","1344":"M","1345":"A","1346":"A","1347":"M","1348":";","1349":"U","1350":"A","1351":"C","1352":"L","1353":";","1354":"U","1355":"A","1356":"C","1357":"A","1358":",","1359":"U","1360":"A","1361":"A","1362":"U","1363":",","1364":"C","1365":"A","1366":"A","1367":"C","1368":",","1369":"K","1370":"A","1371":"A","1372":"K","1373":",","1374":"G","1375":"A","1376":"A","1377":"G","1378":",","1379":"S","1380":"A","1381":"A","1382":"S","1383":";","1384":"U","1385":"A","1386":"C","1387":"5","1388":"B","1389":",","1390":"a","1391":"A","1392":"A","1393":"a","1394":",","1395":"C","1396":"A","1397":"A","1398":"C","1399":",","1400":"K","1401":"A","1402":"A","1403":"K","1404":",","1405":"G","1406":"A","1407":"A","1408":"G","1409":",","1410":"K","1411":"A","1412":"A","1413":"K","1414":";","1415":";","1416":";","1417":"I","1418":"A","1419":"G","1420":"j","1421":"C","1422":",","1423":"C","1424":"A","1425":"A","1426":"C","1427":";","1428":"I","1429":"A","1430":"E","1431":"D","1432":",","1433":"O","1434":"A","1435":"A","1436":"O","1437":";","1438":"M","1439":"A","1440":"C","1441":"L","1442":",","1443":"U","1444":"A","1445":"A","1446":"U","1447":";","1448":"M","1449":"A","1450":"C","1451":"V","1452":",","1453":"a","1454":"A","1455":"A","1456":"a","1457":";","1458":"M","1459":"A","1460":"C","1461":"b","1462":",","1463":"U","1464":"A","1465":"A","1466":"U","1467":";","1468":"M","1469":"A","1470":"C","1471":"V","1472":",","1473":"U","1474":"A","1475":"A","1476":"U","1477":";","1478":"M","1479":"A","1480":"C","1481":"V","1482":",","1483":"Q","1484":"A","1485":"A","1486":"Q","1487":";","1488":"K","1489":"A","1490":"C","1491":"T","1492":";","1493":"E","1494":"A","1495":"C","1496":"H","1497":";","1498":"C","1499":"A","1500":"C","1501":"D","1502":",","1503":"C","1504":"A","1505":"A","1506":"C","1507":"\"","1508":",","1509":"\"","1510":"f","1511":"i","1512":"l","1513":"e","1514":"\"","1515":":","1516":"\"","1517":"C","1518":":","1519":"\\","1520":"\\","1521":"U","1522":"s","1523":"e","1524":"r","1525":"s","1526":"\\","1527":"\\","1528":"a","1529":"n","1530":"g","1531":"j","1532":"e","1533":"\\","1534":"\\","1535":"O","1536":"n","1537":"e","1538":"D","1539":"r","1540":"i","1541":"v","1542":"e","1543":"\\","1544":"\\","1545":"D","1546":"e","1547":"s","1548":"k","1549":"t","1550":"o","1551":"p","1552":"\\","1553":"\\","1554":"w","1555":"o","1556":"r","1557":"k","1558":"\\","1559":"\\","1560":"c","1561":"u","1562":"s","1563":"t","1564":"o","1565":"m","1566":"e","1567":"r","1568":"-","1569":"t","1570":"r","1571":"a","1572":"n","1573":"s","1574":"a","1575":"c","1576":"t","1577":"i","1578":"o","1579":"n","1580":"-","1581":"d","1582":"a","1583":"s","1584":"h","1585":"b","1586":"o","1587":"a","1588":"r","1589":"d","1590":"\\","1591":"\\","1592":"c","1593":"l","1594":"i","1595":"e","1596":"n","1597":"t","1598":"\\","1599":"\\","1600":"s","1601":"r","1602":"c","1603":"\\","1604":"\\","1605":"c","1606":"o","1607":"m","1608":"p","1609":"o","1610":"n","1611":"e","1612":"n","1613":"t","1614":"s","1615":"\\","1616":"\\","1617":"c","1618":"o","1619":"m","1620":"m","1621":"o","1622":"n","1623":"\\","1624":"\\","1625":"T","1626":"a","1627":"b","1628":"l","1629":"e","1630":"C","1631":"o","1632":"m","1633":"p","1634":"o","1635":"n","1636":"e","1637":"n","1638":"t","1639":".","1640":"v","1641":"u","1642":"e","1643":"\"","1644":",","1645":"\"","1646":"s","1647":"o","1648":"u","1649":"r","1650":"c","1651":"e","1652":"s","1653":"C","1654":"o","1655":"n","1656":"t","1657":"e","1658":"n","1659":"t","1660":"\"","1661":":","1662":"[","1663":"\"","1664":"<","1665":"t","1666":"e","1667":"m","1668":"p","1669":"l","1670":"a","1671":"t","1672":"e","1673":">","1674":"\\","1675":"r","1676":"\\","1677":"n","1678":" ","1679":" ","1680":"<","1681":"d","1682":"i","1683":"v","1684":" ","1685":"c","1686":"l","1687":"a","1688":"s","1689":"s","1690":"=","1691":"\\","1692":"\"","1693":"m","1694":"a","1695":"x","1696":"-","1697":"w","1698":"-","1699":"2","1700":"x","1701":"l","1702":" ","1703":"m","1704":"x","1705":"-","1706":"a","1707":"u","1708":"t","1709":"o","1710":"\\","1711":"\"","1712":">","1713":"\\","1714":"r","1715":"\\","1716":"n","1717":" ","1718":" ","1719":" ","1720":" ","1721":"<","1722":"d","1723":"i","1724":"v","1725":" ","1726":"c","1727":"l","1728":"a","1729":"s","1730":"s","1731":"=","1732":"\\","1733":"\"","1734":"r","1735":"e","1736":"l","1737":"a","1738":"t","1739":"i","1740":"v","1741":"e","1742":" ","1743":"o","1744":"v","1745":"e","1746":"r","1747":"f","1748":"l","1749":"o","1750":"w","1751":"-","1752":"x","1753":"-","1754":"a","1755":"u","1756":"t","1757":"o","1758":" ","1759":"s","1760":"h","1761":"a","1762":"d","1763":"o","1764":"w","1765":"-","1766":"m","1767":"d","1768":" ","1769":"s","1770":"m","1771":":","1772":"r","1773":"o","1774":"u","1775":"n","1776":"d","1777":"e","1778":"d","1779":"-","1780":"l","1781":"g","1782":" ","1783":"b","1784":"g","1785":"-","1786":"w","1787":"h","1788":"i","1789":"t","1790":"e","1791":"\\","1792":"\"","1793":">","1794":"\\","1795":"r","1796":"\\","1797":"n","1798":" ","1799":" ","1800":" ","1801":" ","1802":" ","1803":" ","1804":"<","1805":"d","1806":"i","1807":"v","1808":" ","1809":"c","1810":"l","1811":"a","1812":"s","1813":"s","1814":"=","1815":"\\","1816":"\"","1817":"p","1818":"-","1819":"4","1820":"\\","1821":"\"","1822":">","1823":"\\","1824":"r","1825":"\\","1826":"n","1827":" ","1828":" ","1829":" ","1830":" ","1831":" ","1832":" ","1833":" ","1834":" ","1835":"<","1836":"l","1837":"a","1838":"b","1839":"e","1840":"l","1841":" ","1842":"f","1843":"o","1844":"r","1845":"=","1846":"\\","1847":"\"","1848":"t","1849":"a","1850":"b","1851":"l","1852":"e","1853":"-","1854":"s","1855":"e","1856":"a","1857":"r","1858":"c","1859":"h","1860":"\\","1861":"\"","1862":" ","1863":"c","1864":"l","1865":"a","1866":"s","1867":"s","1868":"=","1869":"\\","1870":"\"","1871":"s","1872":"r","1873":"-","1874":"o","1875":"n","1876":"l","1877":"y","1878":"\\","1879":"\"","1880":">","1881":"S","1882":"e","1883":"a","1884":"r","1885":"c","1886":"h","1887":"<","1888":"/","1889":"l","1890":"a","1891":"b","1892":"e","1893":"l","1894":">","1895":"\\","1896":"r","1897":"\\","1898":"n","1899":" ","1900":" ","1901":" ","1902":" ","1903":" ","1904":" ","1905":" ","1906":" ","1907":"<","1908":"d","1909":"i","1910":"v","1911":" ","1912":"c","1913":"l","1914":"a","1915":"s","1916":"s","1917":"=","1918":"\\","1919":"\"","1920":"r","1921":"e","1922":"l","1923":"a","1924":"t","1925":"i","1926":"v","1927":"e","1928":" ","1929":"m","1930":"t","1931":"-","1932":"1","1933":"\\","1934":"\"","1935":">","1936":"\\","1937":"r","1938":"\\","1939":"n","1940":" ","1941":" ","1942":" ","1943":" ","1944":" ","1945":" ","1946":" ","1947":" ","1948":" ","1949":" ","1950":"<","1951":"d","1952":"i","1953":"v","1954":" ","1955":"c","1956":"l","1957":"a","1958":"s","1959":"s","1960":"=","1961":"\\","1962":"\"","1963":"a","1964":"b","1965":"s","1966":"o","1967":"l","1968":"u","1969":"t","1970":"e","1971":" ","1972":"i","1973":"n","1974":"s","1975":"e","1976":"t","1977":"-","1978":"y","1979":"-","1980":"0","1981":" ","1982":"l","1983":"e","1984":"f","1985":"t","1986":"-","1987":"0","1988":" ","1989":"f","1990":"l","1991":"e","1992":"x","1993":" ","1994":"i","1995":"t","1996":"e","1997":"m","1998":"s","1999":"-","2000":"c","2001":"e","2002":"n","2003":"t","2004":"e","2005":"r","2006":" ","2007":"p","2008":"l","2009":"-","2010":"3","2011":" ","2012":"p","2013":"o","2014":"i","2015":"n","2016":"t","2017":"e","2018":"r","2019":"-","2020":"e","2021":"v","2022":"e","2023":"n","2024":"t","2025":"s","2026":"-","2027":"n","2028":"o","2029":"n","2030":"e","2031":"\\","2032":"\"","2033":">","2034":"\\","2035":"r","2036":"\\","2037":"n","2038":" ","2039":" ","2040":" ","2041":" ","2042":" ","2043":" ","2044":" ","2045":" ","2046":" ","2047":" ","2048":" ","2049":" ","2050":"<","2051":"s","2052":"v","2053":"g","2054":"\\","2055":"r","2056":"\\","2057":"n","2058":" ","2059":" ","2060":" ","2061":" ","2062":" ","2063":" ","2064":" ","2065":" ","2066":" ","2067":" ","2068":" ","2069":" ","2070":" ","2071":" ","2072":"c","2073":"l","2074":"a","2075":"s","2076":"s","2077":"=","2078":"\\","2079":"\"","2080":"w","2081":"-","2082":"5","2083":" ","2084":"h","2085":"-","2086":"5","2087":" ","2088":"t","2089":"e","2090":"x","2091":"t","2092":"-","2093":"g","2094":"r","2095":"a","2096":"y","2097":"-","2098":"5","2099":"0","2100":"0","2101":"\\","2102":"\"","2103":"\\","2104":"r","2105":"\\","2106":"n","2107":" ","2108":" ","2109":" ","2110":" ","2111":" ","2112":" ","2113":" ","2114":" ","2115":" ","2116":" ","2117":" ","2118":" ","2119":" ","2120":" ","2121":"f","2122":"i","2123":"l","2124":"l","2125":"=","2126":"\\","2127":"\"","2128":"c","2129":"u","2130":"r","2131":"r","2132":"e","2133":"n","2134":"t","2135":"C","2136":"o","2137":"l","2138":"o","2139":"r","2140":"\\","2141":"\"","2142":"\\","2143":"r","2144":"\\","2145":"n","2146":" ","2147":" ","2148":" ","2149":" ","2150":" ","2151":" ","2152":" ","2153":" ","2154":" ","2155":" ","2156":" ","2157":" ","2158":" ","2159":" ","2160":"v","2161":"i","2162":"e","2163":"w","2164":"B","2165":"o","2166":"x","2167":"=","2168":"\\","2169":"\"","2170":"0","2171":" ","2172":"0","2173":" ","2174":"2","2175":"0","2176":" ","2177":"2","2178":"0","2179":"\\","2180":"\"","2181":"\\","2182":"r","2183":"\\","2184":"n","2185":" ","2186":" ","2187":" ","2188":" ","2189":" ","2190":" ","2191":" ","2192":" ","2193":" ","2194":" ","2195":" ","2196":" ","2197":" ","2198":" ","2199":"x","2200":"m","2201":"l","2202":"n","2203":"s","2204":"=","2205":"\\","2206":"\"","2207":"h","2208":"t","2209":"t","2210":"p","2211":":","2212":"/","2213":"/","2214":"w","2215":"w","2216":"w","2217":".","2218":"w","2219":"3","2220":".","2221":"o","2222":"r","2223":"g","2224":"/","2225":"2","2226":"0","2227":"0","2228":"0","2229":"/","2230":"s","2231":"v","2232":"g","2233":"\\","2234":"\"","2235":"\\","2236":"r","2237":"\\","2238":"n","2239":" ","2240":" ","2241":" ","2242":" ","2243":" ","2244":" ","2245":" ","2246":" ","2247":" ","2248":" ","2249":" ","2250":" ","2251":">","2252":"\\","2253":"r","2254":"\\","2255":"n","2256":" ","2257":" ","2258":" ","2259":" ","2260":" ","2261":" ","2262":" ","2263":" ","2264":" ","2265":" ","2266":" ","2267":" ","2268":" ","2269":" ","2270":"<","2271":"p","2272":"a","2273":"t","2274":"h","2275":"\\","2276":"r","2277":"\\","2278":"n","2279":" ","2280":" ","2281":" ","2282":" ","2283":" ","2284":" ","2285":" ","2286":" ","2287":" ","2288":" ","2289":" ","2290":" ","2291":" ","2292":" ","2293":" ","2294":" ","2295":"f","2296":"i","2297":"l","2298":"l","2299":"-","2300":"r","2301":"u","2302":"l","2303":"e","2304":"=","2305":"\\","2306":"\"","2307":"e","2308":"v","2309":"e","2310":"n","2311":"o","2312":"d","2313":"d","2314":"\\","2315":"\"","2316":"\\","2317":"r","2318":"\\","2319":"n","2320":" ","2321":" ","2322":" ","2323":" ","2324":" ","2325":" ","2326":" ","2327":" ","2328":" ","2329":" ","2330":" ","2331":" ","2332":" ","2333":" ","2334":" ","2335":" ","2336":"d","2337":"=","2338":"\\","2339":"\"","2340":"M","2341":"8","2342":" ","2343":"4","2344":"a","2345":"4","2346":" ","2347":"4","2348":" ","2349":"0","2350":" ","2351":"1","2352":"0","2353":"0","2354":" ","2355":"8","2356":" ","2357":"4","2358":" ","2359":"4","2360":" ","2361":"0","2362":" ","2363":"0","2364":"0","2365":"0","2366":"-","2367":"8","2368":"z","2369":"M","2370":"2","2371":" ","2372":"8","2373":"a","2374":"6","2375":" ","2376":"6","2377":" ","2378":"0","2379":" ","2380":"1","2381":"1","2382":"1","2383":"0","2384":".","2385":"8","2386":"9","2387":" ","2388":"3","2389":".","2390":"4","2391":"7","2392":"6","2393":"l","2394":"4","2395":".","2396":"8","2397":"1","2398":"7","2399":" ","2400":"4","2401":".","2402":"8","2403":"1","2404":"7","2405":"a","2406":"1","2407":" ","2408":"1","2409":" ","2410":"0","2411":" ","2412":"0","2413":"1","2414":"-","2415":"1","2416":".","2417":"4","2418":"1","2419":"4","2420":" ","2421":"1","2422":".","2423":"4","2424":"1","2425":"4","2426":"l","2427":"-","2428":"4","2429":".","2430":"8","2431":"1","2432":"6","2433":"-","2434":"4","2435":".","2436":"8","2437":"1","2438":"6","2439":"A","2440":"6","2441":" ","2442":"6","2443":" ","2444":"0","2445":" ","2446":"0","2447":"1","2448":"2","2449":" ","2450":"8","2451":"z","2452":"\\","2453":"\"","2454":"\\","2455":"r","2456":"\\","2457":"n","2458":" ","2459":" ","2460":" ","2461":" ","2462":" ","2463":" ","2464":" ","2465":" ","2466":" ","2467":" ","2468":" ","2469":" ","2470":" ","2471":" ","2472":" ","2473":" ","2474":"c","2475":"l","2476":"i","2477":"p","2478":"-","2479":"r","2480":"u","2481":"l","2482":"e","2483":"=","2484":"\\","2485":"\"","2486":"e","2487":"v","2488":"e","2489":"n","2490":"o","2491":"d","2492":"d","2493":"\\","2494":"\"","2495":"\\","2496":"r","2497":"\\","2498":"n","2499":" ","2500":" ","2501":" ","2502":" ","2503":" ","2504":" ","2505":" ","2506":" ","2507":" ","2508":" ","2509":" ","2510":" ","2511":" ","2512":" ","2513":">","2514":"<","2515":"/","2516":"p","2517":"a","2518":"t","2519":"h","2520":">","2521":"\\","2522":"r","2523":"\\","2524":"n","2525":" ","2526":" ","2527":" ","2528":" ","2529":" ","2530":" ","2531":" ","2532":" ","2533":" ","2534":" ","2535":" ","2536":" ","2537":"<","2538":"/","2539":"s","2540":"v","2541":"g","2542":">","2543":"\\","2544":"r","2545":"\\","2546":"n","2547":" ","2548":" ","2549":" ","2550":" ","2551":" ","2552":" ","2553":" ","2554":" ","2555":" ","2556":" ","2557":"<","2558":"/","2559":"d","2560":"i","2561":"v","2562":">","2563":"\\","2564":"r","2565":"\\","2566":"n","2567":" ","2568":" ","2569":" ","2570":" ","2571":" ","2572":" ","2573":" ","2574":" ","2575":" ","2576":" ","2577":"<","2578":"i","2579":"n","2580":"p","2581":"u","2582":"t","2583":"\\","2584":"r","2585":"\\","2586":"n","2587":" ","2588":" ","2589":" ","2590":" ","2591":" ","2592":" ","2593":" ","2594":" ","2595":" ","2596":" ","2597":" ","2598":" ","2599":"t","2600":"y","2601":"p","2602":"e","2603":"=","2604":"\\","2605":"\"","2606":"t","2607":"e","2608":"x","2609":"t","2610":"\\","2611":"\"","2612":"\\","2613":"r","2614":"\\","2615":"n","2616":" ","2617":" ","2618":" ","2619":" ","2620":" ","2621":" ","2622":" ","2623":" ","2624":" ","2625":" ","2626":" ","2627":" ","2628":"i","2629":"d","2630":"=","2631":"\\","2632":"\"","2633":"t","2634":"a","2635":"b","2636":"l","2637":"e","2638":"-","2639":"s","2640":"e","2641":"a","2642":"r","2643":"c","2644":"h","2645":"\\","2646":"\"","2647":"\\","2648":"r","2649":"\\","2650":"n","2651":" ","2652":" ","2653":" ","2654":" ","2655":" ","2656":" ","2657":" ","2658":" ","2659":" ","2660":" ","2661":" ","2662":" ","2663":"c","2664":"l","2665":"a","2666":"s","2667":"s","2668":"=","2669":"\\","2670":"\"","2671":"b","2672":"g","2673":"-","2674":"g","2675":"r","2676":"a","2677":"y","2678":"-","2679":"5","2680":"0","2681":" ","2682":"b","2683":"o","2684":"r","2685":"d","2686":"e","2687":"r","2688":" ","2689":"b","2690":"o","2691":"r","2692":"d","2693":"e","2694":"r","2695":"-","2696":"g","2697":"r","2698":"a","2699":"y","2700":"-","2701":"3","2702":"0","2703":"0","2704":" ","2705":"t","2706":"e","2707":"x","2708":"t","2709":"-","2710":"g","2711":"r","2712":"a","2713":"y","2714":"-","2715":"9","2716":"0","2717":"0","2718":" ","2719":"t","2720":"e","2721":"x","2722":"t","2723":"-","2724":"s","2725":"m","2726":" ","2727":"r","2728":"o","2729":"u","2730":"n","2731":"d","2732":"e","2733":"d","2734":"-","2735":"l","2736":"g","2737":" ","2738":"f","2739":"o","2740":"c","2741":"u","2742":"s","2743":":","2744":"r","2745":"i","2746":"n","2747":"g","2748":"-","2749":"b","2750":"l","2751":"u","2752":"e","2753":"-","2754":"5","2755":"0","2756":"0","2757":" ","2758":"f","2759":"o","2760":"c","2761":"u","2762":"s","2763":":","2764":"b","2765":"o","2766":"r","2767":"d","2768":"e","2769":"r","2770":"-","2771":"b","2772":"l","2773":"u","2774":"e","2775":"-","2776":"5","2777":"0","2778":"0","2779":" ","2780":"b","2781":"l","2782":"o","2783":"c","2784":"k","2785":" ","2786":"w","2787":"-","2788":"8","2789":"0","2790":" ","2791":"p","2792":"l","2793":"-","2794":"1","2795":"0","2796":" ","2797":"p","2798":"-","2799":"2","2800":".","2801":"5","2802":"\\","2803":"\"","2804":"\\","2805":"r","2806":"\\","2807":"n","2808":" ","2809":" ","2810":" ","2811":" ","2812":" ","2813":" ","2814":" ","2815":" ","2816":" ","2817":" ","2818":" ","2819":" ","2820":"p","2821":"l","2822":"a","2823":"c","2824":"e","2825":"h","2826":"o","2827":"l","2828":"d","2829":"e","2830":"r","2831":"=","2832":"\\","2833":"\"","2834":"S","2835":"e","2836":"a","2837":"r","2838":"c","2839":"h","2840":" ","2841":"f","2842":"o","2843":"r","2844":" ","2845":"i","2846":"t","2847":"e","2848":"m","2849":"s","2850":"\\","2851":"\"","2852":"\\","2853":"r","2854":"\\","2855":"n","2856":" ","2857":" ","2858":" ","2859":" ","2860":" ","2861":" ","2862":" ","2863":" ","2864":" ","2865":" ","2866":">","2867":"\\","2868":"r","2869":"\\","2870":"n","2871":" ","2872":" ","2873":" ","2874":" ","2875":" ","2876":" ","2877":" ","2878":" ","2879":"<","2880":"/","2881":"d","2882":"i","2883":"v","2884":">","2885":"\\","2886":"r","2887":"\\","2888":"n","2889":" ","2890":" ","2891":" ","2892":" ","2893":" ","2894":" ","2895":"<","2896":"/","2897":"d","2898":"i","2899":"v","2900":">","2901":"\\","2902":"r","2903":"\\","2904":"n","2905":" ","2906":" ","2907":" ","2908":" ","2909":" ","2910":" ","2911":"<","2912":"t","2913":"a","2914":"b","2915":"l","2916":"e","2917":" ","2918":"c","2919":"l","2920":"a","2921":"s","2922":"s","2923":"=","2924":"\\","2925":"\"","2926":"w","2927":"-","2928":"f","2929":"u","2930":"l","2931":"l","2932":" ","2933":"t","2934":"e","2935":"x","2936":"t","2937":"-","2938":"s","2939":"m","2940":" ","2941":"t","2942":"e","2943":"x","2944":"t","2945":"-","2946":"l","2947":"e","2948":"f","2949":"t","2950":"\\","2951":"\"","2952":">","2953":"\\","2954":"r","2955":"\\","2956":"n","2957":" ","2958":" ","2959":" ","2960":" ","2961":" ","2962":" ","2963":" ","2964":" ","2965":"<","2966":"t","2967":"h","2968":"e","2969":"a","2970":"d","2971":" ","2972":"c","2973":"l","2974":"a","2975":"s","2976":"s","2977":"=","2978":"\\","2979":"\"","2980":"t","2981":"e","2982":"x","2983":"t","2984":"-","2985":"x","2986":"s","2987":" ","2988":"u","2989":"p","2990":"p","2991":"e","2992":"r","2993":"c","2994":"a","2995":"s","2996":"e","2997":" ","2998":"b","2999":"g","3000":"-","3001":"g","3002":"r","3003":"a","3004":"y","3005":"-","3006":"1","3007":"0","3008":"0","3009":"\\","3010":"\"","3011":">","3012":"\\","3013":"r","3014":"\\","3015":"n","3016":" ","3017":" ","3018":" ","3019":" ","3020":" ","3021":" ","3022":" ","3023":" ","3024":" ","3025":" ","3026":"<","3027":"t","3028":"r","3029":">","3030":"\\","3031":"r","3032":"\\","3033":"n","3034":" ","3035":" ","3036":" ","3037":" ","3038":" ","3039":" ","3040":" ","3041":" ","3042":" ","3043":" ","3044":" ","3045":" ","3046":"<","3047":"t","3048":"h","3049":"\\","3050":"r","3051":"\\","3052":"n","3053":" ","3054":" ","3055":" ","3056":" ","3057":" ","3058":" ","3059":" ","3060":" ","3061":" ","3062":" ","3063":" ","3064":" ","3065":" ","3066":" ","3067":"v","3068":"-","3069":"f","3070":"o","3071":"r","3072":"=","3073":"\\","3074":"\"","3075":"c","3076":"o","3077":"l","3078":"u","3079":"m","3080":"n","3081":" ","3082":"i","3083":"n","3084":" ","3085":"c","3086":"o","3087":"l","3088":"u","3089":"m","3090":"n","3091":"s","3092":"\\","3093":"\"","3094":"\\","3095":"r","3096":"\\","3097":"n","3098":" ","3099":" ","3100":" ","3101":" ","3102":" ","3103":" ","3104":" ","3105":" ","3106":" ","3107":" ","3108":" ","3109":" ","3110":" ","3111":" ","3112":":","3113":"k","3114":"e","3115":"y","3116":"=","3117":"\\","3118":"\"","3119":"c","3120":"o","3121":"l","3122":"u","3123":"m","3124":"n","3125":".","3126":"k","3127":"e","3128":"y","3129":"\\","3130":"\"","3131":"\\","3132":"r","3133":"\\","3134":"n","3135":" ","3136":" ","3137":" ","3138":" ","3139":" ","3140":" ","3141":" ","3142":" ","3143":" ","3144":" ","3145":" ","3146":" ","3147":" ","3148":" ","3149":"c","3150":"l","3151":"a","3152":"s","3153":"s","3154":"=","3155":"\\","3156":"\"","3157":"p","3158":"x","3159":"-","3160":"6","3161":" ","3162":"p","3163":"y","3164":"-","3165":"3","3166":" ","3167":"c","3168":"u","3169":"r","3170":"s","3171":"o","3172":"r","3173":"-","3174":"p","3175":"o","3176":"i","3177":"n","3178":"t","3179":"e","3180":"r","3181":"\\","3182":"\"","3183":"\\","3184":"r","3185":"\\","3186":"n","3187":" ","3188":" ","3189":" ","3190":" ","3191":" ","3192":" ","3193":" ","3194":" ","3195":" ","3196":" ","3197":" ","3198":" ","3199":" ","3200":" ","3201":"@","3202":"c","3203":"l","3204":"i","3205":"c","3206":"k","3207":"=","3208":"\\","3209":"\"","3210":"s","3211":"o","3212":"r","3213":"t","3214":"D","3215":"a","3216":"t","3217":"a","3218":"(","3219":"c","3220":"o","3221":"l","3222":"u","3223":"m","3224":"n","3225":".","3226":"k","3227":"e","3228":"y","3229":")","3230":"\\","3231":"\"","3232":"\\","3233":"r","3234":"\\","3235":"n","3236":" ","3237":" ","3238":" ","3239":" ","3240":" ","3241":" ","3242":" ","3243":" ","3244":" ","3245":" ","3246":" ","3247":" ","3248":" ","3249":" ","3250":":","3251":"d","3252":"a","3253":"t","3254":"a","3255":"-","3256":"c","3257":"o","3258":"l","3259":"u","3260":"m","3261":"n","3262":"-","3263":"k","3264":"e","3265":"y","3266":"=","3267":"\\","3268":"\"","3269":"c","3270":"o","3271":"l","3272":"u","3273":"m","3274":"n","3275":".","3276":"k","3277":"e","3278":"y","3279":"\\","3280":"\"","3281":"\\","3282":"r","3283":"\\","3284":"n","3285":" ","3286":" ","3287":" ","3288":" ","3289":" ","3290":" ","3291":" ","3292":" ","3293":" ","3294":" ","3295":" ","3296":" ","3297":">","3298":"\\","3299":"r","3300":"\\","3301":"n","3302":" ","3303":" ","3304":" ","3305":" ","3306":" ","3307":" ","3308":" ","3309":" ","3310":" ","3311":" ","3312":" ","3313":" ","3314":" ","3315":" ","3316":"{","3317":"{","3318":" ","3319":"c","3320":"o","3321":"l","3322":"u","3323":"m","3324":"n","3325":".","3326":"l","3327":"a","3328":"b","3329":"e","3330":"l","3331":" ","3332":"}","3333":"}","3334":"\\","3335":"r","3336":"\\","3337":"n","3338":" ","3339":" ","3340":" ","3341":" ","3342":" ","3343":" ","3344":" ","3345":" ","3346":" ","3347":" ","3348":" ","3349":" ","3350":" ","3351":" ","3352":"<","3353":"s","3354":"p","3355":"a","3356":"n","3357":" ","3358":"v","3359":"-","3360":"i","3361":"f","3362":"=","3363":"\\","3364":"\"","3365":"i","3366":"s","3367":"S","3368":"o","3369":"r","3370":"t","3371":"a","3372":"b","3373":"l","3374":"e","3375":"(","3376":"c","3377":"o","3378":"l","3379":"u","3380":"m","3381":"n","3382":".","3383":"k","3384":"e","3385":"y","3386":")","3387":"\\","3388":"\"","3389":">","3390":"\\","3391":"r","3392":"\\","3393":"n","3394":" ","3395":" ","3396":" ","3397":" ","3398":" ","3399":" ","3400":" ","3401":" ","3402":" ","3403":" ","3404":" ","3405":" ","3406":" ","3407":" ","3408":" ","3409":" ","3410":"<","3411":"s","3412":"p","3413":"a","3414":"n","3415":" ","3416":"v","3417":"-","3418":"i","3419":"f","3420":"=","3421":"\\","3422":"\"","3423":"s","3424":"o","3425":"r","3426":"t","3427":"C","3428":"o","3429":"l","3430":"u","3431":"m","3432":"n","3433":" ","3434":"=","3435":"=","3436":"=","3437":" ","3438":"c","3439":"o","3440":"l","3441":"u","3442":"m","3443":"n","3444":".","3445":"k","3446":"e","3447":"y","3448":" ","3449":"|","3450":"|","3451":" ","3452":"!","3453":"s","3454":"o","3455":"r","3456":"t","3457":"C","3458":"o","3459":"l","3460":"u","3461":"m","3462":"n","3463":"\\","3464":"\"","3465":">","3466":"\\","3467":"r","3468":"\\","3469":"n","3470":" ","3471":" ","3472":" ","3473":" ","3474":" ","3475":" ","3476":" ","3477":" ","3478":" ","3479":" ","3480":" ","3481":" ","3482":" ","3483":" ","3484":" ","3485":" ","3486":" ","3487":" ","3488":"<","3489":"s","3490":"p","3491":"a","3492":"n","3493":" ","3494":"v","3495":"-","3496":"i","3497":"f","3498":"=","3499":"\\","3500":"\"","3501":"s","3502":"o","3503":"r","3504":"t","3505":"D","3506":"i","3507":"r","3508":"e","3509":"c","3510":"t","3511":"i","3512":"o","3513":"n","3514":" ","3515":"=","3516":"=","3517":"=","3518":" ","3519":"'","3520":"a","3521":"s","3522":"c","3523":"'","3524":"\\","3525":"\"","3526":">","3527":"▲","3528":"<","3529":"/","3530":"s","3531":"p","3532":"a","3533":"n","3534":">","3535":"\\","3536":"r","3537":"\\","3538":"n","3539":" ","3540":" ","3541":" ","3542":" ","3543":" ","3544":" ","3545":" ","3546":" ","3547":" ","3548":" ","3549":" ","3550":" ","3551":" ","3552":" ","3553":" ","3554":" ","3555":" ","3556":" ","3557":"<","3558":"s","3559":"p","3560":"a","3561":"n","3562":" ","3563":"v","3564":"-","3565":"e","3566":"l","3567":"s","3568":"e","3569":">","3570":"▼","3571":"<","3572":"/","3573":"s","3574":"p","3575":"a","3576":"n","3577":">","3578":"\\","3579":"r","3580":"\\","3581":"n","3582":" ","3583":" ","3584":" ","3585":" ","3586":" ","3587":" ","3588":" ","3589":" ","3590":" ","3591":" ","3592":" ","3593":" ","3594":" ","3595":" ","3596":" ","3597":" ","3598":"<","3599":"/","3600":"s","3601":"p","3602":"a","3603":"n","3604":">","3605":"\\","3606":"r","3607":"\\","3608":"n","3609":" ","3610":" ","3611":" ","3612":" ","3613":" ","3614":" ","3615":" ","3616":" ","3617":" ","3618":" ","3619":" ","3620":" ","3621":" ","3622":" ","3623":"<","3624":"/","3625":"s","3626":"p","3627":"a","3628":"n","3629":">","3630":"\\","3631":"r","3632":"\\","3633":"n","3634":" ","3635":" ","3636":" ","3637":" ","3638":" ","3639":" ","3640":" ","3641":" ","3642":" ","3643":" ","3644":" ","3645":" ","3646":"<","3647":"/","3648":"t","3649":"h","3650":">","3651":"\\","3652":"r","3653":"\\","3654":"n","3655":" ","3656":" ","3657":" ","3658":" ","3659":" ","3660":" ","3661":" ","3662":" ","3663":" ","3664":" ","3665":"<","3666":"/","3667":"t","3668":"r","3669":">","3670":"\\","3671":"r","3672":"\\","3673":"n","3674":" ","3675":" ","3676":" ","3677":" ","3678":" ","3679":" ","3680":" ","3681":" ","3682":"<","3683":"/","3684":"t","3685":"h","3686":"e","3687":"a","3688":"d","3689":">","3690":"\\","3691":"r","3692":"\\","3693":"n","3694":" ","3695":" ","3696":" ","3697":" ","3698":" ","3699":" ","3700":" ","3701":" ","3702":"<","3703":"t","3704":"b","3705":"o","3706":"d","3707":"y","3708":">","3709":"\\","3710":"r","3711":"\\","3712":"n","3713":" ","3714":" ","3715":" ","3716":" ","3717":" ","3718":" ","3719":" ","3720":" ","3721":" ","3722":" ","3723":"<","3724":"t","3725":"r","3726":" ","3727":"v","3728":"-","3729":"f","3730":"o","3731":"r","3732":"=","3733":"\\","3734":"\"","3735":"i","3736":"t","3737":"e","3738":"m","3739":" ","3740":"i","3741":"n","3742":" ","3743":"s","3744":"o","3745":"r","3746":"t","3747":"e","3748":"d","3749":"D","3750":"a","3751":"t","3752":"a","3753":"\\","3754":"\"","3755":" ","3756":":","3757":"k","3758":"e","3759":"y","3760":"=","3761":"\\","3762":"\"","3763":"i","3764":"t","3765":"e","3766":"m","3767":".","3768":"i","3769":"d","3770":"\\","3771":"\"","3772":" ","3773":"c","3774":"l","3775":"a","3776":"s","3777":"s","3778":"=","3779":"\\","3780":"\"","3781":"b","3782":"g","3783":"-","3784":"w","3785":"h","3786":"i","3787":"t","3788":"e","3789":" ","3790":"h","3791":"o","3792":"v","3793":"e","3794":"r","3795":":","3796":"b","3797":"g","3798":"-","3799":"g","3800":"r","3801":"a","3802":"y","3803":"-","3804":"5","3805":"0","3806":"\\","3807":"\"","3808":" ","3809":"i","3810":"d","3811":"=","3812":"\\","3813":"\"","3814":"t","3815":"r","3816":"a","3817":"n","3818":"s","3819":"a","3820":"c","3821":"t","3822":"i","3823":"o","3824":"n","3825":"-","3826":"t","3827":"a","3828":"b","3829":"l","3830":"e","3831":"-","3832":"r","3833":"o","3834":"w","3835":"\\","3836":"\"","3837":">","3838":"\\","3839":"r","3840":"\\","3841":"n","3842":" ","3843":" ","3844":" ","3845":" ","3846":" ","3847":" ","3848":" ","3849":" ","3850":" ","3851":" ","3852":" ","3853":" ","3854":"<","3855":"t","3856":"d","3857":" ","3858":"v","3859":"-","3860":"f","3861":"o","3862":"r","3863":"=","3864":"\\","3865":"\"","3866":"c","3867":"o","3868":"l","3869":"u","3870":"m","3871":"n","3872":" ","3873":"i","3874":"n","3875":" ","3876":"c","3877":"o","3878":"l","3879":"u","3880":"m","3881":"n","3882":"s","3883":"\\","3884":"\"","3885":" ","3886":":","3887":"k","3888":"e","3889":"y","3890":"=","3891":"\\","3892":"\"","3893":"c","3894":"o","3895":"l","3896":"u","3897":"m","3898":"n","3899":".","3900":"k","3901":"e","3902":"y","3903":"\\","3904":"\"","3905":" ","3906":"c","3907":"l","3908":"a","3909":"s","3910":"s","3911":"=","3912":"\\","3913":"\"","3914":"p","3915":"x","3916":"-","3917":"6","3918":" ","3919":"p","3920":"y","3921":"-","3922":"4","3923":"\\","3924":"\"","3925":">","3926":"{","3927":"{","3928":" ","3929":"i","3930":"t","3931":"e","3932":"m","3933":"[","3934":"c","3935":"o","3936":"l","3937":"u","3938":"m","3939":"n","3940":".","3941":"k","3942":"e","3943":"y","3944":"]","3945":" ","3946":"}","3947":"}","3948":"<","3949":"/","3950":"t","3951":"d","3952":">","3953":"\\","3954":"r","3955":"\\","3956":"n","3957":" ","3958":" ","3959":" ","3960":" ","3961":" ","3962":" ","3963":" ","3964":" ","3965":" ","3966":" ","3967":"<","3968":"/","3969":"t","3970":"r","3971":">","3972":"\\","3973":"r","3974":"\\","3975":"n","3976":" ","3977":" ","3978":" ","3979":" ","3980":" ","3981":" ","3982":" ","3983":" ","3984":"<","3985":"/","3986":"t","3987":"b","3988":"o","3989":"d","3990":"y","3991":">","3992":"\\","3993":"r","3994":"\\","3995":"n","3996":" ","3997":" ","3998":" ","3999":" ","4000":" ","4001":" ","4002":"<","4003":"/","4004":"t","4005":"a","4006":"b","4007":"l","4008":"e","4009":">","4010":"\\","4011":"r","4012":"\\","4013":"n","4014":" ","4015":" ","4016":" ","4017":" ","4018":"<","4019":"/","4020":"d","4021":"i","4022":"v","4023":">","4024":"\\","4025":"r","4026":"\\","4027":"n","4028":" ","4029":" ","4030":"<","4031":"/","4032":"d","4033":"i","4034":"v","4035":">","4036":"\\","4037":"r","4038":"\\","4039":"n","4040":"<","4041":"/","4042":"t","4043":"e","4044":"m","4045":"p","4046":"l","4047":"a","4048":"t","4049":"e","4050":">","4051":"\\","4052":"r","4053":"\\","4054":"n","4055":"\\","4056":"r","4057":"\\","4058":"n","4059":"\\","4060":"r","4061":"\\","4062":"n","4063":"<","4064":"s","4065":"c","4066":"r","4067":"i","4068":"p","4069":"t","4070":" ","4071":"l","4072":"a","4073":"n","4074":"g","4075":"=","4076":"\\","4077":"\"","4078":"t","4079":"s","4080":"\\","4081":"\"","4082":">","4083":"\\","4084":"r","4085":"\\","4086":"n","4087":"i","4088":"m","4089":"p","4090":"o","4091":"r","4092":"t","4093":" ","4094":"{","4095":" ","4096":"d","4097":"e","4098":"f","4099":"i","4100":"n","4101":"e","4102":"C","4103":"o","4104":"m","4105":"p","4106":"o","4107":"n","4108":"e","4109":"n","4110":"t","4111":",","4112":" ","4113":"P","4114":"r","4115":"o","4116":"p","4117":"T","4118":"y","4119":"p","4120":"e","4121":",","4122":" ","4123":"c","4124":"o","4125":"m","4126":"p","4127":"u","4128":"t","4129":"e","4130":"d","4131":",","4132":" ","4133":"r","4134":"e","4135":"f","4136":" ","4137":"}","4138":" ","4139":"f","4140":"r","4141":"o","4142":"m","4143":" ","4144":"\\","4145":"\"","4146":"v","4147":"u","4148":"e","4149":"\\","4150":"\"","4151":"\\","4152":"r","4153":"\\","4154":"n","4155":"\\","4156":"r","4157":"\\","4158":"n","4159":"i","4160":"n","4161":"t","4162":"e","4163":"r","4164":"f","4165":"a","4166":"c","4167":"e","4168":" ","4169":"T","4170":"a","4171":"b","4172":"l","4173":"e","4174":"C","4175":"o","4176":"l","4177":"u","4178":"m","4179":"n","4180":" ","4181":"{","4182":"\\","4183":"r","4184":"\\","4185":"n","4186":" ","4187":" ","4188":"k","4189":"e","4190":"y","4191":":","4192":" ","4193":"s","4194":"t","4195":"r","4196":"i","4197":"n","4198":"g","4199":"\\","4200":"r","4201":"\\","4202":"n","4203":" ","4204":" ","4205":"l","4206":"a","4207":"b","4208":"e","4209":"l","4210":":","4211":" ","4212":"s","4213":"t","4214":"r","4215":"i","4216":"n","4217":"g","4218":"\\","4219":"r","4220":"\\","4221":"n","4222":" ","4223":" ","4224":"s","4225":"o","4226":"r","4227":"t","4228":"a","4229":"b","4230":"l","4231":"e","4232":"?","4233":":","4234":" ","4235":"b","4236":"o","4237":"o","4238":"l","4239":"e","4240":"a","4241":"n","4242":" ","4243":"/","4244":"/","4245":" ","4246":"A","4247":"d","4248":"d","4249":" ","4250":"s","4251":"o","4252":"r","4253":"t","4254":"a","4255":"b","4256":"l","4257":"e","4258":" ","4259":"p","4260":"r","4261":"o","4262":"p","4263":"e","4264":"r","4265":"t","4266":"y","4267":" ","4268":"t","4269":"o","4270":" ","4271":"T","4272":"a","4273":"b","4274":"l","4275":"e","4276":"C","4277":"o","4278":"l","4279":"u","4280":"m","4281":"n","4282":" ","4283":"i","4284":"n","4285":"t","4286":"e","4287":"r","4288":"f","4289":"a","4290":"c","4291":"e","4292":"\\","4293":"r","4294":"\\","4295":"n","4296":"}","4297":"\\","4298":"r","4299":"\\","4300":"n","4301":"\\","4302":"r","4303":"\\","4304":"n","4305":"i","4306":"n","4307":"t","4308":"e","4309":"r","4310":"f","4311":"a","4312":"c","4313":"e","4314":" ","4315":"T","4316":"a","4317":"b","4318":"l","4319":"e","4320":"D","4321":"a","4322":"t","4323":"a","4324":" ","4325":"{","4326":"\\","4327":"r","4328":"\\","4329":"n","4330":" ","4331":" ","4332":"[","4333":"k","4334":"e","4335":"y","4336":":","4337":" ","4338":"s","4339":"t","4340":"r","4341":"i","4342":"n","4343":"g","4344":"]","4345":":","4346":" ","4347":"a","4348":"n","4349":"y","4350":"\\","4351":"r","4352":"\\","4353":"n","4354":"}","4355":"\\","4356":"r","4357":"\\","4358":"n","4359":"\\","4360":"r","4361":"\\","4362":"n","4363":"e","4364":"x","4365":"p","4366":"o","4367":"r","4368":"t","4369":" ","4370":"d","4371":"e","4372":"f","4373":"a","4374":"u","4375":"l","4376":"t","4377":" ","4378":"d","4379":"e","4380":"f","4381":"i","4382":"n","4383":"e","4384":"C","4385":"o","4386":"m","4387":"p","4388":"o","4389":"n","4390":"e","4391":"n","4392":"t","4393":"(","4394":"{","4395":"\\","4396":"r","4397":"\\","4398":"n","4399":" ","4400":" ","4401":"n","4402":"a","4403":"m","4404":"e","4405":":","4406":" ","4407":"\\","4408":"\"","4409":"T","4410":"a","4411":"b","4412":"l","4413":"e","4414":"C","4415":"o","4416":"m","4417":"p","4418":"o","4419":"n","4420":"e","4421":"n","4422":"t","4423":"\\","4424":"\"","4425":",","4426":"\\","4427":"r","4428":"\\","4429":"n","4430":" ","4431":" ","4432":"p","4433":"r","4434":"o","4435":"p","4436":"s","4437":":","4438":" ","4439":"{","4440":"\\","4441":"r","4442":"\\","4443":"n","4444":" ","4445":" ","4446":" ","4447":" ","4448":"c","4449":"o","4450":"l","4451":"u","4452":"m","4453":"n","4454":"s","4455":":","4456":" ","4457":"{","4458":"\\","4459":"r","4460":"\\","4461":"n","4462":" ","4463":" ","4464":" ","4465":" ","4466":" ","4467":" ","4468":"t","4469":"y","4470":"p","4471":"e","4472":":","4473":" ","4474":"A","4475":"r","4476":"r","4477":"a","4478":"y","4479":" ","4480":"a","4481":"s","4482":" ","4483":"P","4484":"r","4485":"o","4486":"p","4487":"T","4488":"y","4489":"p","4490":"e","4491":"<","4492":"T","4493":"a","4494":"b","4495":"l","4496":"e","4497":"C","4498":"o","4499":"l","4500":"u","4501":"m","4502":"n","4503":"[","4504":"]","4505":">","4506":",","4507":"\\","4508":"r","4509":"\\","4510":"n","4511":" ","4512":" ","4513":" ","4514":" ","4515":" ","4516":" ","4517":"r","4518":"e","4519":"q","4520":"u","4521":"i","4522":"r","4523":"e","4524":"d","4525":":","4526":" ","4527":"t","4528":"r","4529":"u","4530":"e","4531":",","4532":"\\","4533":"r","4534":"\\","4535":"n","4536":" ","4537":" ","4538":" ","4539":" ","4540":"}","4541":",","4542":"\\","4543":"r","4544":"\\","4545":"n","4546":" ","4547":" ","4548":" ","4549":" ","4550":"d","4551":"a","4552":"t","4553":"a","4554":":","4555":" ","4556":"{","4557":"\\","4558":"r","4559":"\\","4560":"n","4561":" ","4562":" ","4563":" ","4564":" ","4565":" ","4566":" ","4567":"t","4568":"y","4569":"p","4570":"e","4571":":","4572":" ","4573":"A","4574":"r","4575":"r","4576":"a","4577":"y","4578":" ","4579":"a","4580":"s","4581":" ","4582":"P","4583":"r","4584":"o","4585":"p","4586":"T","4587":"y","4588":"p","4589":"e","4590":"<","4591":"T","4592":"a","4593":"b","4594":"l","4595":"e","4596":"D","4597":"a","4598":"t","4599":"a","4600":"[","4601":"]","4602":">","4603":",","4604":"\\","4605":"r","4606":"\\","4607":"n","4608":" ","4609":" ","4610":" ","4611":" ","4612":" ","4613":" ","4614":"r","4615":"e","4616":"q","4617":"u","4618":"i","4619":"r","4620":"e","4621":"d","4622":":","4623":" ","4624":"t","4625":"r","4626":"u","4627":"e","4628":",","4629":"\\","4630":"r","4631":"\\","4632":"n","4633":" ","4634":" ","4635":" ","4636":" ","4637":"}","4638":",","4639":"\\","4640":"r","4641":"\\","4642":"n","4643":" ","4644":" ","4645":" ","4646":" ","4647":"s","4648":"o","4649":"r","4650":"t","4651":"a","4652":"b","4653":"l","4654":"e","4655":"C","4656":"o","4657":"l","4658":"u","4659":"m","4660":"n","4661":"s","4662":":","4663":" ","4664":"{","4665":"\\","4666":"r","4667":"\\","4668":"n","4669":" ","4670":" ","4671":" ","4672":" ","4673":" ","4674":" ","4675":"t","4676":"y","4677":"p","4678":"e","4679":":","4680":" ","4681":"A","4682":"r","4683":"r","4684":"a","4685":"y","4686":" ","4687":"a","4688":"s","4689":" ","4690":"P","4691":"r","4692":"o","4693":"p","4694":"T","4695":"y","4696":"p","4697":"e","4698":"<","4699":"s","4700":"t","4701":"r","4702":"i","4703":"n","4704":"g","4705":"[","4706":"]","4707":">","4708":",","4709":"\\","4710":"r","4711":"\\","4712":"n","4713":" ","4714":" ","4715":" ","4716":" ","4717":" ","4718":" ","4719":"d","4720":"e","4721":"f","4722":"a","4723":"u","4724":"l","4725":"t","4726":":","4727":" ","4728":"(","4729":")","4730":" ","4731":"=","4732":">","4733":" ","4734":"[","4735":"]","4736":",","4737":"\\","4738":"r","4739":"\\","4740":"n","4741":" ","4742":" ","4743":" ","4744":" ","4745":"}","4746":",","4747":"\\","4748":"r","4749":"\\","4750":"n","4751":" ","4752":" ","4753":"}","4754":",","4755":"\\","4756":"r","4757":"\\","4758":"n","4759":" ","4760":" ","4761":"s","4762":"e","4763":"t","4764":"u","4765":"p","4766":"(","4767":"p","4768":"r","4769":"o","4770":"p","4771":"s","4772":")","4773":" ","4774":"{","4775":"\\","4776":"r","4777":"\\","4778":"n","4779":" ","4780":" ","4781":" ","4782":" ","4783":"c","4784":"o","4785":"n","4786":"s","4787":"t","4788":" ","4789":"s","4790":"o","4791":"r","4792":"t","4793":"C","4794":"o","4795":"l","4796":"u","4797":"m","4798":"n","4799":" ","4800":"=","4801":" ","4802":"r","4803":"e","4804":"f","4805":"<","4806":"s","4807":"t","4808":"r","4809":"i","4810":"n","4811":"g","4812":" ","4813":"|","4814":" ","4815":"n","4816":"u","4817":"l","4818":"l","4819":">","4820":"(","4821":"n","4822":"u","4823":"l","4824":"l","4825":")","4826":";","4827":"\\","4828":"r","4829":"\\","4830":"n","4831":" ","4832":" ","4833":" ","4834":" ","4835":"c","4836":"o","4837":"n","4838":"s","4839":"t","4840":" ","4841":"s","4842":"o","4843":"r","4844":"t","4845":"D","4846":"i","4847":"r","4848":"e","4849":"c","4850":"t","4851":"i","4852":"o","4853":"n","4854":" ","4855":"=","4856":" ","4857":"r","4858":"e","4859":"f","4860":"<","4861":"\\","4862":"\"","4863":"a","4864":"s","4865":"c","4866":"\\","4867":"\"","4868":" ","4869":"|","4870":" ","4871":"\\","4872":"\"","4873":"d","4874":"e","4875":"s","4876":"c","4877":"\\","4878":"\"","4879":">","4880":"(","4881":"\\","4882":"\"","4883":"a","4884":"s","4885":"c","4886":"\\","4887":"\"","4888":")","4889":";","4890":"\\","4891":"r","4892":"\\","4893":"n","4894":"\\","4895":"r","4896":"\\","4897":"n","4898":" ","4899":" ","4900":" ","4901":" ","4902":"c","4903":"o","4904":"n","4905":"s","4906":"t","4907":" ","4908":"s","4909":"o","4910":"r","4911":"t","4912":"e","4913":"d","4914":"D","4915":"a","4916":"t","4917":"a","4918":" ","4919":"=","4920":" ","4921":"c","4922":"o","4923":"m","4924":"p","4925":"u","4926":"t","4927":"e","4928":"d","4929":"(","4930":"(","4931":")","4932":" ","4933":"=","4934":">","4935":" ","4936":"{","4937":"\\","4938":"r","4939":"\\","4940":"n","4941":" ","4942":" ","4943":" ","4944":" ","4945":" ","4946":" ","4947":"i","4948":"f","4949":" ","4950":"(","4951":"s","4952":"o","4953":"r","4954":"t","4955":"C","4956":"o","4957":"l","4958":"u","4959":"m","4960":"n","4961":".","4962":"v","4963":"a","4964":"l","4965":"u","4966":"e","4967":")","4968":" ","4969":"{","4970":"\\","4971":"r","4972":"\\","4973":"n","4974":" ","4975":" ","4976":" ","4977":" ","4978":" ","4979":" ","4980":" ","4981":" ","4982":"c","4983":"o","4984":"n","4985":"s","4986":"t","4987":" ","4988":"k","4989":"e","4990":"y","4991":" ","4992":"=","4993":" ","4994":"s","4995":"o","4996":"r","4997":"t","4998":"C","4999":"o","5000":"l","5001":"u","5002":"m","5003":"n","5004":".","5005":"v","5006":"a","5007":"l","5008":"u","5009":"e","5010":";","5011":"\\","5012":"r","5013":"\\","5014":"n","5015":" ","5016":" ","5017":" ","5018":" ","5019":" ","5020":" ","5021":" ","5022":" ","5023":"c","5024":"o","5025":"n","5026":"s","5027":"t","5028":" ","5029":"d","5030":"i","5031":"r","5032":"e","5033":"c","5034":"t","5035":"i","5036":"o","5037":"n","5038":" ","5039":"=","5040":" ","5041":"s","5042":"o","5043":"r","5044":"t","5045":"D","5046":"i","5047":"r","5048":"e","5049":"c","5050":"t","5051":"i","5052":"o","5053":"n","5054":".","5055":"v","5056":"a","5057":"l","5058":"u","5059":"e","5060":" ","5061":"=","5062":"=","5063":"=","5064":" ","5065":"\\","5066":"\"","5067":"a","5068":"s","5069":"c","5070":"\\","5071":"\"","5072":" ","5073":"?","5074":" ","5075":"1","5076":" ","5077":":","5078":" ","5079":"-","5080":"1","5081":";","5082":"\\","5083":"r","5084":"\\","5085":"n","5086":" ","5087":" ","5088":" ","5089":" ","5090":" ","5091":" ","5092":" ","5093":" ","5094":"r","5095":"e","5096":"t","5097":"u","5098":"r","5099":"n","5100":" ","5101":"[","5102":".","5103":".","5104":".","5105":"p","5106":"r","5107":"o","5108":"p","5109":"s","5110":".","5111":"d","5112":"a","5113":"t","5114":"a","5115":"]","5116":".","5117":"s","5118":"o","5119":"r","5120":"t","5121":"(","5122":"(","5123":"a","5124":",","5125":" ","5126":"b","5127":")","5128":" ","5129":"=","5130":">","5131":" ","5132":"{","5133":"\\","5134":"r","5135":"\\","5136":"n","5137":" ","5138":" ","5139":" ","5140":" ","5141":" ","5142":" ","5143":" ","5144":" ","5145":" ","5146":" ","5147":"c","5148":"o","5149":"n","5150":"s","5151":"t","5152":" ","5153":"v","5154":"a","5155":"l","5156":"u","5157":"e","5158":"A","5159":" ","5160":"=","5161":" ","5162":"a","5163":"[","5164":"k","5165":"e","5166":"y","5167":"]","5168":";","5169":"\\","5170":"r","5171":"\\","5172":"n","5173":" ","5174":" ","5175":" ","5176":" ","5177":" ","5178":" ","5179":" ","5180":" ","5181":" ","5182":" ","5183":"c","5184":"o","5185":"n","5186":"s","5187":"t","5188":" ","5189":"v","5190":"a","5191":"l","5192":"u","5193":"e","5194":"B","5195":" ","5196":"=","5197":" ","5198":"b","5199":"[","5200":"k","5201":"e","5202":"y","5203":"]","5204":";","5205":"\\","5206":"r","5207":"\\","5208":"n","5209":" ","5210":" ","5211":" ","5212":" ","5213":" ","5214":" ","5215":" ","5216":" ","5217":" ","5218":" ","5219":"i","5220":"f","5221":" ","5222":"(","5223":"v","5224":"a","5225":"l","5226":"u","5227":"e","5228":"A","5229":" ","5230":"<","5231":" ","5232":"v","5233":"a","5234":"l","5235":"u","5236":"e","5237":"B","5238":")","5239":" ","5240":"r","5241":"e","5242":"t","5243":"u","5244":"r","5245":"n","5246":" ","5247":"-","5248":"1","5249":" ","5250":"*","5251":" ","5252":"d","5253":"i","5254":"r","5255":"e","5256":"c","5257":"t","5258":"i","5259":"o","5260":"n","5261":";","5262":"\\","5263":"r","5264":"\\","5265":"n","5266":" ","5267":" ","5268":" ","5269":" ","5270":" ","5271":" ","5272":" ","5273":" ","5274":" ","5275":" ","5276":"i","5277":"f","5278":" ","5279":"(","5280":"v","5281":"a","5282":"l","5283":"u","5284":"e","5285":"A","5286":" ","5287":">","5288":" ","5289":"v","5290":"a","5291":"l","5292":"u","5293":"e","5294":"B","5295":")","5296":" ","5297":"r","5298":"e","5299":"t","5300":"u","5301":"r","5302":"n","5303":" ","5304":"1","5305":" ","5306":"*","5307":" ","5308":"d","5309":"i","5310":"r","5311":"e","5312":"c","5313":"t","5314":"i","5315":"o","5316":"n","5317":";","5318":"\\","5319":"r","5320":"\\","5321":"n","5322":" ","5323":" ","5324":" ","5325":" ","5326":" ","5327":" ","5328":" ","5329":" ","5330":" ","5331":" ","5332":"r","5333":"e","5334":"t","5335":"u","5336":"r","5337":"n","5338":" ","5339":"0","5340":";","5341":"\\","5342":"r","5343":"\\","5344":"n","5345":" ","5346":" ","5347":" ","5348":" ","5349":" ","5350":" ","5351":" ","5352":" ","5353":"}","5354":")","5355":";","5356":"\\","5357":"r","5358":"\\","5359":"n","5360":" ","5361":" ","5362":" ","5363":" ","5364":" ","5365":" ","5366":"}","5367":"\\","5368":"r","5369":"\\","5370":"n","5371":" ","5372":" ","5373":" ","5374":" ","5375":" ","5376":" ","5377":"r","5378":"e","5379":"t","5380":"u","5381":"r","5382":"n","5383":" ","5384":"p","5385":"r","5386":"o","5387":"p","5388":"s","5389":".","5390":"d","5391":"a","5392":"t","5393":"a","5394":";","5395":"\\","5396":"r","5397":"\\","5398":"n","5399":" ","5400":" ","5401":" ","5402":" ","5403":"}","5404":")","5405":";","5406":"\\","5407":"r","5408":"\\","5409":"n","5410":"\\","5411":"r","5412":"\\","5413":"n","5414":" ","5415":" ","5416":" ","5417":" ","5418":"c","5419":"o","5420":"n","5421":"s","5422":"t","5423":" ","5424":"i","5425":"s","5426":"S","5427":"o","5428":"r","5429":"t","5430":"a","5431":"b","5432":"l","5433":"e","5434":" ","5435":"=","5436":" ","5437":"(","5438":"c","5439":"o","5440":"l","5441":"u","5442":"m","5443":"n","5444":"K","5445":"e","5446":"y","5447":":","5448":" ","5449":"s","5450":"t","5451":"r","5452":"i","5453":"n","5454":"g","5455":")","5456":" ","5457":"=","5458":">","5459":" ","5460":"{","5461":"\\","5462":"r","5463":"\\","5464":"n","5465":" ","5466":" ","5467":" ","5468":" ","5469":" ","5470":" ","5471":"r","5472":"e","5473":"t","5474":"u","5475":"r","5476":"n","5477":" ","5478":"p","5479":"r","5480":"o","5481":"p","5482":"s","5483":".","5484":"s","5485":"o","5486":"r","5487":"t","5488":"a","5489":"b","5490":"l","5491":"e","5492":"C","5493":"o","5494":"l","5495":"u","5496":"m","5497":"n","5498":"s","5499":".","5500":"i","5501":"n","5502":"c","5503":"l","5504":"u","5505":"d","5506":"e","5507":"s","5508":"(","5509":"c","5510":"o","5511":"l","5512":"u","5513":"m","5514":"n","5515":"K","5516":"e","5517":"y","5518":")","5519":";","5520":" ","5521":"/","5522":"/","5523":" ","5524":"C","5525":"h","5526":"e","5527":"c","5528":"k","5529":" ","5530":"i","5531":"f","5532":" ","5533":"c","5534":"o","5535":"l","5536":"u","5537":"m","5538":"n","5539":" ","5540":"i","5541":"s","5542":" ","5543":"i","5544":"n","5545":" ","5546":"t","5547":"h","5548":"e","5549":" ","5550":"s","5551":"o","5552":"r","5553":"t","5554":"a","5555":"b","5556":"l","5557":"e","5558":" ","5559":"c","5560":"o","5561":"l","5562":"u","5563":"m","5564":"n","5565":"s","5566":" ","5567":"l","5568":"i","5569":"s","5570":"t","5571":"\\","5572":"r","5573":"\\","5574":"n","5575":" ","5576":" ","5577":" ","5578":" ","5579":"}","5580":";","5581":"\\","5582":"r","5583":"\\","5584":"n","5585":"\\","5586":"r","5587":"\\","5588":"n","5589":" ","5590":" ","5591":" ","5592":" ","5593":"c","5594":"o","5595":"n","5596":"s","5597":"t","5598":" ","5599":"s","5600":"o","5601":"r","5602":"t","5603":"D","5604":"a","5605":"t","5606":"a","5607":" ","5608":"=","5609":" ","5610":"(","5611":"c","5612":"o","5613":"l","5614":"u","5615":"m","5616":"n","5617":"K","5618":"e","5619":"y","5620":":","5621":" ","5622":"s","5623":"t","5624":"r","5625":"i","5626":"n","5627":"g","5628":")","5629":" ","5630":"=","5631":">","5632":" ","5633":"{","5634":"\\","5635":"r","5636":"\\","5637":"n","5638":" ","5639":" ","5640":" ","5641":" ","5642":" ","5643":" ","5644":"i","5645":"f","5646":" ","5647":"(","5648":"i","5649":"s","5650":"S","5651":"o","5652":"r","5653":"t","5654":"a","5655":"b","5656":"l","5657":"e","5658":"(","5659":"c","5660":"o","5661":"l","5662":"u","5663":"m","5664":"n","5665":"K","5666":"e","5667":"y","5668":")","5669":")","5670":" ","5671":"{","5672":" ","5673":"/","5674":"/","5675":" ","5676":"S","5677":"o","5678":"r","5679":"t","5680":" ","5681":"o","5682":"n","5683":"l","5684":"y","5685":" ","5686":"i","5687":"f","5688":" ","5689":"t","5690":"h","5691":"e","5692":" ","5693":"c","5694":"o","5695":"l","5696":"u","5697":"m","5698":"n","5699":" ","5700":"i","5701":"s","5702":" ","5703":"i","5704":"n","5705":" ","5706":"t","5707":"h","5708":"e","5709":" ","5710":"s","5711":"o","5712":"r","5713":"t","5714":"a","5715":"b","5716":"l","5717":"e","5718":" ","5719":"c","5720":"o","5721":"l","5722":"u","5723":"m","5724":"n","5725":"s","5726":" ","5727":"l","5728":"i","5729":"s","5730":"t","5731":"\\","5732":"r","5733":"\\","5734":"n","5735":" ","5736":" ","5737":" ","5738":" ","5739":" ","5740":" ","5741":" ","5742":" ","5743":"i","5744":"f","5745":" ","5746":"(","5747":"s","5748":"o","5749":"r","5750":"t","5751":"C","5752":"o","5753":"l","5754":"u","5755":"m","5756":"n","5757":".","5758":"v","5759":"a","5760":"l","5761":"u","5762":"e","5763":" ","5764":"=","5765":"=","5766":"=","5767":" ","5768":"c","5769":"o","5770":"l","5771":"u","5772":"m","5773":"n","5774":"K","5775":"e","5776":"y","5777":")","5778":" ","5779":"{","5780":"\\","5781":"r","5782":"\\","5783":"n","5784":" ","5785":" ","5786":" ","5787":" ","5788":" ","5789":" ","5790":" ","5791":" ","5792":" ","5793":" ","5794":"/","5795":"/","5796":" ","5797":"R","5798":"e","5799":"v","5800":"e","5801":"r","5802":"s","5803":"e","5804":" ","5805":"t","5806":"h","5807":"e","5808":" ","5809":"s","5810":"o","5811":"r","5812":"t","5813":" ","5814":"d","5815":"i","5816":"r","5817":"e","5818":"c","5819":"t","5820":"i","5821":"o","5822":"n","5823":"\\","5824":"r","5825":"\\","5826":"n","5827":" ","5828":" ","5829":" ","5830":" ","5831":" ","5832":" ","5833":" ","5834":" ","5835":" ","5836":" ","5837":"s","5838":"o","5839":"r","5840":"t","5841":"D","5842":"i","5843":"r","5844":"e","5845":"c","5846":"t","5847":"i","5848":"o","5849":"n","5850":".","5851":"v","5852":"a","5853":"l","5854":"u","5855":"e","5856":" ","5857":"=","5858":" ","5859":"s","5860":"o","5861":"r","5862":"t","5863":"D","5864":"i","5865":"r","5866":"e","5867":"c","5868":"t","5869":"i","5870":"o","5871":"n","5872":".","5873":"v","5874":"a","5875":"l","5876":"u","5877":"e","5878":" ","5879":"=","5880":"=","5881":"=","5882":" ","5883":"\\","5884":"\"","5885":"a","5886":"s","5887":"c","5888":"\\","5889":"\"","5890":" ","5891":"?","5892":" ","5893":"\\","5894":"\"","5895":"d","5896":"e","5897":"s","5898":"c","5899":"\\","5900":"\"","5901":" ","5902":":","5903":" ","5904":"\\","5905":"\"","5906":"a","5907":"s","5908":"c","5909":"\\","5910":"\"","5911":";","5912":"\\","5913":"r","5914":"\\","5915":"n","5916":" ","5917":" ","5918":" ","5919":" ","5920":" ","5921":" ","5922":" ","5923":" ","5924":"}","5925":" ","5926":"e","5927":"l","5928":"s","5929":"e","5930":" ","5931":"{","5932":"\\","5933":"r","5934":"\\","5935":"n","5936":" ","5937":" ","5938":" ","5939":" ","5940":" ","5941":" ","5942":" ","5943":" ","5944":" ","5945":" ","5946":"/","5947":"/","5948":" ","5949":"S","5950":"e","5951":"t","5952":" ","5953":"t","5954":"h","5955":"e","5956":" ","5957":"n","5958":"e","5959":"w","5960":" ","5961":"s","5962":"o","5963":"r","5964":"t","5965":" ","5966":"c","5967":"o","5968":"l","5969":"u","5970":"m","5971":"n","5972":" ","5973":"a","5974":"n","5975":"d","5976":" ","5977":"r","5978":"e","5979":"s","5980":"e","5981":"t","5982":" ","5983":"t","5984":"h","5985":"e","5986":" ","5987":"s","5988":"o","5989":"r","5990":"t","5991":" ","5992":"d","5993":"i","5994":"r","5995":"e","5996":"c","5997":"t","5998":"i","5999":"o","6000":"n","6001":"\\","6002":"r","6003":"\\","6004":"n","6005":" ","6006":" ","6007":" ","6008":" ","6009":" ","6010":" ","6011":" ","6012":" ","6013":" ","6014":" ","6015":"s","6016":"o","6017":"r","6018":"t","6019":"C","6020":"o","6021":"l","6022":"u","6023":"m","6024":"n","6025":".","6026":"v","6027":"a","6028":"l","6029":"u","6030":"e","6031":" ","6032":"=","6033":" ","6034":"c","6035":"o","6036":"l","6037":"u","6038":"m","6039":"n","6040":"K","6041":"e","6042":"y","6043":";","6044":"\\","6045":"r","6046":"\\","6047":"n","6048":" ","6049":" ","6050":" ","6051":" ","6052":" ","6053":" ","6054":" ","6055":" ","6056":" ","6057":" ","6058":"s","6059":"o","6060":"r","6061":"t","6062":"D","6063":"i","6064":"r","6065":"e","6066":"c","6067":"t","6068":"i","6069":"o","6070":"n","6071":".","6072":"v","6073":"a","6074":"l","6075":"u","6076":"e","6077":" ","6078":"=","6079":" ","6080":"\\","6081":"\"","6082":"a","6083":"s","6084":"c","6085":"\\","6086":"\"","6087":";","6088":"\\","6089":"r","6090":"\\","6091":"n","6092":" ","6093":" ","6094":" ","6095":" ","6096":" ","6097":" ","6098":" ","6099":" ","6100":"}","6101":"\\","6102":"r","6103":"\\","6104":"n","6105":" ","6106":" ","6107":" ","6108":" ","6109":" ","6110":" ","6111":"}","6112":"\\","6113":"r","6114":"\\","6115":"n","6116":" ","6117":" ","6118":" ","6119":" ","6120":"}","6121":";","6122":"\\","6123":"r","6124":"\\","6125":"n","6126":"\\","6127":"r","6128":"\\","6129":"n","6130":" ","6131":" ","6132":" ","6133":" ","6134":"r","6135":"e","6136":"t","6137":"u","6138":"r","6139":"n","6140":" ","6141":"{","6142":"\\","6143":"r","6144":"\\","6145":"n","6146":" ","6147":" ","6148":" ","6149":" ","6150":" ","6151":" ","6152":"s","6153":"o","6154":"r","6155":"t","6156":"C","6157":"o","6158":"l","6159":"u","6160":"m","6161":"n","6162":",","6163":"\\","6164":"r","6165":"\\","6166":"n","6167":" ","6168":" ","6169":" ","6170":" ","6171":" ","6172":" ","6173":"s","6174":"o","6175":"r","6176":"t","6177":"D","6178":"i","6179":"r","6180":"e","6181":"c","6182":"t","6183":"i","6184":"o","6185":"n","6186":",","6187":"\\","6188":"r","6189":"\\","6190":"n","6191":" ","6192":" ","6193":" ","6194":" ","6195":" ","6196":" ","6197":"s","6198":"o","6199":"r","6200":"t","6201":"e","6202":"d","6203":"D","6204":"a","6205":"t","6206":"a","6207":",","6208":"\\","6209":"r","6210":"\\","6211":"n","6212":" ","6213":" ","6214":" ","6215":" ","6216":" ","6217":" ","6218":"i","6219":"s","6220":"S","6221":"o","6222":"r","6223":"t","6224":"a","6225":"b","6226":"l","6227":"e","6228":",","6229":"\\","6230":"r","6231":"\\","6232":"n","6233":" ","6234":" ","6235":" ","6236":" ","6237":" ","6238":" ","6239":"s","6240":"o","6241":"r","6242":"t","6243":"D","6244":"a","6245":"t","6246":"a","6247":"\\","6248":"r","6249":"\\","6250":"n","6251":" ","6252":" ","6253":" ","6254":" ","6255":"}","6256":";","6257":"\\","6258":"r","6259":"\\","6260":"n","6261":" ","6262":" ","6263":"}","6264":"\\","6265":"r","6266":"\\","6267":"n","6268":"}","6269":")","6270":"\\","6271":"r","6272":"\\","6273":"n","6274":"<","6275":"/","6276":"s","6277":"c","6278":"r","6279":"i","6280":"p","6281":"t","6282":">","6283":"\\","6284":"r","6285":"\\","6286":"n","6287":"\\","6288":"r","6289":"\\","6290":"n","6291":"<","6292":"s","6293":"t","6294":"y","6295":"l","6296":"e","6297":" ","6298":"s","6299":"c","6300":"o","6301":"p","6302":"e","6303":"d","6304":">","6305":"\\","6306":"r","6307":"\\","6308":"n","6309":".","6310":"b","6311":"g","6312":"-","6313":"g","6314":"r","6315":"a","6316":"y","6317":"-","6318":"1","6319":"0","6320":"0","6321":" ","6322":"{","6323":"\\","6324":"r","6325":"\\","6326":"n","6327":" ","6328":" ","6329":"b","6330":"a","6331":"c","6332":"k","6333":"g","6334":"r","6335":"o","6336":"u","6337":"n","6338":"d","6339":"-","6340":"c","6341":"o","6342":"l","6343":"o","6344":"r","6345":":","6346":" ","6347":"#","6348":"f","6349":"4","6350":"f","6351":"4","6352":"f","6353":"4","6354":";","6355":"\\","6356":"r","6357":"\\","6358":"n","6359":"}","6360":"\\","6361":"r","6362":"\\","6363":"n","6364":"\\","6365":"r","6366":"\\","6367":"n","6368":".","6369":"b","6370":"g","6371":"-","6372":"w","6373":"h","6374":"i","6375":"t","6376":"e","6377":" ","6378":"{","6379":"\\","6380":"r","6381":"\\","6382":"n","6383":" ","6384":" ","6385":"b","6386":"a","6387":"c","6388":"k","6389":"g","6390":"r","6391":"o","6392":"u","6393":"n","6394":"d","6395":"-","6396":"c","6397":"o","6398":"l","6399":"o","6400":"r","6401":":","6402":" ","6403":"#","6404":"f","6405":"f","6406":"f","6407":"f","6408":"f","6409":"f","6410":";","6411":"\\","6412":"r","6413":"\\","6414":"n","6415":"}","6416":"\\","6417":"r","6418":"\\","6419":"n","6420":"\\","6421":"r","6422":"\\","6423":"n","6424":".","6425":"t","6426":"e","6427":"x","6428":"t","6429":"-","6430":"g","6431":"r","6432":"a","6433":"y","6434":"-","6435":"9","6436":"0","6437":"0","6438":" ","6439":"{","6440":"\\","6441":"r","6442":"\\","6443":"n","6444":" ","6445":" ","6446":"c","6447":"o","6448":"l","6449":"o","6450":"r","6451":":","6452":" ","6453":"#","6454":"3","6455":"3","6456":"3","6457":"3","6458":"3","6459":"3","6460":";","6461":"\\","6462":"r","6463":"\\","6464":"n","6465":"}","6466":"\\","6467":"r","6468":"\\","6469":"n","6470":"\\","6471":"r","6472":"\\","6473":"n","6474":".","6475":"t","6476":"e","6477":"x","6478":"t","6479":"-","6480":"g","6481":"r","6482":"a","6483":"y","6484":"-","6485":"5","6486":"0","6487":"0","6488":" ","6489":"{","6490":"\\","6491":"r","6492":"\\","6493":"n","6494":" ","6495":" ","6496":"c","6497":"o","6498":"l","6499":"o","6500":"r","6501":":","6502":" ","6503":"#","6504":"8","6505":"8","6506":"8","6507":"8","6508":"8","6509":"8","6510":";","6511":"\\","6512":"r","6513":"\\","6514":"n","6515":"}","6516":"\\","6517":"r","6518":"\\","6519":"n","6520":"<","6521":"/","6522":"s","6523":"t","6524":"y","6525":"l","6526":"e","6527":">","6528":"\\","6529":"r","6530":"\\","6531":"n","6532":"\"","6533":"]","6534":"}"},"_coverageSchema":"1a1c01bbd47fc00a2c39e90264f33305004495a9","hash":"43c39d8efc1d6959884713b7a2dc3ec484e2f1fd"}
,"C:\\Users\\angje\\OneDrive\\Desktop\\work\\customer-transaction-dashboard\\client\\src\\services\\api\\auth\\token.service.ts": {"path":"C:\\Users\\angje\\OneDrive\\Desktop\\work\\customer-transaction-dashboard\\client\\src\\services\\api\\auth\\token.service.ts","statementMap":{"0":{"start":{"line":5,"column":44},"end":{"line":5,"column":74}},"1":{"start":{"line":6,"column":8},"end":{"line":6,"column":null}},"2":{"start":{"line":10,"column":44},"end":{"line":10,"column":74}},"3":{"start":{"line":11,"column":8},"end":{"line":11,"column":null}},"4":{"start":{"line":15,"column":44},"end":{"line":15,"column":74}},"5":{"start":{"line":17,"column":12},"end":{"line":17,"column":null}},"6":{"start":{"line":18,"column":12},"end":{"line":18,"column":null}},"7":{"start":{"line":23,"column":8},"end":{"line":23,"column":null}},"8":{"start":{"line":27,"column":8},"end":{"line":27,"column":null}},"9":{"start":{"line":31,"column":8},"end":{"line":31,"column":null}},"10":{"start":{"line":36,"column":46},"end":{"line":36,"column":74}},"11":{"start":{"line":37,"column":12},"end":{"line":37,"column":null}},"12":{"start":{"line":39,"column":12},"end":{"line":39,"column":null}},"13":{"start":{"line":40,"column":12},"end":{"line":40,"column":null}},"14":{"start":{"line":46,"column":12},"end":{"line":46,"column":null}},"15":{"start":{"line":48,"column":12},"end":{"line":48,"column":null}},"16":{"start":{"line":53,"column":0},"end":{"line":53,"column":null}}},"fnMap":{"0":{"name":"(anonymous_0)","decl":{"start":{"line":4,"column":4},"end":{"line":4,"column":24}},"loc":{"start":{"line":4,"column":24},"end":{"line":7,"column":null}}},"1":{"name":"(anonymous_1)","decl":{"start":{"line":9,"column":4},"end":{"line":9,"column":23}},"loc":{"start":{"line":9,"column":23},"end":{"line":12,"column":null}}},"2":{"name":"(anonymous_2)","decl":{"start":{"line":14,"column":4},"end":{"line":14,"column":26}},"loc":{"start":{"line":14,"column":40},"end":{"line":20,"column":null}}},"3":{"name":"(anonymous_3)","decl":{"start":{"line":22,"column":4},"end":{"line":22,"column":11}},"loc":{"start":{"line":22,"column":11},"end":{"line":24,"column":null}}},"4":{"name":"(anonymous_4)","decl":{"start":{"line":26,"column":4},"end":{"line":26,"column":11}},"loc":{"start":{"line":26,"column":39},"end":{"line":28,"column":null}}},"5":{"name":"(anonymous_5)","decl":{"start":{"line":30,"column":4},"end":{"line":30,"column":14}},"loc":{"start":{"line":30,"column":14},"end":{"line":32,"column":null}}},"6":{"name":"(anonymous_6)","decl":{"start":{"line":34,"column":4},"end":{"line":34,"column":27}},"loc":{"start":{"line":34,"column":27},"end":{"line":42,"column":null}}},"7":{"name":"(anonymous_7)","decl":{"start":{"line":44,"column":4},"end":{"line":44,"column":25}},"loc":{"start":{"line":44,"column":53},"end":{"line":50,"column":null}}}},"branchMap":{"0":{"loc":{"start":{"line":6,"column":15},"end":{"line":6,"column":46}},"type":"cond-expr","locations":[{"start":{"line":6,"column":22},"end":{"line":6,"column":39}},{"start":{"line":6,"column":42},"end":{"line":6,"column":46}}]},"1":{"loc":{"start":{"line":11,"column":15},"end":{"line":11,"column":45}},"type":"cond-expr","locations":[{"start":{"line":11,"column":22},"end":{"line":11,"column":38}},{"start":{"line":11,"column":41},"end":{"line":11,"column":45}}]},"2":{"loc":{"start":{"line":23,"column":15},"end":{"line":23,"column":53}},"type":"binary-expr","locations":[{"start":{"line":23,"column":15},"end":{"line":23,"column":45}},{"start":{"line":23,"column":49},"end":{"line":23,"column":53}}]},"3":{"loc":{"start":{"line":37,"column":19},"end":{"line":37,"column":61}},"type":"cond-expr","locations":[{"start":{"line":37,"column":32},"end":{"line":37,"column":54}},{"start":{"line":37,"column":57},"end":{"line":37,"column":61}}]}},"s":{"0":2,"1":2,"2":2,"3":2,"4":2,"5":1,"6":1,"7":2,"8":1,"9":1,"10":8,"11":8,"12":0,"13":0,"14":2,"15":0,"16":1},"f":{"0":2,"1":2,"2":2,"3":2,"4":1,"5":1,"6":8,"7":2},"b":{"0":[1,1],"1":[1,1],"2":[2,1],"3":[4,4]}}
}
