{"C:\\Users\\angje\\OneDrive\\Desktop\\work\\customer-transaction-dashboard\\client\\src\\components\\common\\TableComponent.vue": {"path":"C:\\Users\\angje\\OneDrive\\Desktop\\work\\customer-transaction-dashboard\\client\\src\\components\\common\\TableComponent.vue","statementMap":{"0":{"start":{"line":3,"column":0},"end":{"line":5,"column":3}},"1":{"start":{"line":6,"column":14},"end":{"line":6,"column":30}},"2":{"start":{"line":7,"column":12},"end":{"line":7,"column":26}},"3":{"start":{"line":8,"column":0},"end":{"line":68,"column":3}},"4":{"start":{"line":22,"column":8},"end":{"line":22,"column":18}},"5":{"start":{"line":27,"column":21},"end":{"line":27,"column":41}},"6":{"start":{"line":28,"column":24},"end":{"line":28,"column":45}},"7":{"start":{"line":29,"column":21},"end":{"line":42,"column":6}},"8":{"start":{"line":30,"column":6},"end":{"line":40,"column":7}},"9":{"start":{"line":31,"column":20},"end":{"line":31,"column":36}},"10":{"start":{"line":32,"column":26},"end":{"line":32,"column":64}},"11":{"start":{"line":33,"column":8},"end":{"line":39,"column":11}},"12":{"start":{"line":34,"column":23},"end":{"line":34,"column":31}},"13":{"start":{"line":35,"column":23},"end":{"line":35,"column":31}},"14":{"start":{"line":36,"column":10},"end":{"line":36,"column":55}},"15":{"start":{"line":36,"column":31},"end":{"line":36,"column":55}},"16":{"start":{"line":37,"column":10},"end":{"line":37,"column":54}},"17":{"start":{"line":37,"column":31},"end":{"line":37,"column":54}},"18":{"start":{"line":38,"column":10},"end":{"line":38,"column":19}},"19":{"start":{"line":41,"column":6},"end":{"line":41,"column":24}},"20":{"start":{"line":43,"column":21},"end":{"line":45,"column":5}},"21":{"start":{"line":44,"column":6},"end":{"line":44,"column":55}},"22":{"start":{"line":47,"column":19},"end":{"line":59,"column":5}},"23":{"start":{"line":48,"column":6},"end":{"line":58,"column":7}},"24":{"start":{"line":50,"column":8},"end":{"line":57,"column":9}},"25":{"start":{"line":52,"column":10},"end":{"line":52,"column":79}},"26":{"start":{"line":55,"column":10},"end":{"line":55,"column":39}},"27":{"start":{"line":56,"column":10},"end":{"line":56,"column":38}},"28":{"start":{"line":60,"column":4},"end":{"line":66,"column":6}},"29":{"start":{"line":69,"column":0},"end":{"line":69,"column":13}},"30":{"start":{"line":70,"column":0},"end":{"line":70,"column":62}},"31":{"start":{"line":71,"column":0},"end":{"line":71,"column":24}},"32":{"start":{"line":72,"column":12},"end":{"line":72,"column":26}},"33":{"start":{"line":73,"column":17},"end":{"line":73,"column":47}},"34":{"start":{"line":74,"column":17},"end":{"line":74,"column":87}},"35":{"start":{"line":75,"column":31},"end":{"line":75,"column":792}},"36":{"start":{"line":76,"column":17},"end":{"line":76,"column":54}},"37":{"start":{"line":77,"column":17},"end":{"line":77,"column":59}},"38":{"start":{"line":78,"column":17},"end":{"line":78,"column":47}},"39":{"start":{"line":79,"column":17},"end":{"line":79,"column":27}},"40":{"start":{"line":80,"column":17},"end":{"line":80,"column":27}},"41":{"start":{"line":81,"column":17},"end":{"line":81,"column":27}},"42":{"start":{"line":82,"column":18},"end":{"line":82,"column":28}},"43":{"start":{"line":84,"column":4},"end":{"line":130,"column":8}},"44":{"start":{"line":91,"column":28},"end":{"line":109,"column":59}},"45":{"start":{"line":94,"column":61},"end":{"line":94,"column":96}},"46":{"start":{"line":115,"column":24},"end":{"line":125,"column":28}},"47":{"start":{"line":120,"column":32},"end":{"line":123,"column":96}},"48":{"start":{"line":132,"column":0},"end":{"line":132,"column":24}},"49":{"start":{"line":133,"column":1},"end":{"line":133,"column":48}}},"fnMap":{"0":{"name":"(anonymous_0)","decl":{"start":{"line":21,"column":15},"end":{"line":21,"column":16}},"loc":{"start":{"line":21,"column":27},"end":{"line":23,"column":7}},"line":21},"1":{"name":"(anonymous_1)","decl":{"start":{"line":26,"column":9},"end":{"line":26,"column":10}},"loc":{"start":{"line":26,"column":26},"end":{"line":67,"column":3}},"line":26},"2":{"name":"(anonymous_2)","decl":{"start":{"line":29,"column":41},"end":{"line":29,"column":42}},"loc":{"start":{"line":29,"column":53},"end":{"line":42,"column":5}},"line":29},"3":{"name":"(anonymous_3)","decl":{"start":{"line":33,"column":69},"end":{"line":33,"column":70}},"loc":{"start":{"line":33,"column":85},"end":{"line":39,"column":9}},"line":33},"4":{"name":"(anonymous_4)","decl":{"start":{"line":43,"column":21},"end":{"line":43,"column":22}},"loc":{"start":{"line":43,"column":42},"end":{"line":45,"column":5}},"line":43},"5":{"name":"(anonymous_5)","decl":{"start":{"line":47,"column":19},"end":{"line":47,"column":20}},"loc":{"start":{"line":47,"column":40},"end":{"line":59,"column":5}},"line":47},"6":{"name":"render","decl":{"start":{"line":83,"column":9},"end":{"line":83,"column":15}},"loc":{"start":{"line":83,"column":30},"end":{"line":131,"column":1}},"line":83},"7":{"name":"(anonymous_7)","decl":{"start":{"line":90,"column":141},"end":{"line":90,"column":142}},"loc":{"start":{"line":90,"column":159},"end":{"line":110,"column":25}},"line":90},"8":{"name":"(anonymous_8)","decl":{"start":{"line":94,"column":41},"end":{"line":94,"column":42}},"loc":{"start":{"line":94,"column":59},"end":{"line":94,"column":98}},"line":94},"9":{"name":"(anonymous_9)","decl":{"start":{"line":114,"column":140},"end":{"line":114,"column":141}},"loc":{"start":{"line":114,"column":156},"end":{"line":126,"column":21}},"line":114},"10":{"name":"(anonymous_10)","decl":{"start":{"line":119,"column":145},"end":{"line":119,"column":146}},"loc":{"start":{"line":119,"column":163},"end":{"line":124,"column":29}},"line":119}},"branchMap":{"0":{"loc":{"start":{"line":30,"column":6},"end":{"line":40,"column":7}},"type":"if","locations":[{"start":{"line":30,"column":6},"end":{"line":40,"column":7}},{"start":{},"end":{}}],"line":30},"1":{"loc":{"start":{"line":32,"column":26},"end":{"line":32,"column":64}},"type":"cond-expr","locations":[{"start":{"line":32,"column":58},"end":{"line":32,"column":59}},{"start":{"line":32,"column":62},"end":{"line":32,"column":64}}],"line":32},"2":{"loc":{"start":{"line":36,"column":10},"end":{"line":36,"column":55}},"type":"if","locations":[{"start":{"line":36,"column":10},"end":{"line":36,"column":55}},{"start":{},"end":{}}],"line":36},"3":{"loc":{"start":{"line":37,"column":10},"end":{"line":37,"column":54}},"type":"if","locations":[{"start":{"line":37,"column":10},"end":{"line":37,"column":54}},{"start":{},"end":{}}],"line":37},"4":{"loc":{"start":{"line":48,"column":6},"end":{"line":58,"column":7}},"type":"if","locations":[{"start":{"line":48,"column":6},"end":{"line":58,"column":7}},{"start":{},"end":{}}],"line":48},"5":{"loc":{"start":{"line":50,"column":8},"end":{"line":57,"column":9}},"type":"if","locations":[{"start":{"line":50,"column":8},"end":{"line":57,"column":9}},{"start":{"line":53,"column":15},"end":{"line":57,"column":9}}],"line":50},"6":{"loc":{"start":{"line":52,"column":32},"end":{"line":52,"column":78}},"type":"cond-expr","locations":[{"start":{"line":52,"column":64},"end":{"line":52,"column":70}},{"start":{"line":52,"column":73},"end":{"line":52,"column":78}}],"line":52},"7":{"loc":{"start":{"line":98,"column":32},"end":{"line":108,"column":81}},"type":"cond-expr","locations":[{"start":{"line":99,"column":39},"end":{"line":107,"column":38}},{"start":{"line":108,"column":38},"end":{"line":108,"column":81}}],"line":98},"8":{"loc":{"start":{"line":100,"column":40},"end":{"line":106,"column":89}},"type":"cond-expr","locations":[{"start":{"line":101,"column":47},"end":{"line":105,"column":46}},{"start":{"line":106,"column":46},"end":{"line":106,"column":89}}],"line":100},"9":{"loc":{"start":{"line":100,"column":41},"end":{"line":100,"column":91}},"type":"binary-expr","locations":[{"start":{"line":100,"column":41},"end":{"line":100,"column":71}},{"start":{"line":100,"column":75},"end":{"line":100,"column":91}}],"line":100},"10":{"loc":{"start":{"line":102,"column":48},"end":{"line":104,"column":135}},"type":"cond-expr","locations":[{"start":{"line":103,"column":55},"end":{"line":103,"column":133}},{"start":{"line":104,"column":55},"end":{"line":104,"column":134}}],"line":102}},"s":{"0":1,"1":1,"2":1,"3":1,"4":0,"5":2,"6":2,"7":2,"8":4,"9":2,"10":2,"11":2,"12":2,"13":2,"14":2,"15":0,"16":2,"17":2,"18":0,"19":2,"20":2,"21":14,"22":2,"23":2,"24":2,"25":1,"26":1,"27":1,"28":2,"29":1,"30":1,"31":1,"32":1,"33":1,"34":1,"35":1,"36":1,"37":1,"38":1,"39":1,"40":1,"41":1,"42":1,"43":4,"44":12,"45":2,"46":8,"47":24,"48":1,"49":1},"f":{"0":0,"1":2,"2":4,"3":2,"4":14,"5":2,"6":4,"7":12,"8":2,"9":8,"10":24},"b":{"0":[2,2],"1":[1,1],"2":[0,2],"3":[2,0],"4":[2,0],"5":[1,1],"6":[1,0],"7":[6,6],"8":[4,2],"9":[6,4],"10":[3,1]},"inputSourceMap":{"0":"{","1":"\"","2":"v","3":"e","4":"r","5":"s","6":"i","7":"o","8":"n","9":"\"","10":":","11":"3","12":",","13":"\"","14":"s","15":"o","16":"u","17":"r","18":"c","19":"e","20":"s","21":"\"","22":":","23":"[","24":"\"","25":"C","26":":","27":"\\","28":"\\","29":"U","30":"s","31":"e","32":"r","33":"s","34":"\\","35":"\\","36":"a","37":"n","38":"g","39":"j","40":"e","41":"\\","42":"\\","43":"O","44":"n","45":"e","46":"D","47":"r","48":"i","49":"v","50":"e","51":"\\","52":"\\","53":"D","54":"e","55":"s","56":"k","57":"t","58":"o","59":"p","60":"\\","61":"\\","62":"w","63":"o","64":"r","65":"k","66":"\\","67":"\\","68":"c","69":"u","70":"s","71":"t","72":"o","73":"m","74":"e","75":"r","76":"-","77":"t","78":"r","79":"a","80":"n","81":"s","82":"a","83":"c","84":"t","85":"i","86":"o","87":"n","88":"-","89":"d","90":"a","91":"s","92":"h","93":"b","94":"o","95":"a","96":"r","97":"d","98":"\\","99":"\\","100":"c","101":"l","102":"i","103":"e","104":"n","105":"t","106":"\\","107":"\\","108":"s","109":"r","110":"c","111":"\\","112":"\\","113":"c","114":"o","115":"m","116":"p","117":"o","118":"n","119":"e","120":"n","121":"t","122":"s","123":"\\","124":"\\","125":"c","126":"o","127":"m","128":"m","129":"o","130":"n","131":"\\","132":"\\","133":"T","134":"a","135":"b","136":"l","137":"e","138":"C","139":"o","140":"m","141":"p","142":"o","143":"n","144":"e","145":"n","146":"t","147":".","148":"v","149":"u","150":"e","151":"\"","152":"]","153":",","154":"\"","155":"n","156":"a","157":"m","158":"e","159":"s","160":"\"","161":":","162":"[","163":"]","164":",","165":"\"","166":"m","167":"a","168":"p","169":"p","170":"i","171":"n","172":"g","173":"s","174":"\"","175":":","176":"\"","177":";","178":";","179":";","180":";","181":";","182":";","183":"A","184":"A","185":"4","186":"D","187":"A","188":";","189":"A","190":"A","191":"Y","192":"A","193":",","194":"k","195":"B","196":"A","197":"A","198":"e","199":",","200":"y","201":"B","202":"A","203":"A","204":"e","205":",","206":"E","207":"A","208":"A","209":"C","210":";","211":"E","212":"A","213":"C","214":"7","215":"B","216":",","217":"I","218":"A","219":"A","220":"I","221":",","222":"E","223":"A","224":"A","225":"E","226":",","227":"g","228":"B","229":"A","230":"A","231":"g","232":"B","233":";","234":"E","235":"A","236":"C","237":"t","238":"B","239":",","240":"K","241":"A","242":"A","243":"K","244":",","245":"E","246":"A","247":"A","248":"E","249":";","250":"I","251":"A","252":"C","253":"L","254":",","255":"O","256":"A","257":"A","258":"O","259":",","260":"E","261":"A","262":"A","263":"E","264":";","265":"M","266":"A","267":"C","268":"P","269":",","270":"I","271":"A","272":"A","273":"I","274":",","275":"E","276":"A","277":"A","278":"E","279":",","280":"K","281":"A","282":"A","283":"g","284":"C","285":";","286":"M","287":"A","288":"C","289":"t","290":"C","291":",","292":"Q","293":"A","294":"A","295":"Q","296":",","297":"E","298":"A","299":"A","300":"E","301":";","302":"K","303":"A","304":"C","305":"X","306":";","307":"I","308":"A","309":"C","310":"D","311":",","312":"I","313":"A","314":"A","315":"I","316":",","317":"E","318":"A","319":"A","320":"E","321":";","322":"M","323":"A","324":"C","325":"J","326":",","327":"I","328":"A","329":"A","330":"I","331":",","332":"E","333":"A","334":"A","335":"E","336":",","337":"K","338":"A","339":"A","340":"8","341":"B","342":";","343":"M","344":"A","345":"C","346":"p","347":"C","348":",","349":"Q","350":"A","351":"A","352":"Q","353":",","354":"E","355":"A","356":"A","357":"E","358":";","359":"K","360":"A","361":"C","362":"X","363":";","364":"I","365":"A","366":"C","367":"D","368":",","369":"e","370":"A","371":"A","372":"e","373":",","374":"E","375":"A","376":"A","377":"E","378":";","379":"M","380":"A","381":"C","382":"f","383":",","384":"I","385":"A","386":"A","387":"I","388":",","389":"E","390":"A","391":"A","392":"E","393":",","394":"K","395":"A","396":"A","397":"2","398":"B","399":";","400":"M","401":"A","402":"C","403":"j","404":"C","405":",","406":"O","407":"A","408":"A","409":"O","410":",","411":"E","412":"A","413":"A","414":"E","415":";","416":"Q","417":"A","418":"A","419":"M","420":",","421":"S","422":"A","423":"A","424":"E","425":";","426":"M","427":"A","428":"A","429":"F","430":";","431":";","432":"G","433":"A","434":"E","435":"l","436":"B","437":";","438":"E","439":"A","440":"C","441":"D","442":",","443":"K","444":"A","445":"A","446":"K","447":",","448":"E","449":"A","450":"A","451":"L","452":",","453":"U","454":"A","455":"A","456":"M","457":",","458":"K","459":"A","460":"A","461":"K","462":";","463":"I","464":"A","465":"C","466":"T","467":",","468":"I","469":"A","470":"A","471":"M","472":",","473":"U","474":"A","475":"A","476":"U","477":",","478":"G","479":"A","480":"A","481":"G","482":",","483":"a","484":"A","485":"A","486":"G","487":",","488":"E","489":"A","490":"A","491":"g","492":"B","493":",","494":"I","495":"A","496":"A","497":"I","498":",","499":"C","500":"A","501":"A","502":"C","503":";","504":"I","505":"A","506":"C","507":"3","508":"C","509":",","510":"I","511":"A","512":"A","513":"M","514":",","515":"a","516":"A","517":"A","518":"a","519":",","520":"G","521":"A","522":"A","523":"G","524":",","525":"a","526":"A","527":"A","528":"G","529":",","530":"E","531":"A","532":"A","533":"i","534":"B","535":",","536":"K","537":"A","538":"A","539":"K","540":",","541":"C","542":"A","543":"A","544":"C","545":";","546":"I","547":"A","548":"E","549":"h","550":"D","551":",","552":"I","553":"A","554":"A","555":"M","556":",","557":"U","558":"A","559":"A","560":"U","561":",","562":"G","563":"A","564":"A","565":"G","566":",","567":"k","568":"B","569":"A","570":"A","571":"Q","572":",","573":"E","574":"A","575":"A","576":"C","577":";","578":"M","579":"A","580":"C","581":"1","582":"B","583":",","584":"I","585":"A","586":"A","587":"I","588":",","589":"U","590":"A","591":"A","592":"U","593":",","594":"C","595":"A","596":"A","597":"C","598":",","599":"K","600":"A","601":"A","602":"K","603":",","604":"E","605":"A","606":"A","607":"E","608":";","609":"Q","610":"A","611":"C","612":"p","613":"B","614":",","615":"I","616":"A","617":"A","618":"M","619":",","620":"K","621":"A","622":"A","623":"G","624":",","625":"G","626":"A","627":"A","628":"G","629":",","630":"U","631":"A","632":"A","633":"U","634":",","635":"C","636":"A","637":"A","638":"C","639":",","640":"K","641":"A","642":"A","643":"K","644":";","645":"Q","646":"A","647":"C","648":"5","649":"B","650":",","651":"I","652":"A","653":"A","654":"M","655":",","656":"W","657":"A","658":"A","659":"S","660":",","661":"G","662":"A","663":"A","664":"G","665":",","666":"a","667":"A","668":"A","669":"a","670":",","671":"C","672":"A","673":"A","674":"C","675":",","676":"K","677":"A","678":"A","679":"K","680":",","681":"K","682":"A","683":"A","684":"K","685":",","686":"K","687":"A","688":"A","689":"K","690":",","691":"G","692":"A","693":"A","694":"G","695":",","696":"C","697":"A","698":"A","699":"C","700":",","701":"G","702":"A","703":"A","704":"G","705":",","706":"C","707":"A","708":"A","709":"C","710":",","711":"C","712":"A","713":"A","714":"C","715":";","716":"Q","717":"A","718":"C","719":"x","720":"D","721":",","722":"O","723":"A","724":"A","725":"O","726":",","727":"+","728":"B","729":"A","730":"A","731":"I","732":",","733":"K","734":"A","735":"A","736":"K","737":",","738":"C","739":"A","740":"A","741":"C","742":",","743":"I","744":"A","745":"A","746":"I","747":",","748":"Q","749":"A","750":"A","751":"E","752":",","753":"I","754":"A","755":"A","756":"I","757":",","758":"C","759":"A","760":"A","761":"C","762":",","763":"U","764":"A","765":"A","766":"C","767":",","768":"C","769":"A","770":"A","771":"C","772":",","773":"E","774":"A","775":"A","776":"E","777":",","778":"C","779":"A","780":"A","781":"C","782":";","783":"U","784":"A","785":"C","786":"/","787":"B","788":",","789":"I","790":"A","791":"A","792":"M","793":",","794":"M","795":"A","796":"A","797":"M","798":",","799":"G","800":"A","801":"A","802":"G","803":",","804":"C","805":"A","806":"A","807":"C","808":",","809":"C","810":"A","811":"A","812":"C","813":",","814":"K","815":"A","816":"A","817":"G","818":",","819":"C","820":"A","821":"A","822":"C","823":";","824":"U","825":"A","826":"C","827":"r","828":"B","829":",","830":"I","831":"A","832":"A","833":"M","834":",","835":"M","836":"A","837":"A","838":"M","839":",","840":"G","841":"A","842":"A","843":"G","844":",","845":"C","846":"A","847":"A","848":"C","849":",","850":"C","851":"A","852":"A","853":"C","854":",","855":"K","856":"A","857":"A","858":"G","859":",","860":"C","861":"A","862":"A","863":"C","864":";","865":"U","866":"A","867":"C","868":"r","869":"B","870":",","871":"I","872":"A","873":"A","874":"I","875":",","876":"M","877":"A","878":"A","879":"M","880":",","881":"G","882":"A","883":"A","884":"G","885":",","886":"M","887":"A","888":"A","889":"M","890":",","891":"E","892":"A","893":"A","894":"E","895":",","896":"O","897":"A","898":"A","899":"O","900":",","901":"C","902":"A","903":"A","904":"C","905":",","906":"C","907":"A","908":"A","909":"C","910":",","911":"G","912":"A","913":"A","914":"G","915":",","916":"W","917":"A","918":"A","919":"S","920":";","921":"U","922":"A","923":"C","924":"1","925":"C","926":",","927":"I","928":"A","929":"A","930":"I","931":",","932":"M","933":"A","934":"A","935":"M","936":",","937":"G","938":"A","939":"A","940":"G","941":",","942":"M","943":"A","944":"A","945":"M","946":",","947":"E","948":"A","949":"A","950":"E","951":",","952":"O","953":"A","954":"A","955":"O","956":",","957":"C","958":"A","959":"A","960":"C","961":",","962":"G","963":"A","964":"A","965":"G","966":",","967":"W","968":"A","969":"A","970":"S","971":";","972":"U","973":"A","974":"C","975":"z","976":"C","977":",","978":"O","979":"A","980":"A","981":"O","982":",","983":"C","984":"A","985":"A","986":"C","987":";","988":"Q","989":"A","990":"C","991":"V","992":",","993":"C","994":"A","995":"A","996":"C","997":",","998":"C","999":"A","1000":"A","1001":"C","1002":";","1003":";","1004":"M","1005":"A","1006":"E","1007":"J","1008":",","1009":"O","1010":"A","1011":"A","1012":"O","1013":",","1014":"K","1015":"A","1016":"A","1017":"K","1018":",","1019":"C","1020":"A","1021":"A","1022":"C","1023":",","1024":"I","1025":"A","1026":"A","1027":"I","1028":";","1029":"I","1030":"A","1031":"C","1032":"n","1033":"B","1034":",","1035":"C","1036":"A","1037":"A","1038":"C","1039":",","1040":"C","1041":"A","1042":"A","1043":"C","1044":";","1045":"I","1046":"A","1047":"E","1048":"F","1049":",","1050":"I","1051":"A","1052":"A","1053":"M","1054":",","1055":"U","1056":"A","1057":"A","1058":"U","1059":",","1060":"G","1061":"A","1062":"A","1063":"G","1064":",","1065":"U","1066":"A","1067":"A","1068":"C","1069":",","1070":"S","1071":"A","1072":"A","1073":"i","1074":"B","1075":";","1076":"M","1077":"A","1078":"C","1079":"n","1080":"C","1081":",","1082":"O","1083":"A","1084":"A","1085":"O","1086":",","1087":"K","1088":"A","1089":"A","1090":"K","1091":",","1092":"C","1093":"A","1094":"A","1095":"C","1096":",","1097":"e","1098":"A","1099":"A","1100":"e","1101":",","1102":"C","1103":"A","1104":"A","1105":"C","1106":",","1107":"Q","1108":"A","1109":"A","1110":"Q","1111":",","1112":"C","1113":"A","1114":"A","1115":"C","1116":",","1117":"S","1118":"A","1119":"A","1120":"S","1121":",","1122":"C","1123":"A","1124":"A","1125":"C","1126":",","1127":"C","1128":"A","1129":"A","1130":"C","1131":",","1132":"C","1133":"A","1134":"A","1135":"C","1136":";","1137":"I","1138":"A","1139":"C","1140":"p","1141":"D","1142":",","1143":"C","1144":"A","1145":"A","1146":"C","1147":";","1148":";","1149":"I","1150":"A","1151":"E","1152":"D","1153":",","1154":"I","1155":"A","1156":"A","1157":"M","1158":",","1159":"Q","1160":"A","1161":"A","1162":"Q","1163":",","1164":"G","1165":"A","1166":"A","1167":"G","1168":",","1169":"U","1170":"A","1171":"A","1172":"C","1173":",","1174":"S","1175":"A","1176":"A","1177":"i","1178":"B","1179":";","1180":"M","1181":"A","1182":"C","1183":"j","1184":"C","1185":",","1186":"I","1187":"A","1188":"A","1189":"I","1190":",","1191":"U","1192":"A","1193":"A","1194":"U","1195":",","1196":"C","1197":"A","1198":"A","1199":"C","1200":",","1201":"S","1202":"A","1203":"A","1204":"S","1205":",","1206":"C","1207":"A","1208":"A","1209":"C","1210":",","1211":"E","1212":"A","1213":"A","1214":"E","1215":";","1216":"Q","1217":"A","1218":"A","1219":"E","1220":";","1221":"Q","1222":"A","1223":"C","1224":"3","1225":"B","1226":",","1227":"I","1228":"A","1229":"A","1230":"I","1231":",","1232":"U","1233":"A","1234":"A","1235":"U","1236":",","1237":"C","1238":"A","1239":"A","1240":"C","1241":",","1242":"K","1243":"A","1244":"A","1245":"K","1246":",","1247":"K","1248":"A","1249":"A","1250":"K","1251":",","1252":"S","1253":"A","1254":"A","1255":"S","1256":",","1257":"E","1258":"A","1259":"A","1260":"E","1261":";","1262":"U","1263":"A","1264":"C","1265":"l","1266":"C","1267":";","1268":"U","1269":"A","1270":"C","1271":"A","1272":",","1273":"a","1274":"A","1275":"A","1276":"a","1277":",","1278":"C","1279":"A","1280":"A","1281":"C","1282":",","1283":"K","1284":"A","1285":"A","1286":"K","1287":",","1288":"G","1289":"A","1290":"A","1291":"G","1292":",","1293":"a","1294":"A","1295":"A","1296":"a","1297":",","1298":"C","1299":"A","1300":"A","1301":"C","1302":",","1303":"K","1304":"A","1305":"A","1306":"K","1307":",","1308":"K","1309":"A","1310":"A","1311":"K","1312":",","1313":"K","1314":"A","1315":"A","1316":"K","1317":",","1318":"G","1319":"A","1320":"A","1321":"G","1322":",","1323":"M","1324":"A","1325":"A","1326":"M","1327":",","1328":"G","1329":"A","1330":"A","1331":"G","1332":",","1333":"K","1334":"A","1335":"A","1336":"K","1337":";","1338":"S","1339":"A","1340":"C","1341":"r","1342":"E","1343":",","1344":"M","1345":"A","1346":"A","1347":"M","1348":";","1349":"U","1350":"A","1351":"C","1352":"L","1353":";","1354":"U","1355":"A","1356":"C","1357":"A","1358":",","1359":"U","1360":"A","1361":"A","1362":"U","1363":",","1364":"C","1365":"A","1366":"A","1367":"C","1368":",","1369":"K","1370":"A","1371":"A","1372":"K","1373":",","1374":"G","1375":"A","1376":"A","1377":"G","1378":",","1379":"S","1380":"A","1381":"A","1382":"S","1383":";","1384":"U","1385":"A","1386":"C","1387":"5","1388":"B","1389":",","1390":"a","1391":"A","1392":"A","1393":"a","1394":",","1395":"C","1396":"A","1397":"A","1398":"C","1399":",","1400":"K","1401":"A","1402":"A","1403":"K","1404":",","1405":"G","1406":"A","1407":"A","1408":"G","1409":",","1410":"K","1411":"A","1412":"A","1413":"K","1414":";","1415":";","1416":";","1417":"I","1418":"A","1419":"G","1420":"j","1421":"C","1422":",","1423":"C","1424":"A","1425":"A","1426":"C","1427":";","1428":"I","1429":"A","1430":"E","1431":"D","1432":",","1433":"O","1434":"A","1435":"A","1436":"O","1437":";","1438":"M","1439":"A","1440":"C","1441":"L","1442":",","1443":"U","1444":"A","1445":"A","1446":"U","1447":";","1448":"M","1449":"A","1450":"C","1451":"V","1452":",","1453":"a","1454":"A","1455":"A","1456":"a","1457":";","1458":"M","1459":"A","1460":"C","1461":"b","1462":",","1463":"U","1464":"A","1465":"A","1466":"U","1467":";","1468":"M","1469":"A","1470":"C","1471":"V","1472":",","1473":"U","1474":"A","1475":"A","1476":"U","1477":";","1478":"M","1479":"A","1480":"C","1481":"V","1482":",","1483":"Q","1484":"A","1485":"A","1486":"Q","1487":";","1488":"K","1489":"A","1490":"C","1491":"T","1492":";","1493":"E","1494":"A","1495":"C","1496":"H","1497":";","1498":"C","1499":"A","1500":"C","1501":"D","1502":",","1503":"C","1504":"A","1505":"A","1506":"C","1507":"\"","1508":",","1509":"\"","1510":"f","1511":"i","1512":"l","1513":"e","1514":"\"","1515":":","1516":"\"","1517":"C","1518":":","1519":"\\","1520":"\\","1521":"U","1522":"s","1523":"e","1524":"r","1525":"s","1526":"\\","1527":"\\","1528":"a","1529":"n","1530":"g","1531":"j","1532":"e","1533":"\\","1534":"\\","1535":"O","1536":"n","1537":"e","1538":"D","1539":"r","1540":"i","1541":"v","1542":"e","1543":"\\","1544":"\\","1545":"D","1546":"e","1547":"s","1548":"k","1549":"t","1550":"o","1551":"p","1552":"\\","1553":"\\","1554":"w","1555":"o","1556":"r","1557":"k","1558":"\\","1559":"\\","1560":"c","1561":"u","1562":"s","1563":"t","1564":"o","1565":"m","1566":"e","1567":"r","1568":"-","1569":"t","1570":"r","1571":"a","1572":"n","1573":"s","1574":"a","1575":"c","1576":"t","1577":"i","1578":"o","1579":"n","1580":"-","1581":"d","1582":"a","1583":"s","1584":"h","1585":"b","1586":"o","1587":"a","1588":"r","1589":"d","1590":"\\","1591":"\\","1592":"c","1593":"l","1594":"i","1595":"e","1596":"n","1597":"t","1598":"\\","1599":"\\","1600":"s","1601":"r","1602":"c","1603":"\\","1604":"\\","1605":"c","1606":"o","1607":"m","1608":"p","1609":"o","1610":"n","1611":"e","1612":"n","1613":"t","1614":"s","1615":"\\","1616":"\\","1617":"c","1618":"o","1619":"m","1620":"m","1621":"o","1622":"n","1623":"\\","1624":"\\","1625":"T","1626":"a","1627":"b","1628":"l","1629":"e","1630":"C","1631":"o","1632":"m","1633":"p","1634":"o","1635":"n","1636":"e","1637":"n","1638":"t","1639":".","1640":"v","1641":"u","1642":"e","1643":"\"","1644":",","1645":"\"","1646":"s","1647":"o","1648":"u","1649":"r","1650":"c","1651":"e","1652":"s","1653":"C","1654":"o","1655":"n","1656":"t","1657":"e","1658":"n","1659":"t","1660":"\"","1661":":","1662":"[","1663":"\"","1664":"<","1665":"t","1666":"e","1667":"m","1668":"p","1669":"l","1670":"a","1671":"t","1672":"e","1673":">","1674":"\\","1675":"r","1676":"\\","1677":"n","1678":" ","1679":" ","1680":"<","1681":"d","1682":"i","1683":"v","1684":" ","1685":"c","1686":"l","1687":"a","1688":"s","1689":"s","1690":"=","1691":"\\","1692":"\"","1693":"m","1694":"a","1695":"x","1696":"-","1697":"w","1698":"-","1699":"2","1700":"x","1701":"l","1702":" ","1703":"m","1704":"x","1705":"-","1706":"a","1707":"u","1708":"t","1709":"o","1710":"\\","1711":"\"","1712":">","1713":"\\","1714":"r","1715":"\\","1716":"n","1717":" ","1718":" ","1719":" ","1720":" ","1721":"<","1722":"d","1723":"i","1724":"v","1725":" ","1726":"c","1727":"l","1728":"a","1729":"s","1730":"s","1731":"=","1732":"\\","1733":"\"","1734":"r","1735":"e","1736":"l","1737":"a","1738":"t","1739":"i","1740":"v","1741":"e","1742":" ","1743":"o","1744":"v","1745":"e","1746":"r","1747":"f","1748":"l","1749":"o","1750":"w","1751":"-","1752":"x","1753":"-","1754":"a","1755":"u","1756":"t","1757":"o","1758":" ","1759":"s","1760":"h","1761":"a","1762":"d","1763":"o","1764":"w","1765":"-","1766":"m","1767":"d","1768":" ","1769":"s","1770":"m","1771":":","1772":"r","1773":"o","1774":"u","1775":"n","1776":"d","1777":"e","1778":"d","1779":"-","1780":"l","1781":"g","1782":" ","1783":"b","1784":"g","1785":"-","1786":"w","1787":"h","1788":"i","1789":"t","1790":"e","1791":"\\","1792":"\"","1793":">","1794":"\\","1795":"r","1796":"\\","1797":"n","1798":" ","1799":" ","1800":" ","1801":" ","1802":" ","1803":" ","1804":"<","1805":"d","1806":"i","1807":"v","1808":" ","1809":"c","1810":"l","1811":"a","1812":"s","1813":"s","1814":"=","1815":"\\","1816":"\"","1817":"p","1818":"-","1819":"4","1820":"\\","1821":"\"","1822":">","1823":"\\","1824":"r","1825":"\\","1826":"n","1827":" ","1828":" ","1829":" ","1830":" ","1831":" ","1832":" ","1833":" ","1834":" ","1835":"<","1836":"l","1837":"a","1838":"b","1839":"e","1840":"l","1841":" ","1842":"f","1843":"o","1844":"r","1845":"=","1846":"\\","1847":"\"","1848":"t","1849":"a","1850":"b","1851":"l","1852":"e","1853":"-","1854":"s","1855":"e","1856":"a","1857":"r","1858":"c","1859":"h","1860":"\\","1861":"\"","1862":" ","1863":"c","1864":"l","1865":"a","1866":"s","1867":"s","1868":"=","1869":"\\","1870":"\"","1871":"s","1872":"r","1873":"-","1874":"o","1875":"n","1876":"l","1877":"y","1878":"\\","1879":"\"","1880":">","1881":"S","1882":"e","1883":"a","1884":"r","1885":"c","1886":"h","1887":"<","1888":"/","1889":"l","1890":"a","1891":"b","1892":"e","1893":"l","1894":">","1895":"\\","1896":"r","1897":"\\","1898":"n","1899":" ","1900":" ","1901":" ","1902":" ","1903":" ","1904":" ","1905":" ","1906":" ","1907":"<","1908":"d","1909":"i","1910":"v","1911":" ","1912":"c","1913":"l","1914":"a","1915":"s","1916":"s","1917":"=","1918":"\\","1919":"\"","1920":"r","1921":"e","1922":"l","1923":"a","1924":"t","1925":"i","1926":"v","1927":"e","1928":" ","1929":"m","1930":"t","1931":"-","1932":"1","1933":"\\","1934":"\"","1935":">","1936":"\\","1937":"r","1938":"\\","1939":"n","1940":" ","1941":" ","1942":" ","1943":" ","1944":" ","1945":" ","1946":" ","1947":" ","1948":" ","1949":" ","1950":"<","1951":"d","1952":"i","1953":"v","1954":" ","1955":"c","1956":"l","1957":"a","1958":"s","1959":"s","1960":"=","1961":"\\","1962":"\"","1963":"a","1964":"b","1965":"s","1966":"o","1967":"l","1968":"u","1969":"t","1970":"e","1971":" ","1972":"i","1973":"n","1974":"s","1975":"e","1976":"t","1977":"-","1978":"y","1979":"-","1980":"0","1981":" ","1982":"l","1983":"e","1984":"f","1985":"t","1986":"-","1987":"0","1988":" ","1989":"f","1990":"l","1991":"e","1992":"x","1993":" ","1994":"i","1995":"t","1996":"e","1997":"m","1998":"s","1999":"-","2000":"c","2001":"e","2002":"n","2003":"t","2004":"e","2005":"r","2006":" ","2007":"p","2008":"l","2009":"-","2010":"3","2011":" ","2012":"p","2013":"o","2014":"i","2015":"n","2016":"t","2017":"e","2018":"r","2019":"-","2020":"e","2021":"v","2022":"e","2023":"n","2024":"t","2025":"s","2026":"-","2027":"n","2028":"o","2029":"n","2030":"e","2031":"\\","2032":"\"","2033":">","2034":"\\","2035":"r","2036":"\\","2037":"n","2038":" ","2039":" ","2040":" ","2041":" ","2042":" ","2043":" ","2044":" ","2045":" ","2046":" ","2047":" ","2048":" ","2049":" ","2050":"<","2051":"s","2052":"v","2053":"g","2054":"\\","2055":"r","2056":"\\","2057":"n","2058":" ","2059":" ","2060":" ","2061":" ","2062":" ","2063":" ","2064":" ","2065":" ","2066":" ","2067":" ","2068":" ","2069":" ","2070":" ","2071":" ","2072":"c","2073":"l","2074":"a","2075":"s","2076":"s","2077":"=","2078":"\\","2079":"\"","2080":"w","2081":"-","2082":"5","2083":" ","2084":"h","2085":"-","2086":"5","2087":" ","2088":"t","2089":"e","2090":"x","2091":"t","2092":"-","2093":"g","2094":"r","2095":"a","2096":"y","2097":"-","2098":"5","2099":"0","2100":"0","2101":"\\","2102":"\"","2103":"\\","2104":"r","2105":"\\","2106":"n","2107":" ","2108":" ","2109":" ","2110":" ","2111":" ","2112":" ","2113":" ","2114":" ","2115":" ","2116":" ","2117":" ","2118":" ","2119":" ","2120":" ","2121":"f","2122":"i","2123":"l","2124":"l","2125":"=","2126":"\\","2127":"\"","2128":"c","2129":"u","2130":"r","2131":"r","2132":"e","2133":"n","2134":"t","2135":"C","2136":"o","2137":"l","2138":"o","2139":"r","2140":"\\","2141":"\"","2142":"\\","2143":"r","2144":"\\","2145":"n","2146":" ","2147":" ","2148":" ","2149":" ","2150":" ","2151":" ","2152":" ","2153":" ","2154":" ","2155":" ","2156":" ","2157":" ","2158":" ","2159":" ","2160":"v","2161":"i","2162":"e","2163":"w","2164":"B","2165":"o","2166":"x","2167":"=","2168":"\\","2169":"\"","2170":"0","2171":" ","2172":"0","2173":" ","2174":"2","2175":"0","2176":" ","2177":"2","2178":"0","2179":"\\","2180":"\"","2181":"\\","2182":"r","2183":"\\","2184":"n","2185":" ","2186":" ","2187":" ","2188":" ","2189":" ","2190":" ","2191":" ","2192":" ","2193":" ","2194":" ","2195":" ","2196":" ","2197":" ","2198":" ","2199":"x","2200":"m","2201":"l","2202":"n","2203":"s","2204":"=","2205":"\\","2206":"\"","2207":"h","2208":"t","2209":"t","2210":"p","2211":":","2212":"/","2213":"/","2214":"w","2215":"w","2216":"w","2217":".","2218":"w","2219":"3","2220":".","2221":"o","2222":"r","2223":"g","2224":"/","2225":"2","2226":"0","2227":"0","2228":"0","2229":"/","2230":"s","2231":"v","2232":"g","2233":"\\","2234":"\"","2235":"\\","2236":"r","2237":"\\","2238":"n","2239":" ","2240":" ","2241":" ","2242":" ","2243":" ","2244":" ","2245":" ","2246":" ","2247":" ","2248":" ","2249":" ","2250":" ","2251":">","2252":"\\","2253":"r","2254":"\\","2255":"n","2256":" ","2257":" ","2258":" ","2259":" ","2260":" ","2261":" ","2262":" ","2263":" ","2264":" ","2265":" ","2266":" ","2267":" ","2268":" ","2269":" ","2270":"<","2271":"p","2272":"a","2273":"t","2274":"h","2275":"\\","2276":"r","2277":"\\","2278":"n","2279":" ","2280":" ","2281":" ","2282":" ","2283":" ","2284":" ","2285":" ","2286":" ","2287":" ","2288":" ","2289":" ","2290":" ","2291":" ","2292":" ","2293":" ","2294":" ","2295":"f","2296":"i","2297":"l","2298":"l","2299":"-","2300":"r","2301":"u","2302":"l","2303":"e","2304":"=","2305":"\\","2306":"\"","2307":"e","2308":"v","2309":"e","2310":"n","2311":"o","2312":"d","2313":"d","2314":"\\","2315":"\"","2316":"\\","2317":"r","2318":"\\","2319":"n","2320":" ","2321":" ","2322":" ","2323":" ","2324":" ","2325":" ","2326":" ","2327":" ","2328":" ","2329":" ","2330":" ","2331":" ","2332":" ","2333":" ","2334":" ","2335":" ","2336":"d","2337":"=","2338":"\\","2339":"\"","2340":"M","2341":"8","2342":" ","2343":"4","2344":"a","2345":"4","2346":" ","2347":"4","2348":" ","2349":"0","2350":" ","2351":"1","2352":"0","2353":"0","2354":" ","2355":"8","2356":" ","2357":"4","2358":" ","2359":"4","2360":" ","2361":"0","2362":" ","2363":"0","2364":"0","2365":"0","2366":"-","2367":"8","2368":"z","2369":"M","2370":"2","2371":" ","2372":"8","2373":"a","2374":"6","2375":" ","2376":"6","2377":" ","2378":"0","2379":" ","2380":"1","2381":"1","2382":"1","2383":"0","2384":".","2385":"8","2386":"9","2387":" ","2388":"3","2389":".","2390":"4","2391":"7","2392":"6","2393":"l","2394":"4","2395":".","2396":"8","2397":"1","2398":"7","2399":" ","2400":"4","2401":".","2402":"8","2403":"1","2404":"7","2405":"a","2406":"1","2407":" ","2408":"1","2409":" ","2410":"0","2411":" ","2412":"0","2413":"1","2414":"-","2415":"1","2416":".","2417":"4","2418":"1","2419":"4","2420":" ","2421":"1","2422":".","2423":"4","2424":"1","2425":"4","2426":"l","2427":"-","2428":"4","2429":".","2430":"8","2431":"1","2432":"6","2433":"-","2434":"4","2435":".","2436":"8","2437":"1","2438":"6","2439":"A","2440":"6","2441":" ","2442":"6","2443":" ","2444":"0","2445":" ","2446":"0","2447":"1","2448":"2","2449":" ","2450":"8","2451":"z","2452":"\\","2453":"\"","2454":"\\","2455":"r","2456":"\\","2457":"n","2458":" ","2459":" ","2460":" ","2461":" ","2462":" ","2463":" ","2464":" ","2465":" ","2466":" ","2467":" ","2468":" ","2469":" ","2470":" ","2471":" ","2472":" ","2473":" ","2474":"c","2475":"l","2476":"i","2477":"p","2478":"-","2479":"r","2480":"u","2481":"l","2482":"e","2483":"=","2484":"\\","2485":"\"","2486":"e","2487":"v","2488":"e","2489":"n","2490":"o","2491":"d","2492":"d","2493":"\\","2494":"\"","2495":"\\","2496":"r","2497":"\\","2498":"n","2499":" ","2500":" ","2501":" ","2502":" ","2503":" ","2504":" ","2505":" ","2506":" ","2507":" ","2508":" ","2509":" ","2510":" ","2511":" ","2512":" ","2513":">","2514":"<","2515":"/","2516":"p","2517":"a","2518":"t","2519":"h","2520":">","2521":"\\","2522":"r","2523":"\\","2524":"n","2525":" ","2526":" ","2527":" ","2528":" ","2529":" ","2530":" ","2531":" ","2532":" ","2533":" ","2534":" ","2535":" ","2536":" ","2537":"<","2538":"/","2539":"s","2540":"v","2541":"g","2542":">","2543":"\\","2544":"r","2545":"\\","2546":"n","2547":" ","2548":" ","2549":" ","2550":" ","2551":" ","2552":" ","2553":" ","2554":" ","2555":" ","2556":" ","2557":"<","2558":"/","2559":"d","2560":"i","2561":"v","2562":">","2563":"\\","2564":"r","2565":"\\","2566":"n","2567":" ","2568":" ","2569":" ","2570":" ","2571":" ","2572":" ","2573":" ","2574":" ","2575":" ","2576":" ","2577":"<","2578":"i","2579":"n","2580":"p","2581":"u","2582":"t","2583":"\\","2584":"r","2585":"\\","2586":"n","2587":" ","2588":" ","2589":" ","2590":" ","2591":" ","2592":" ","2593":" ","2594":" ","2595":" ","2596":" ","2597":" ","2598":" ","2599":"t","2600":"y","2601":"p","2602":"e","2603":"=","2604":"\\","2605":"\"","2606":"t","2607":"e","2608":"x","2609":"t","2610":"\\","2611":"\"","2612":"\\","2613":"r","2614":"\\","2615":"n","2616":" ","2617":" ","2618":" ","2619":" ","2620":" ","2621":" ","2622":" ","2623":" ","2624":" ","2625":" ","2626":" ","2627":" ","2628":"i","2629":"d","2630":"=","2631":"\\","2632":"\"","2633":"t","2634":"a","2635":"b","2636":"l","2637":"e","2638":"-","2639":"s","2640":"e","2641":"a","2642":"r","2643":"c","2644":"h","2645":"\\","2646":"\"","2647":"\\","2648":"r","2649":"\\","2650":"n","2651":" ","2652":" ","2653":" ","2654":" ","2655":" ","2656":" ","2657":" ","2658":" ","2659":" ","2660":" ","2661":" ","2662":" ","2663":"c","2664":"l","2665":"a","2666":"s","2667":"s","2668":"=","2669":"\\","2670":"\"","2671":"b","2672":"g","2673":"-","2674":"g","2675":"r","2676":"a","2677":"y","2678":"-","2679":"5","2680":"0","2681":" ","2682":"b","2683":"o","2684":"r","2685":"d","2686":"e","2687":"r","2688":" ","2689":"b","2690":"o","2691":"r","2692":"d","2693":"e","2694":"r","2695":"-","2696":"g","2697":"r","2698":"a","2699":"y","2700":"-","2701":"3","2702":"0","2703":"0","2704":" ","2705":"t","2706":"e","2707":"x","2708":"t","2709":"-","2710":"g","2711":"r","2712":"a","2713":"y","2714":"-","2715":"9","2716":"0","2717":"0","2718":" ","2719":"t","2720":"e","2721":"x","2722":"t","2723":"-","2724":"s","2725":"m","2726":" ","2727":"r","2728":"o","2729":"u","2730":"n","2731":"d","2732":"e","2733":"d","2734":"-","2735":"l","2736":"g","2737":" ","2738":"f","2739":"o","2740":"c","2741":"u","2742":"s","2743":":","2744":"r","2745":"i","2746":"n","2747":"g","2748":"-","2749":"b","2750":"l","2751":"u","2752":"e","2753":"-","2754":"5","2755":"0","2756":"0","2757":" ","2758":"f","2759":"o","2760":"c","2761":"u","2762":"s","2763":":","2764":"b","2765":"o","2766":"r","2767":"d","2768":"e","2769":"r","2770":"-","2771":"b","2772":"l","2773":"u","2774":"e","2775":"-","2776":"5","2777":"0","2778":"0","2779":" ","2780":"b","2781":"l","2782":"o","2783":"c","2784":"k","2785":" ","2786":"w","2787":"-","2788":"8","2789":"0","2790":" ","2791":"p","2792":"l","2793":"-","2794":"1","2795":"0","2796":" ","2797":"p","2798":"-","2799":"2","2800":".","2801":"5","2802":"\\","2803":"\"","2804":"\\","2805":"r","2806":"\\","2807":"n","2808":" ","2809":" ","2810":" ","2811":" ","2812":" ","2813":" ","2814":" ","2815":" ","2816":" ","2817":" ","2818":" ","2819":" ","2820":"p","2821":"l","2822":"a","2823":"c","2824":"e","2825":"h","2826":"o","2827":"l","2828":"d","2829":"e","2830":"r","2831":"=","2832":"\\","2833":"\"","2834":"S","2835":"e","2836":"a","2837":"r","2838":"c","2839":"h","2840":" ","2841":"f","2842":"o","2843":"r","2844":" ","2845":"i","2846":"t","2847":"e","2848":"m","2849":"s","2850":"\\","2851":"\"","2852":"\\","2853":"r","2854":"\\","2855":"n","2856":" ","2857":" ","2858":" ","2859":" ","2860":" ","2861":" ","2862":" ","2863":" ","2864":" ","2865":" ","2866":">","2867":"\\","2868":"r","2869":"\\","2870":"n","2871":" ","2872":" ","2873":" ","2874":" ","2875":" ","2876":" ","2877":" ","2878":" ","2879":"<","2880":"/","2881":"d","2882":"i","2883":"v","2884":">","2885":"\\","2886":"r","2887":"\\","2888":"n","2889":" ","2890":" ","2891":" ","2892":" ","2893":" ","2894":" ","2895":"<","2896":"/","2897":"d","2898":"i","2899":"v","2900":">","2901":"\\","2902":"r","2903":"\\","2904":"n","2905":" ","2906":" ","2907":" ","2908":" ","2909":" ","2910":" ","2911":"<","2912":"t","2913":"a","2914":"b","2915":"l","2916":"e","2917":" ","2918":"c","2919":"l","2920":"a","2921":"s","2922":"s","2923":"=","2924":"\\","2925":"\"","2926":"w","2927":"-","2928":"f","2929":"u","2930":"l","2931":"l","2932":" ","2933":"t","2934":"e","2935":"x","2936":"t","2937":"-","2938":"s","2939":"m","2940":" ","2941":"t","2942":"e","2943":"x","2944":"t","2945":"-","2946":"l","2947":"e","2948":"f","2949":"t","2950":"\\","2951":"\"","2952":">","2953":"\\","2954":"r","2955":"\\","2956":"n","2957":" ","2958":" ","2959":" ","2960":" ","2961":" ","2962":" ","2963":" ","2964":" ","2965":"<","2966":"t","2967":"h","2968":"e","2969":"a","2970":"d","2971":" ","2972":"c","2973":"l","2974":"a","2975":"s","2976":"s","2977":"=","2978":"\\","2979":"\"","2980":"t","2981":"e","2982":"x","2983":"t","2984":"-","2985":"x","2986":"s","2987":" ","2988":"u","2989":"p","2990":"p","2991":"e","2992":"r","2993":"c","2994":"a","2995":"s","2996":"e","2997":" ","2998":"b","2999":"g","3000":"-","3001":"g","3002":"r","3003":"a","3004":"y","3005":"-","3006":"1","3007":"0","3008":"0","3009":"\\","3010":"\"","3011":">","3012":"\\","3013":"r","3014":"\\","3015":"n","3016":" ","3017":" ","3018":" ","3019":" ","3020":" ","3021":" ","3022":" ","3023":" ","3024":" ","3025":" ","3026":"<","3027":"t","3028":"r","3029":">","3030":"\\","3031":"r","3032":"\\","3033":"n","3034":" ","3035":" ","3036":" ","3037":" ","3038":" ","3039":" ","3040":" ","3041":" ","3042":" ","3043":" ","3044":" ","3045":" ","3046":"<","3047":"t","3048":"h","3049":"\\","3050":"r","3051":"\\","3052":"n","3053":" ","3054":" ","3055":" ","3056":" ","3057":" ","3058":" ","3059":" ","3060":" ","3061":" ","3062":" ","3063":" ","3064":" ","3065":" ","3066":" ","3067":"v","3068":"-","3069":"f","3070":"o","3071":"r","3072":"=","3073":"\\","3074":"\"","3075":"c","3076":"o","3077":"l","3078":"u","3079":"m","3080":"n","3081":" ","3082":"i","3083":"n","3084":" ","3085":"c","3086":"o","3087":"l","3088":"u","3089":"m","3090":"n","3091":"s","3092":"\\","3093":"\"","3094":"\\","3095":"r","3096":"\\","3097":"n","3098":" ","3099":" ","3100":" ","3101":" ","3102":" ","3103":" ","3104":" ","3105":" ","3106":" ","3107":" ","3108":" ","3109":" ","3110":" ","3111":" ","3112":":","3113":"k","3114":"e","3115":"y","3116":"=","3117":"\\","3118":"\"","3119":"c","3120":"o","3121":"l","3122":"u","3123":"m","3124":"n","3125":".","3126":"k","3127":"e","3128":"y","3129":"\\","3130":"\"","3131":"\\","3132":"r","3133":"\\","3134":"n","3135":" ","3136":" ","3137":" ","3138":" ","3139":" ","3140":" ","3141":" ","3142":" ","3143":" ","3144":" ","3145":" ","3146":" ","3147":" ","3148":" ","3149":"c","3150":"l","3151":"a","3152":"s","3153":"s","3154":"=","3155":"\\","3156":"\"","3157":"p","3158":"x","3159":"-","3160":"6","3161":" ","3162":"p","3163":"y","3164":"-","3165":"3","3166":" ","3167":"c","3168":"u","3169":"r","3170":"s","3171":"o","3172":"r","3173":"-","3174":"p","3175":"o","3176":"i","3177":"n","3178":"t","3179":"e","3180":"r","3181":"\\","3182":"\"","3183":"\\","3184":"r","3185":"\\","3186":"n","3187":" ","3188":" ","3189":" ","3190":" ","3191":" ","3192":" ","3193":" ","3194":" ","3195":" ","3196":" ","3197":" ","3198":" ","3199":" ","3200":" ","3201":"@","3202":"c","3203":"l","3204":"i","3205":"c","3206":"k","3207":"=","3208":"\\","3209":"\"","3210":"s","3211":"o","3212":"r","3213":"t","3214":"D","3215":"a","3216":"t","3217":"a","3218":"(","3219":"c","3220":"o","3221":"l","3222":"u","3223":"m","3224":"n","3225":".","3226":"k","3227":"e","3228":"y","3229":")","3230":"\\","3231":"\"","3232":"\\","3233":"r","3234":"\\","3235":"n","3236":" ","3237":" ","3238":" ","3239":" ","3240":" ","3241":" ","3242":" ","3243":" ","3244":" ","3245":" ","3246":" ","3247":" ","3248":" ","3249":" ","3250":":","3251":"d","3252":"a","3253":"t","3254":"a","3255":"-","3256":"c","3257":"o","3258":"l","3259":"u","3260":"m","3261":"n","3262":"-","3263":"k","3264":"e","3265":"y","3266":"=","3267":"\\","3268":"\"","3269":"c","3270":"o","3271":"l","3272":"u","3273":"m","3274":"n","3275":".","3276":"k","3277":"e","3278":"y","3279":"\\","3280":"\"","3281":"\\","3282":"r","3283":"\\","3284":"n","3285":" ","3286":" ","3287":" ","3288":" ","3289":" ","3290":" ","3291":" ","3292":" ","3293":" ","3294":" ","3295":" ","3296":" ","3297":">","3298":"\\","3299":"r","3300":"\\","3301":"n","3302":" ","3303":" ","3304":" ","3305":" ","3306":" ","3307":" ","3308":" ","3309":" ","3310":" ","3311":" ","3312":" ","3313":" ","3314":" ","3315":" ","3316":"{","3317":"{","3318":" ","3319":"c","3320":"o","3321":"l","3322":"u","3323":"m","3324":"n","3325":".","3326":"l","3327":"a","3328":"b","3329":"e","3330":"l","3331":" ","3332":"}","3333":"}","3334":"\\","3335":"r","3336":"\\","3337":"n","3338":" ","3339":" ","3340":" ","3341":" ","3342":" ","3343":" ","3344":" ","3345":" ","3346":" ","3347":" ","3348":" ","3349":" ","3350":" ","3351":" ","3352":"<","3353":"s","3354":"p","3355":"a","3356":"n","3357":" ","3358":"v","3359":"-","3360":"i","3361":"f","3362":"=","3363":"\\","3364":"\"","3365":"i","3366":"s","3367":"S","3368":"o","3369":"r","3370":"t","3371":"a","3372":"b","3373":"l","3374":"e","3375":"(","3376":"c","3377":"o","3378":"l","3379":"u","3380":"m","3381":"n","3382":".","3383":"k","3384":"e","3385":"y","3386":")","3387":"\\","3388":"\"","3389":">","3390":"\\","3391":"r","3392":"\\","3393":"n","3394":" ","3395":" ","3396":" ","3397":" ","3398":" ","3399":" ","3400":" ","3401":" ","3402":" ","3403":" ","3404":" ","3405":" ","3406":" ","3407":" ","3408":" ","3409":" ","3410":"<","3411":"s","3412":"p","3413":"a","3414":"n","3415":" ","3416":"v","3417":"-","3418":"i","3419":"f","3420":"=","3421":"\\","3422":"\"","3423":"s","3424":"o","3425":"r","3426":"t","3427":"C","3428":"o","3429":"l","3430":"u","3431":"m","3432":"n","3433":" ","3434":"=","3435":"=","3436":"=","3437":" ","3438":"c","3439":"o","3440":"l","3441":"u","3442":"m","3443":"n","3444":".","3445":"k","3446":"e","3447":"y","3448":" ","3449":"|","3450":"|","3451":" ","3452":"!","3453":"s","3454":"o","3455":"r","3456":"t","3457":"C","3458":"o","3459":"l","3460":"u","3461":"m","3462":"n","3463":"\\","3464":"\"","3465":">","3466":"\\","3467":"r","3468":"\\","3469":"n","3470":" ","3471":" ","3472":" ","3473":" ","3474":" ","3475":" ","3476":" ","3477":" ","3478":" ","3479":" ","3480":" ","3481":" ","3482":" ","3483":" ","3484":" ","3485":" ","3486":" ","3487":" ","3488":"<","3489":"s","3490":"p","3491":"a","3492":"n","3493":" ","3494":"v","3495":"-","3496":"i","3497":"f","3498":"=","3499":"\\","3500":"\"","3501":"s","3502":"o","3503":"r","3504":"t","3505":"D","3506":"i","3507":"r","3508":"e","3509":"c","3510":"t","3511":"i","3512":"o","3513":"n","3514":" ","3515":"=","3516":"=","3517":"=","3518":" ","3519":"'","3520":"a","3521":"s","3522":"c","3523":"'","3524":"\\","3525":"\"","3526":">","3527":"▲","3528":"<","3529":"/","3530":"s","3531":"p","3532":"a","3533":"n","3534":">","3535":"\\","3536":"r","3537":"\\","3538":"n","3539":" ","3540":" ","3541":" ","3542":" ","3543":" ","3544":" ","3545":" ","3546":" ","3547":" ","3548":" ","3549":" ","3550":" ","3551":" ","3552":" ","3553":" ","3554":" ","3555":" ","3556":" ","3557":"<","3558":"s","3559":"p","3560":"a","3561":"n","3562":" ","3563":"v","3564":"-","3565":"e","3566":"l","3567":"s","3568":"e","3569":">","3570":"▼","3571":"<","3572":"/","3573":"s","3574":"p","3575":"a","3576":"n","3577":">","3578":"\\","3579":"r","3580":"\\","3581":"n","3582":" ","3583":" ","3584":" ","3585":" ","3586":" ","3587":" ","3588":" ","3589":" ","3590":" ","3591":" ","3592":" ","3593":" ","3594":" ","3595":" ","3596":" ","3597":" ","3598":"<","3599":"/","3600":"s","3601":"p","3602":"a","3603":"n","3604":">","3605":"\\","3606":"r","3607":"\\","3608":"n","3609":" ","3610":" ","3611":" ","3612":" ","3613":" ","3614":" ","3615":" ","3616":" ","3617":" ","3618":" ","3619":" ","3620":" ","3621":" ","3622":" ","3623":"<","3624":"/","3625":"s","3626":"p","3627":"a","3628":"n","3629":">","3630":"\\","3631":"r","3632":"\\","3633":"n","3634":" ","3635":" ","3636":" ","3637":" ","3638":" ","3639":" ","3640":" ","3641":" ","3642":" ","3643":" ","3644":" ","3645":" ","3646":"<","3647":"/","3648":"t","3649":"h","3650":">","3651":"\\","3652":"r","3653":"\\","3654":"n","3655":" ","3656":" ","3657":" ","3658":" ","3659":" ","3660":" ","3661":" ","3662":" ","3663":" ","3664":" ","3665":"<","3666":"/","3667":"t","3668":"r","3669":">","3670":"\\","3671":"r","3672":"\\","3673":"n","3674":" ","3675":" ","3676":" ","3677":" ","3678":" ","3679":" ","3680":" ","3681":" ","3682":"<","3683":"/","3684":"t","3685":"h","3686":"e","3687":"a","3688":"d","3689":">","3690":"\\","3691":"r","3692":"\\","3693":"n","3694":" ","3695":" ","3696":" ","3697":" ","3698":" ","3699":" ","3700":" ","3701":" ","3702":"<","3703":"t","3704":"b","3705":"o","3706":"d","3707":"y","3708":">","3709":"\\","3710":"r","3711":"\\","3712":"n","3713":" ","3714":" ","3715":" ","3716":" ","3717":" ","3718":" ","3719":" ","3720":" ","3721":" ","3722":" ","3723":"<","3724":"t","3725":"r","3726":" ","3727":"v","3728":"-","3729":"f","3730":"o","3731":"r","3732":"=","3733":"\\","3734":"\"","3735":"i","3736":"t","3737":"e","3738":"m","3739":" ","3740":"i","3741":"n","3742":" ","3743":"s","3744":"o","3745":"r","3746":"t","3747":"e","3748":"d","3749":"D","3750":"a","3751":"t","3752":"a","3753":"\\","3754":"\"","3755":" ","3756":":","3757":"k","3758":"e","3759":"y","3760":"=","3761":"\\","3762":"\"","3763":"i","3764":"t","3765":"e","3766":"m","3767":".","3768":"i","3769":"d","3770":"\\","3771":"\"","3772":" ","3773":"c","3774":"l","3775":"a","3776":"s","3777":"s","3778":"=","3779":"\\","3780":"\"","3781":"b","3782":"g","3783":"-","3784":"w","3785":"h","3786":"i","3787":"t","3788":"e","3789":" ","3790":"h","3791":"o","3792":"v","3793":"e","3794":"r","3795":":","3796":"b","3797":"g","3798":"-","3799":"g","3800":"r","3801":"a","3802":"y","3803":"-","3804":"5","3805":"0","3806":"\\","3807":"\"","3808":">","3809":"\\","3810":"r","3811":"\\","3812":"n","3813":" ","3814":" ","3815":" ","3816":" ","3817":" ","3818":" ","3819":" ","3820":" ","3821":" ","3822":" ","3823":" ","3824":" ","3825":"<","3826":"t","3827":"d","3828":" ","3829":"v","3830":"-","3831":"f","3832":"o","3833":"r","3834":"=","3835":"\\","3836":"\"","3837":"c","3838":"o","3839":"l","3840":"u","3841":"m","3842":"n","3843":" ","3844":"i","3845":"n","3846":" ","3847":"c","3848":"o","3849":"l","3850":"u","3851":"m","3852":"n","3853":"s","3854":"\\","3855":"\"","3856":" ","3857":":","3858":"k","3859":"e","3860":"y","3861":"=","3862":"\\","3863":"\"","3864":"c","3865":"o","3866":"l","3867":"u","3868":"m","3869":"n","3870":".","3871":"k","3872":"e","3873":"y","3874":"\\","3875":"\"","3876":" ","3877":"c","3878":"l","3879":"a","3880":"s","3881":"s","3882":"=","3883":"\\","3884":"\"","3885":"p","3886":"x","3887":"-","3888":"6","3889":" ","3890":"p","3891":"y","3892":"-","3893":"4","3894":"\\","3895":"\"","3896":">","3897":"{","3898":"{","3899":" ","3900":"i","3901":"t","3902":"e","3903":"m","3904":"[","3905":"c","3906":"o","3907":"l","3908":"u","3909":"m","3910":"n","3911":".","3912":"k","3913":"e","3914":"y","3915":"]","3916":" ","3917":"}","3918":"}","3919":"<","3920":"/","3921":"t","3922":"d","3923":">","3924":"\\","3925":"r","3926":"\\","3927":"n","3928":" ","3929":" ","3930":" ","3931":" ","3932":" ","3933":" ","3934":" ","3935":" ","3936":" ","3937":" ","3938":"<","3939":"/","3940":"t","3941":"r","3942":">","3943":"\\","3944":"r","3945":"\\","3946":"n","3947":" ","3948":" ","3949":" ","3950":" ","3951":" ","3952":" ","3953":" ","3954":" ","3955":"<","3956":"/","3957":"t","3958":"b","3959":"o","3960":"d","3961":"y","3962":">","3963":"\\","3964":"r","3965":"\\","3966":"n","3967":" ","3968":" ","3969":" ","3970":" ","3971":" ","3972":" ","3973":"<","3974":"/","3975":"t","3976":"a","3977":"b","3978":"l","3979":"e","3980":">","3981":"\\","3982":"r","3983":"\\","3984":"n","3985":" ","3986":" ","3987":" ","3988":" ","3989":"<","3990":"/","3991":"d","3992":"i","3993":"v","3994":">","3995":"\\","3996":"r","3997":"\\","3998":"n","3999":" ","4000":" ","4001":"<","4002":"/","4003":"d","4004":"i","4005":"v","4006":">","4007":"\\","4008":"r","4009":"\\","4010":"n","4011":"<","4012":"/","4013":"t","4014":"e","4015":"m","4016":"p","4017":"l","4018":"a","4019":"t","4020":"e","4021":">","4022":"\\","4023":"r","4024":"\\","4025":"n","4026":"\\","4027":"r","4028":"\\","4029":"n","4030":"\\","4031":"r","4032":"\\","4033":"n","4034":"<","4035":"s","4036":"c","4037":"r","4038":"i","4039":"p","4040":"t","4041":" ","4042":"l","4043":"a","4044":"n","4045":"g","4046":"=","4047":"\\","4048":"\"","4049":"t","4050":"s","4051":"\\","4052":"\"","4053":">","4054":"\\","4055":"r","4056":"\\","4057":"n","4058":"i","4059":"m","4060":"p","4061":"o","4062":"r","4063":"t","4064":" ","4065":"{","4066":" ","4067":"d","4068":"e","4069":"f","4070":"i","4071":"n","4072":"e","4073":"C","4074":"o","4075":"m","4076":"p","4077":"o","4078":"n","4079":"e","4080":"n","4081":"t","4082":",","4083":" ","4084":"P","4085":"r","4086":"o","4087":"p","4088":"T","4089":"y","4090":"p","4091":"e","4092":",","4093":" ","4094":"c","4095":"o","4096":"m","4097":"p","4098":"u","4099":"t","4100":"e","4101":"d","4102":",","4103":" ","4104":"r","4105":"e","4106":"f","4107":" ","4108":"}","4109":" ","4110":"f","4111":"r","4112":"o","4113":"m","4114":" ","4115":"\\","4116":"\"","4117":"v","4118":"u","4119":"e","4120":"\\","4121":"\"","4122":"\\","4123":"r","4124":"\\","4125":"n","4126":"\\","4127":"r","4128":"\\","4129":"n","4130":"i","4131":"n","4132":"t","4133":"e","4134":"r","4135":"f","4136":"a","4137":"c","4138":"e","4139":" ","4140":"T","4141":"a","4142":"b","4143":"l","4144":"e","4145":"C","4146":"o","4147":"l","4148":"u","4149":"m","4150":"n","4151":" ","4152":"{","4153":"\\","4154":"r","4155":"\\","4156":"n","4157":" ","4158":" ","4159":"k","4160":"e","4161":"y","4162":":","4163":" ","4164":"s","4165":"t","4166":"r","4167":"i","4168":"n","4169":"g","4170":"\\","4171":"r","4172":"\\","4173":"n","4174":" ","4175":" ","4176":"l","4177":"a","4178":"b","4179":"e","4180":"l","4181":":","4182":" ","4183":"s","4184":"t","4185":"r","4186":"i","4187":"n","4188":"g","4189":"\\","4190":"r","4191":"\\","4192":"n","4193":" ","4194":" ","4195":"s","4196":"o","4197":"r","4198":"t","4199":"a","4200":"b","4201":"l","4202":"e","4203":"?","4204":":","4205":" ","4206":"b","4207":"o","4208":"o","4209":"l","4210":"e","4211":"a","4212":"n","4213":" ","4214":"/","4215":"/","4216":" ","4217":"A","4218":"d","4219":"d","4220":" ","4221":"s","4222":"o","4223":"r","4224":"t","4225":"a","4226":"b","4227":"l","4228":"e","4229":" ","4230":"p","4231":"r","4232":"o","4233":"p","4234":"e","4235":"r","4236":"t","4237":"y","4238":" ","4239":"t","4240":"o","4241":" ","4242":"T","4243":"a","4244":"b","4245":"l","4246":"e","4247":"C","4248":"o","4249":"l","4250":"u","4251":"m","4252":"n","4253":" ","4254":"i","4255":"n","4256":"t","4257":"e","4258":"r","4259":"f","4260":"a","4261":"c","4262":"e","4263":"\\","4264":"r","4265":"\\","4266":"n","4267":"}","4268":"\\","4269":"r","4270":"\\","4271":"n","4272":"\\","4273":"r","4274":"\\","4275":"n","4276":"i","4277":"n","4278":"t","4279":"e","4280":"r","4281":"f","4282":"a","4283":"c","4284":"e","4285":" ","4286":"T","4287":"a","4288":"b","4289":"l","4290":"e","4291":"D","4292":"a","4293":"t","4294":"a","4295":" ","4296":"{","4297":"\\","4298":"r","4299":"\\","4300":"n","4301":" ","4302":" ","4303":"[","4304":"k","4305":"e","4306":"y","4307":":","4308":" ","4309":"s","4310":"t","4311":"r","4312":"i","4313":"n","4314":"g","4315":"]","4316":":","4317":" ","4318":"a","4319":"n","4320":"y","4321":"\\","4322":"r","4323":"\\","4324":"n","4325":"}","4326":"\\","4327":"r","4328":"\\","4329":"n","4330":"\\","4331":"r","4332":"\\","4333":"n","4334":"e","4335":"x","4336":"p","4337":"o","4338":"r","4339":"t","4340":" ","4341":"d","4342":"e","4343":"f","4344":"a","4345":"u","4346":"l","4347":"t","4348":" ","4349":"d","4350":"e","4351":"f","4352":"i","4353":"n","4354":"e","4355":"C","4356":"o","4357":"m","4358":"p","4359":"o","4360":"n","4361":"e","4362":"n","4363":"t","4364":"(","4365":"{","4366":"\\","4367":"r","4368":"\\","4369":"n","4370":" ","4371":" ","4372":"n","4373":"a","4374":"m","4375":"e","4376":":","4377":" ","4378":"\\","4379":"\"","4380":"T","4381":"a","4382":"b","4383":"l","4384":"e","4385":"C","4386":"o","4387":"m","4388":"p","4389":"o","4390":"n","4391":"e","4392":"n","4393":"t","4394":"\\","4395":"\"","4396":",","4397":"\\","4398":"r","4399":"\\","4400":"n","4401":" ","4402":" ","4403":"p","4404":"r","4405":"o","4406":"p","4407":"s","4408":":","4409":" ","4410":"{","4411":"\\","4412":"r","4413":"\\","4414":"n","4415":" ","4416":" ","4417":" ","4418":" ","4419":"c","4420":"o","4421":"l","4422":"u","4423":"m","4424":"n","4425":"s","4426":":","4427":" ","4428":"{","4429":"\\","4430":"r","4431":"\\","4432":"n","4433":" ","4434":" ","4435":" ","4436":" ","4437":" ","4438":" ","4439":"t","4440":"y","4441":"p","4442":"e","4443":":","4444":" ","4445":"A","4446":"r","4447":"r","4448":"a","4449":"y","4450":" ","4451":"a","4452":"s","4453":" ","4454":"P","4455":"r","4456":"o","4457":"p","4458":"T","4459":"y","4460":"p","4461":"e","4462":"<","4463":"T","4464":"a","4465":"b","4466":"l","4467":"e","4468":"C","4469":"o","4470":"l","4471":"u","4472":"m","4473":"n","4474":"[","4475":"]","4476":">","4477":",","4478":"\\","4479":"r","4480":"\\","4481":"n","4482":" ","4483":" ","4484":" ","4485":" ","4486":" ","4487":" ","4488":"r","4489":"e","4490":"q","4491":"u","4492":"i","4493":"r","4494":"e","4495":"d","4496":":","4497":" ","4498":"t","4499":"r","4500":"u","4501":"e","4502":",","4503":"\\","4504":"r","4505":"\\","4506":"n","4507":" ","4508":" ","4509":" ","4510":" ","4511":"}","4512":",","4513":"\\","4514":"r","4515":"\\","4516":"n","4517":" ","4518":" ","4519":" ","4520":" ","4521":"d","4522":"a","4523":"t","4524":"a","4525":":","4526":" ","4527":"{","4528":"\\","4529":"r","4530":"\\","4531":"n","4532":" ","4533":" ","4534":" ","4535":" ","4536":" ","4537":" ","4538":"t","4539":"y","4540":"p","4541":"e","4542":":","4543":" ","4544":"A","4545":"r","4546":"r","4547":"a","4548":"y","4549":" ","4550":"a","4551":"s","4552":" ","4553":"P","4554":"r","4555":"o","4556":"p","4557":"T","4558":"y","4559":"p","4560":"e","4561":"<","4562":"T","4563":"a","4564":"b","4565":"l","4566":"e","4567":"D","4568":"a","4569":"t","4570":"a","4571":"[","4572":"]","4573":">","4574":",","4575":"\\","4576":"r","4577":"\\","4578":"n","4579":" ","4580":" ","4581":" ","4582":" ","4583":" ","4584":" ","4585":"r","4586":"e","4587":"q","4588":"u","4589":"i","4590":"r","4591":"e","4592":"d","4593":":","4594":" ","4595":"t","4596":"r","4597":"u","4598":"e","4599":",","4600":"\\","4601":"r","4602":"\\","4603":"n","4604":" ","4605":" ","4606":" ","4607":" ","4608":"}","4609":",","4610":"\\","4611":"r","4612":"\\","4613":"n","4614":" ","4615":" ","4616":" ","4617":" ","4618":"s","4619":"o","4620":"r","4621":"t","4622":"a","4623":"b","4624":"l","4625":"e","4626":"C","4627":"o","4628":"l","4629":"u","4630":"m","4631":"n","4632":"s","4633":":","4634":" ","4635":"{","4636":"\\","4637":"r","4638":"\\","4639":"n","4640":" ","4641":" ","4642":" ","4643":" ","4644":" ","4645":" ","4646":"t","4647":"y","4648":"p","4649":"e","4650":":","4651":" ","4652":"A","4653":"r","4654":"r","4655":"a","4656":"y","4657":" ","4658":"a","4659":"s","4660":" ","4661":"P","4662":"r","4663":"o","4664":"p","4665":"T","4666":"y","4667":"p","4668":"e","4669":"<","4670":"s","4671":"t","4672":"r","4673":"i","4674":"n","4675":"g","4676":"[","4677":"]","4678":">","4679":",","4680":"\\","4681":"r","4682":"\\","4683":"n","4684":" ","4685":" ","4686":" ","4687":" ","4688":" ","4689":" ","4690":"d","4691":"e","4692":"f","4693":"a","4694":"u","4695":"l","4696":"t","4697":":","4698":" ","4699":"(","4700":")","4701":" ","4702":"=","4703":">","4704":" ","4705":"[","4706":"]","4707":",","4708":"\\","4709":"r","4710":"\\","4711":"n","4712":" ","4713":" ","4714":" ","4715":" ","4716":"}","4717":",","4718":"\\","4719":"r","4720":"\\","4721":"n","4722":" ","4723":" ","4724":"}","4725":",","4726":"\\","4727":"r","4728":"\\","4729":"n","4730":" ","4731":" ","4732":"s","4733":"e","4734":"t","4735":"u","4736":"p","4737":"(","4738":"p","4739":"r","4740":"o","4741":"p","4742":"s","4743":")","4744":" ","4745":"{","4746":"\\","4747":"r","4748":"\\","4749":"n","4750":" ","4751":" ","4752":" ","4753":" ","4754":"c","4755":"o","4756":"n","4757":"s","4758":"t","4759":" ","4760":"s","4761":"o","4762":"r","4763":"t","4764":"C","4765":"o","4766":"l","4767":"u","4768":"m","4769":"n","4770":" ","4771":"=","4772":" ","4773":"r","4774":"e","4775":"f","4776":"<","4777":"s","4778":"t","4779":"r","4780":"i","4781":"n","4782":"g","4783":" ","4784":"|","4785":" ","4786":"n","4787":"u","4788":"l","4789":"l","4790":">","4791":"(","4792":"n","4793":"u","4794":"l","4795":"l","4796":")","4797":";","4798":"\\","4799":"r","4800":"\\","4801":"n","4802":" ","4803":" ","4804":" ","4805":" ","4806":"c","4807":"o","4808":"n","4809":"s","4810":"t","4811":" ","4812":"s","4813":"o","4814":"r","4815":"t","4816":"D","4817":"i","4818":"r","4819":"e","4820":"c","4821":"t","4822":"i","4823":"o","4824":"n","4825":" ","4826":"=","4827":" ","4828":"r","4829":"e","4830":"f","4831":"<","4832":"\\","4833":"\"","4834":"a","4835":"s","4836":"c","4837":"\\","4838":"\"","4839":" ","4840":"|","4841":" ","4842":"\\","4843":"\"","4844":"d","4845":"e","4846":"s","4847":"c","4848":"\\","4849":"\"","4850":">","4851":"(","4852":"\\","4853":"\"","4854":"a","4855":"s","4856":"c","4857":"\\","4858":"\"","4859":")","4860":";","4861":"\\","4862":"r","4863":"\\","4864":"n","4865":"\\","4866":"r","4867":"\\","4868":"n","4869":" ","4870":" ","4871":" ","4872":" ","4873":"c","4874":"o","4875":"n","4876":"s","4877":"t","4878":" ","4879":"s","4880":"o","4881":"r","4882":"t","4883":"e","4884":"d","4885":"D","4886":"a","4887":"t","4888":"a","4889":" ","4890":"=","4891":" ","4892":"c","4893":"o","4894":"m","4895":"p","4896":"u","4897":"t","4898":"e","4899":"d","4900":"(","4901":"(","4902":")","4903":" ","4904":"=","4905":">","4906":" ","4907":"{","4908":"\\","4909":"r","4910":"\\","4911":"n","4912":" ","4913":" ","4914":" ","4915":" ","4916":" ","4917":" ","4918":"i","4919":"f","4920":" ","4921":"(","4922":"s","4923":"o","4924":"r","4925":"t","4926":"C","4927":"o","4928":"l","4929":"u","4930":"m","4931":"n","4932":".","4933":"v","4934":"a","4935":"l","4936":"u","4937":"e","4938":")","4939":" ","4940":"{","4941":"\\","4942":"r","4943":"\\","4944":"n","4945":" ","4946":" ","4947":" ","4948":" ","4949":" ","4950":" ","4951":" ","4952":" ","4953":"c","4954":"o","4955":"n","4956":"s","4957":"t","4958":" ","4959":"k","4960":"e","4961":"y","4962":" ","4963":"=","4964":" ","4965":"s","4966":"o","4967":"r","4968":"t","4969":"C","4970":"o","4971":"l","4972":"u","4973":"m","4974":"n","4975":".","4976":"v","4977":"a","4978":"l","4979":"u","4980":"e","4981":";","4982":"\\","4983":"r","4984":"\\","4985":"n","4986":" ","4987":" ","4988":" ","4989":" ","4990":" ","4991":" ","4992":" ","4993":" ","4994":"c","4995":"o","4996":"n","4997":"s","4998":"t","4999":" ","5000":"d","5001":"i","5002":"r","5003":"e","5004":"c","5005":"t","5006":"i","5007":"o","5008":"n","5009":" ","5010":"=","5011":" ","5012":"s","5013":"o","5014":"r","5015":"t","5016":"D","5017":"i","5018":"r","5019":"e","5020":"c","5021":"t","5022":"i","5023":"o","5024":"n","5025":".","5026":"v","5027":"a","5028":"l","5029":"u","5030":"e","5031":" ","5032":"=","5033":"=","5034":"=","5035":" ","5036":"\\","5037":"\"","5038":"a","5039":"s","5040":"c","5041":"\\","5042":"\"","5043":" ","5044":"?","5045":" ","5046":"1","5047":" ","5048":":","5049":" ","5050":"-","5051":"1","5052":";","5053":"\\","5054":"r","5055":"\\","5056":"n","5057":" ","5058":" ","5059":" ","5060":" ","5061":" ","5062":" ","5063":" ","5064":" ","5065":"r","5066":"e","5067":"t","5068":"u","5069":"r","5070":"n","5071":" ","5072":"[","5073":".","5074":".","5075":".","5076":"p","5077":"r","5078":"o","5079":"p","5080":"s","5081":".","5082":"d","5083":"a","5084":"t","5085":"a","5086":"]","5087":".","5088":"s","5089":"o","5090":"r","5091":"t","5092":"(","5093":"(","5094":"a","5095":",","5096":" ","5097":"b","5098":")","5099":" ","5100":"=","5101":">","5102":" ","5103":"{","5104":"\\","5105":"r","5106":"\\","5107":"n","5108":" ","5109":" ","5110":" ","5111":" ","5112":" ","5113":" ","5114":" ","5115":" ","5116":" ","5117":" ","5118":"c","5119":"o","5120":"n","5121":"s","5122":"t","5123":" ","5124":"v","5125":"a","5126":"l","5127":"u","5128":"e","5129":"A","5130":" ","5131":"=","5132":" ","5133":"a","5134":"[","5135":"k","5136":"e","5137":"y","5138":"]","5139":";","5140":"\\","5141":"r","5142":"\\","5143":"n","5144":" ","5145":" ","5146":" ","5147":" ","5148":" ","5149":" ","5150":" ","5151":" ","5152":" ","5153":" ","5154":"c","5155":"o","5156":"n","5157":"s","5158":"t","5159":" ","5160":"v","5161":"a","5162":"l","5163":"u","5164":"e","5165":"B","5166":" ","5167":"=","5168":" ","5169":"b","5170":"[","5171":"k","5172":"e","5173":"y","5174":"]","5175":";","5176":"\\","5177":"r","5178":"\\","5179":"n","5180":" ","5181":" ","5182":" ","5183":" ","5184":" ","5185":" ","5186":" ","5187":" ","5188":" ","5189":" ","5190":"i","5191":"f","5192":" ","5193":"(","5194":"v","5195":"a","5196":"l","5197":"u","5198":"e","5199":"A","5200":" ","5201":"<","5202":" ","5203":"v","5204":"a","5205":"l","5206":"u","5207":"e","5208":"B","5209":")","5210":" ","5211":"r","5212":"e","5213":"t","5214":"u","5215":"r","5216":"n","5217":" ","5218":"-","5219":"1","5220":" ","5221":"*","5222":" ","5223":"d","5224":"i","5225":"r","5226":"e","5227":"c","5228":"t","5229":"i","5230":"o","5231":"n","5232":";","5233":"\\","5234":"r","5235":"\\","5236":"n","5237":" ","5238":" ","5239":" ","5240":" ","5241":" ","5242":" ","5243":" ","5244":" ","5245":" ","5246":" ","5247":"i","5248":"f","5249":" ","5250":"(","5251":"v","5252":"a","5253":"l","5254":"u","5255":"e","5256":"A","5257":" ","5258":">","5259":" ","5260":"v","5261":"a","5262":"l","5263":"u","5264":"e","5265":"B","5266":")","5267":" ","5268":"r","5269":"e","5270":"t","5271":"u","5272":"r","5273":"n","5274":" ","5275":"1","5276":" ","5277":"*","5278":" ","5279":"d","5280":"i","5281":"r","5282":"e","5283":"c","5284":"t","5285":"i","5286":"o","5287":"n","5288":";","5289":"\\","5290":"r","5291":"\\","5292":"n","5293":" ","5294":" ","5295":" ","5296":" ","5297":" ","5298":" ","5299":" ","5300":" ","5301":" ","5302":" ","5303":"r","5304":"e","5305":"t","5306":"u","5307":"r","5308":"n","5309":" ","5310":"0","5311":";","5312":"\\","5313":"r","5314":"\\","5315":"n","5316":" ","5317":" ","5318":" ","5319":" ","5320":" ","5321":" ","5322":" ","5323":" ","5324":"}","5325":")","5326":";","5327":"\\","5328":"r","5329":"\\","5330":"n","5331":" ","5332":" ","5333":" ","5334":" ","5335":" ","5336":" ","5337":"}","5338":"\\","5339":"r","5340":"\\","5341":"n","5342":" ","5343":" ","5344":" ","5345":" ","5346":" ","5347":" ","5348":"r","5349":"e","5350":"t","5351":"u","5352":"r","5353":"n","5354":" ","5355":"p","5356":"r","5357":"o","5358":"p","5359":"s","5360":".","5361":"d","5362":"a","5363":"t","5364":"a","5365":";","5366":"\\","5367":"r","5368":"\\","5369":"n","5370":" ","5371":" ","5372":" ","5373":" ","5374":"}","5375":")","5376":";","5377":"\\","5378":"r","5379":"\\","5380":"n","5381":"\\","5382":"r","5383":"\\","5384":"n","5385":" ","5386":" ","5387":" ","5388":" ","5389":"c","5390":"o","5391":"n","5392":"s","5393":"t","5394":" ","5395":"i","5396":"s","5397":"S","5398":"o","5399":"r","5400":"t","5401":"a","5402":"b","5403":"l","5404":"e","5405":" ","5406":"=","5407":" ","5408":"(","5409":"c","5410":"o","5411":"l","5412":"u","5413":"m","5414":"n","5415":"K","5416":"e","5417":"y","5418":":","5419":" ","5420":"s","5421":"t","5422":"r","5423":"i","5424":"n","5425":"g","5426":")","5427":" ","5428":"=","5429":">","5430":" ","5431":"{","5432":"\\","5433":"r","5434":"\\","5435":"n","5436":" ","5437":" ","5438":" ","5439":" ","5440":" ","5441":" ","5442":"r","5443":"e","5444":"t","5445":"u","5446":"r","5447":"n","5448":" ","5449":"p","5450":"r","5451":"o","5452":"p","5453":"s","5454":".","5455":"s","5456":"o","5457":"r","5458":"t","5459":"a","5460":"b","5461":"l","5462":"e","5463":"C","5464":"o","5465":"l","5466":"u","5467":"m","5468":"n","5469":"s","5470":".","5471":"i","5472":"n","5473":"c","5474":"l","5475":"u","5476":"d","5477":"e","5478":"s","5479":"(","5480":"c","5481":"o","5482":"l","5483":"u","5484":"m","5485":"n","5486":"K","5487":"e","5488":"y","5489":")","5490":";","5491":" ","5492":"/","5493":"/","5494":" ","5495":"C","5496":"h","5497":"e","5498":"c","5499":"k","5500":" ","5501":"i","5502":"f","5503":" ","5504":"c","5505":"o","5506":"l","5507":"u","5508":"m","5509":"n","5510":" ","5511":"i","5512":"s","5513":" ","5514":"i","5515":"n","5516":" ","5517":"t","5518":"h","5519":"e","5520":" ","5521":"s","5522":"o","5523":"r","5524":"t","5525":"a","5526":"b","5527":"l","5528":"e","5529":" ","5530":"c","5531":"o","5532":"l","5533":"u","5534":"m","5535":"n","5536":"s","5537":" ","5538":"l","5539":"i","5540":"s","5541":"t","5542":"\\","5543":"r","5544":"\\","5545":"n","5546":" ","5547":" ","5548":" ","5549":" ","5550":"}","5551":";","5552":"\\","5553":"r","5554":"\\","5555":"n","5556":"\\","5557":"r","5558":"\\","5559":"n","5560":" ","5561":" ","5562":" ","5563":" ","5564":"c","5565":"o","5566":"n","5567":"s","5568":"t","5569":" ","5570":"s","5571":"o","5572":"r","5573":"t","5574":"D","5575":"a","5576":"t","5577":"a","5578":" ","5579":"=","5580":" ","5581":"(","5582":"c","5583":"o","5584":"l","5585":"u","5586":"m","5587":"n","5588":"K","5589":"e","5590":"y","5591":":","5592":" ","5593":"s","5594":"t","5595":"r","5596":"i","5597":"n","5598":"g","5599":")","5600":" ","5601":"=","5602":">","5603":" ","5604":"{","5605":"\\","5606":"r","5607":"\\","5608":"n","5609":" ","5610":" ","5611":" ","5612":" ","5613":" ","5614":" ","5615":"i","5616":"f","5617":" ","5618":"(","5619":"i","5620":"s","5621":"S","5622":"o","5623":"r","5624":"t","5625":"a","5626":"b","5627":"l","5628":"e","5629":"(","5630":"c","5631":"o","5632":"l","5633":"u","5634":"m","5635":"n","5636":"K","5637":"e","5638":"y","5639":")","5640":")","5641":" ","5642":"{","5643":" ","5644":"/","5645":"/","5646":" ","5647":"S","5648":"o","5649":"r","5650":"t","5651":" ","5652":"o","5653":"n","5654":"l","5655":"y","5656":" ","5657":"i","5658":"f","5659":" ","5660":"t","5661":"h","5662":"e","5663":" ","5664":"c","5665":"o","5666":"l","5667":"u","5668":"m","5669":"n","5670":" ","5671":"i","5672":"s","5673":" ","5674":"i","5675":"n","5676":" ","5677":"t","5678":"h","5679":"e","5680":" ","5681":"s","5682":"o","5683":"r","5684":"t","5685":"a","5686":"b","5687":"l","5688":"e","5689":" ","5690":"c","5691":"o","5692":"l","5693":"u","5694":"m","5695":"n","5696":"s","5697":" ","5698":"l","5699":"i","5700":"s","5701":"t","5702":"\\","5703":"r","5704":"\\","5705":"n","5706":" ","5707":" ","5708":" ","5709":" ","5710":" ","5711":" ","5712":" ","5713":" ","5714":"i","5715":"f","5716":" ","5717":"(","5718":"s","5719":"o","5720":"r","5721":"t","5722":"C","5723":"o","5724":"l","5725":"u","5726":"m","5727":"n","5728":".","5729":"v","5730":"a","5731":"l","5732":"u","5733":"e","5734":" ","5735":"=","5736":"=","5737":"=","5738":" ","5739":"c","5740":"o","5741":"l","5742":"u","5743":"m","5744":"n","5745":"K","5746":"e","5747":"y","5748":")","5749":" ","5750":"{","5751":"\\","5752":"r","5753":"\\","5754":"n","5755":" ","5756":" ","5757":" ","5758":" ","5759":" ","5760":" ","5761":" ","5762":" ","5763":" ","5764":" ","5765":"/","5766":"/","5767":" ","5768":"R","5769":"e","5770":"v","5771":"e","5772":"r","5773":"s","5774":"e","5775":" ","5776":"t","5777":"h","5778":"e","5779":" ","5780":"s","5781":"o","5782":"r","5783":"t","5784":" ","5785":"d","5786":"i","5787":"r","5788":"e","5789":"c","5790":"t","5791":"i","5792":"o","5793":"n","5794":"\\","5795":"r","5796":"\\","5797":"n","5798":" ","5799":" ","5800":" ","5801":" ","5802":" ","5803":" ","5804":" ","5805":" ","5806":" ","5807":" ","5808":"s","5809":"o","5810":"r","5811":"t","5812":"D","5813":"i","5814":"r","5815":"e","5816":"c","5817":"t","5818":"i","5819":"o","5820":"n","5821":".","5822":"v","5823":"a","5824":"l","5825":"u","5826":"e","5827":" ","5828":"=","5829":" ","5830":"s","5831":"o","5832":"r","5833":"t","5834":"D","5835":"i","5836":"r","5837":"e","5838":"c","5839":"t","5840":"i","5841":"o","5842":"n","5843":".","5844":"v","5845":"a","5846":"l","5847":"u","5848":"e","5849":" ","5850":"=","5851":"=","5852":"=","5853":" ","5854":"\\","5855":"\"","5856":"a","5857":"s","5858":"c","5859":"\\","5860":"\"","5861":" ","5862":"?","5863":" ","5864":"\\","5865":"\"","5866":"d","5867":"e","5868":"s","5869":"c","5870":"\\","5871":"\"","5872":" ","5873":":","5874":" ","5875":"\\","5876":"\"","5877":"a","5878":"s","5879":"c","5880":"\\","5881":"\"","5882":";","5883":"\\","5884":"r","5885":"\\","5886":"n","5887":" ","5888":" ","5889":" ","5890":" ","5891":" ","5892":" ","5893":" ","5894":" ","5895":"}","5896":" ","5897":"e","5898":"l","5899":"s","5900":"e","5901":" ","5902":"{","5903":"\\","5904":"r","5905":"\\","5906":"n","5907":" ","5908":" ","5909":" ","5910":" ","5911":" ","5912":" ","5913":" ","5914":" ","5915":" ","5916":" ","5917":"/","5918":"/","5919":" ","5920":"S","5921":"e","5922":"t","5923":" ","5924":"t","5925":"h","5926":"e","5927":" ","5928":"n","5929":"e","5930":"w","5931":" ","5932":"s","5933":"o","5934":"r","5935":"t","5936":" ","5937":"c","5938":"o","5939":"l","5940":"u","5941":"m","5942":"n","5943":" ","5944":"a","5945":"n","5946":"d","5947":" ","5948":"r","5949":"e","5950":"s","5951":"e","5952":"t","5953":" ","5954":"t","5955":"h","5956":"e","5957":" ","5958":"s","5959":"o","5960":"r","5961":"t","5962":" ","5963":"d","5964":"i","5965":"r","5966":"e","5967":"c","5968":"t","5969":"i","5970":"o","5971":"n","5972":"\\","5973":"r","5974":"\\","5975":"n","5976":" ","5977":" ","5978":" ","5979":" ","5980":" ","5981":" ","5982":" ","5983":" ","5984":" ","5985":" ","5986":"s","5987":"o","5988":"r","5989":"t","5990":"C","5991":"o","5992":"l","5993":"u","5994":"m","5995":"n","5996":".","5997":"v","5998":"a","5999":"l","6000":"u","6001":"e","6002":" ","6003":"=","6004":" ","6005":"c","6006":"o","6007":"l","6008":"u","6009":"m","6010":"n","6011":"K","6012":"e","6013":"y","6014":";","6015":"\\","6016":"r","6017":"\\","6018":"n","6019":" ","6020":" ","6021":" ","6022":" ","6023":" ","6024":" ","6025":" ","6026":" ","6027":" ","6028":" ","6029":"s","6030":"o","6031":"r","6032":"t","6033":"D","6034":"i","6035":"r","6036":"e","6037":"c","6038":"t","6039":"i","6040":"o","6041":"n","6042":".","6043":"v","6044":"a","6045":"l","6046":"u","6047":"e","6048":" ","6049":"=","6050":" ","6051":"\\","6052":"\"","6053":"a","6054":"s","6055":"c","6056":"\\","6057":"\"","6058":";","6059":"\\","6060":"r","6061":"\\","6062":"n","6063":" ","6064":" ","6065":" ","6066":" ","6067":" ","6068":" ","6069":" ","6070":" ","6071":"}","6072":"\\","6073":"r","6074":"\\","6075":"n","6076":" ","6077":" ","6078":" ","6079":" ","6080":" ","6081":" ","6082":"}","6083":"\\","6084":"r","6085":"\\","6086":"n","6087":" ","6088":" ","6089":" ","6090":" ","6091":"}","6092":";","6093":"\\","6094":"r","6095":"\\","6096":"n","6097":"\\","6098":"r","6099":"\\","6100":"n","6101":" ","6102":" ","6103":" ","6104":" ","6105":"r","6106":"e","6107":"t","6108":"u","6109":"r","6110":"n","6111":" ","6112":"{","6113":"\\","6114":"r","6115":"\\","6116":"n","6117":" ","6118":" ","6119":" ","6120":" ","6121":" ","6122":" ","6123":"s","6124":"o","6125":"r","6126":"t","6127":"C","6128":"o","6129":"l","6130":"u","6131":"m","6132":"n","6133":",","6134":"\\","6135":"r","6136":"\\","6137":"n","6138":" ","6139":" ","6140":" ","6141":" ","6142":" ","6143":" ","6144":"s","6145":"o","6146":"r","6147":"t","6148":"D","6149":"i","6150":"r","6151":"e","6152":"c","6153":"t","6154":"i","6155":"o","6156":"n","6157":",","6158":"\\","6159":"r","6160":"\\","6161":"n","6162":" ","6163":" ","6164":" ","6165":" ","6166":" ","6167":" ","6168":"s","6169":"o","6170":"r","6171":"t","6172":"e","6173":"d","6174":"D","6175":"a","6176":"t","6177":"a","6178":",","6179":"\\","6180":"r","6181":"\\","6182":"n","6183":" ","6184":" ","6185":" ","6186":" ","6187":" ","6188":" ","6189":"i","6190":"s","6191":"S","6192":"o","6193":"r","6194":"t","6195":"a","6196":"b","6197":"l","6198":"e","6199":",","6200":"\\","6201":"r","6202":"\\","6203":"n","6204":" ","6205":" ","6206":" ","6207":" ","6208":" ","6209":" ","6210":"s","6211":"o","6212":"r","6213":"t","6214":"D","6215":"a","6216":"t","6217":"a","6218":"\\","6219":"r","6220":"\\","6221":"n","6222":" ","6223":" ","6224":" ","6225":" ","6226":"}","6227":";","6228":"\\","6229":"r","6230":"\\","6231":"n","6232":" ","6233":" ","6234":"}","6235":"\\","6236":"r","6237":"\\","6238":"n","6239":"}","6240":")","6241":"\\","6242":"r","6243":"\\","6244":"n","6245":"<","6246":"/","6247":"s","6248":"c","6249":"r","6250":"i","6251":"p","6252":"t","6253":">","6254":"\\","6255":"r","6256":"\\","6257":"n","6258":"\\","6259":"r","6260":"\\","6261":"n","6262":"<","6263":"s","6264":"t","6265":"y","6266":"l","6267":"e","6268":" ","6269":"s","6270":"c","6271":"o","6272":"p","6273":"e","6274":"d","6275":">","6276":"\\","6277":"r","6278":"\\","6279":"n","6280":".","6281":"b","6282":"g","6283":"-","6284":"g","6285":"r","6286":"a","6287":"y","6288":"-","6289":"1","6290":"0","6291":"0","6292":" ","6293":"{","6294":"\\","6295":"r","6296":"\\","6297":"n","6298":" ","6299":" ","6300":"b","6301":"a","6302":"c","6303":"k","6304":"g","6305":"r","6306":"o","6307":"u","6308":"n","6309":"d","6310":"-","6311":"c","6312":"o","6313":"l","6314":"o","6315":"r","6316":":","6317":" ","6318":"#","6319":"f","6320":"4","6321":"f","6322":"4","6323":"f","6324":"4","6325":";","6326":"\\","6327":"r","6328":"\\","6329":"n","6330":"}","6331":"\\","6332":"r","6333":"\\","6334":"n","6335":"\\","6336":"r","6337":"\\","6338":"n","6339":".","6340":"b","6341":"g","6342":"-","6343":"w","6344":"h","6345":"i","6346":"t","6347":"e","6348":" ","6349":"{","6350":"\\","6351":"r","6352":"\\","6353":"n","6354":" ","6355":" ","6356":"b","6357":"a","6358":"c","6359":"k","6360":"g","6361":"r","6362":"o","6363":"u","6364":"n","6365":"d","6366":"-","6367":"c","6368":"o","6369":"l","6370":"o","6371":"r","6372":":","6373":" ","6374":"#","6375":"f","6376":"f","6377":"f","6378":"f","6379":"f","6380":"f","6381":";","6382":"\\","6383":"r","6384":"\\","6385":"n","6386":"}","6387":"\\","6388":"r","6389":"\\","6390":"n","6391":"\\","6392":"r","6393":"\\","6394":"n","6395":".","6396":"t","6397":"e","6398":"x","6399":"t","6400":"-","6401":"g","6402":"r","6403":"a","6404":"y","6405":"-","6406":"9","6407":"0","6408":"0","6409":" ","6410":"{","6411":"\\","6412":"r","6413":"\\","6414":"n","6415":" ","6416":" ","6417":"c","6418":"o","6419":"l","6420":"o","6421":"r","6422":":","6423":" ","6424":"#","6425":"3","6426":"3","6427":"3","6428":"3","6429":"3","6430":"3","6431":";","6432":"\\","6433":"r","6434":"\\","6435":"n","6436":"}","6437":"\\","6438":"r","6439":"\\","6440":"n","6441":"\\","6442":"r","6443":"\\","6444":"n","6445":".","6446":"t","6447":"e","6448":"x","6449":"t","6450":"-","6451":"g","6452":"r","6453":"a","6454":"y","6455":"-","6456":"5","6457":"0","6458":"0","6459":" ","6460":"{","6461":"\\","6462":"r","6463":"\\","6464":"n","6465":" ","6466":" ","6467":"c","6468":"o","6469":"l","6470":"o","6471":"r","6472":":","6473":" ","6474":"#","6475":"8","6476":"8","6477":"8","6478":"8","6479":"8","6480":"8","6481":";","6482":"\\","6483":"r","6484":"\\","6485":"n","6486":"}","6487":"\\","6488":"r","6489":"\\","6490":"n","6491":"<","6492":"/","6493":"s","6494":"t","6495":"y","6496":"l","6497":"e","6498":">","6499":"\\","6500":"r","6501":"\\","6502":"n","6503":"\"","6504":"]","6505":"}"},"_coverageSchema":"1a1c01bbd47fc00a2c39e90264f33305004495a9","hash":"1ccb5819fc91066081fd011d62bf2c489f607c03"}
,"C:\\Users\\angje\\OneDrive\\Desktop\\work\\customer-transaction-dashboard\\client\\src\\services\\api\\auth\\token.service.ts": {"path":"C:\\Users\\angje\\OneDrive\\Desktop\\work\\customer-transaction-dashboard\\client\\src\\services\\api\\auth\\token.service.ts","statementMap":{"0":{"start":{"line":5,"column":44},"end":{"line":5,"column":74}},"1":{"start":{"line":6,"column":8},"end":{"line":6,"column":null}},"2":{"start":{"line":10,"column":44},"end":{"line":10,"column":74}},"3":{"start":{"line":11,"column":8},"end":{"line":11,"column":null}},"4":{"start":{"line":15,"column":44},"end":{"line":15,"column":74}},"5":{"start":{"line":17,"column":12},"end":{"line":17,"column":null}},"6":{"start":{"line":18,"column":12},"end":{"line":18,"column":null}},"7":{"start":{"line":23,"column":8},"end":{"line":23,"column":null}},"8":{"start":{"line":27,"column":8},"end":{"line":27,"column":null}},"9":{"start":{"line":31,"column":8},"end":{"line":31,"column":null}},"10":{"start":{"line":36,"column":46},"end":{"line":36,"column":74}},"11":{"start":{"line":37,"column":12},"end":{"line":37,"column":null}},"12":{"start":{"line":39,"column":12},"end":{"line":39,"column":null}},"13":{"start":{"line":40,"column":12},"end":{"line":40,"column":null}},"14":{"start":{"line":46,"column":12},"end":{"line":46,"column":null}},"15":{"start":{"line":48,"column":12},"end":{"line":48,"column":null}},"16":{"start":{"line":53,"column":0},"end":{"line":53,"column":null}}},"fnMap":{"0":{"name":"(anonymous_0)","decl":{"start":{"line":4,"column":4},"end":{"line":4,"column":24}},"loc":{"start":{"line":4,"column":24},"end":{"line":7,"column":null}}},"1":{"name":"(anonymous_1)","decl":{"start":{"line":9,"column":4},"end":{"line":9,"column":23}},"loc":{"start":{"line":9,"column":23},"end":{"line":12,"column":null}}},"2":{"name":"(anonymous_2)","decl":{"start":{"line":14,"column":4},"end":{"line":14,"column":26}},"loc":{"start":{"line":14,"column":40},"end":{"line":20,"column":null}}},"3":{"name":"(anonymous_3)","decl":{"start":{"line":22,"column":4},"end":{"line":22,"column":11}},"loc":{"start":{"line":22,"column":11},"end":{"line":24,"column":null}}},"4":{"name":"(anonymous_4)","decl":{"start":{"line":26,"column":4},"end":{"line":26,"column":11}},"loc":{"start":{"line":26,"column":39},"end":{"line":28,"column":null}}},"5":{"name":"(anonymous_5)","decl":{"start":{"line":30,"column":4},"end":{"line":30,"column":14}},"loc":{"start":{"line":30,"column":14},"end":{"line":32,"column":null}}},"6":{"name":"(anonymous_6)","decl":{"start":{"line":34,"column":4},"end":{"line":34,"column":27}},"loc":{"start":{"line":34,"column":27},"end":{"line":42,"column":null}}},"7":{"name":"(anonymous_7)","decl":{"start":{"line":44,"column":4},"end":{"line":44,"column":25}},"loc":{"start":{"line":44,"column":53},"end":{"line":50,"column":null}}}},"branchMap":{"0":{"loc":{"start":{"line":6,"column":15},"end":{"line":6,"column":46}},"type":"cond-expr","locations":[{"start":{"line":6,"column":22},"end":{"line":6,"column":39}},{"start":{"line":6,"column":42},"end":{"line":6,"column":46}}]},"1":{"loc":{"start":{"line":11,"column":15},"end":{"line":11,"column":45}},"type":"cond-expr","locations":[{"start":{"line":11,"column":22},"end":{"line":11,"column":38}},{"start":{"line":11,"column":41},"end":{"line":11,"column":45}}]},"2":{"loc":{"start":{"line":23,"column":15},"end":{"line":23,"column":53}},"type":"binary-expr","locations":[{"start":{"line":23,"column":15},"end":{"line":23,"column":45}},{"start":{"line":23,"column":49},"end":{"line":23,"column":53}}]},"3":{"loc":{"start":{"line":37,"column":19},"end":{"line":37,"column":61}},"type":"cond-expr","locations":[{"start":{"line":37,"column":32},"end":{"line":37,"column":54}},{"start":{"line":37,"column":57},"end":{"line":37,"column":61}}]}},"s":{"0":2,"1":2,"2":2,"3":2,"4":2,"5":1,"6":1,"7":2,"8":1,"9":1,"10":8,"11":8,"12":0,"13":0,"14":2,"15":0,"16":1},"f":{"0":2,"1":2,"2":2,"3":2,"4":1,"5":1,"6":8,"7":2},"b":{"0":[1,1],"1":[1,1],"2":[2,1],"3":[4,4]}}
}
