TN:
SF:src\components\common\TableComponent.vue
FN:21,(anonymous_0)
FN:26,(anonymous_1)
FN:29,(anonymous_2)
FN:33,(anonymous_3)
FN:43,(anonymous_4)
FN:47,(anonymous_5)
FN:83,render
FN:90,(anonymous_7)
FN:94,(anonymous_8)
FN:114,(anonymous_9)
FN:120,(anonymous_10)
FNF:11
FNH:10
FNDA:0,(anonymous_0)
FNDA:2,(anonymous_1)
FNDA:4,(anonymous_2)
FNDA:2,(anonymous_3)
FNDA:14,(anonymous_4)
FNDA:2,(anonymous_5)
FNDA:4,render
FNDA:12,(anonymous_7)
FNDA:2,(anonymous_8)
FNDA:8,(anonymous_9)
FNDA:24,(anonymous_10)
DA:3,1
DA:6,1
DA:7,1
DA:8,1
DA:22,0
DA:27,2
DA:28,2
DA:29,2
DA:30,4
DA:31,2
DA:32,2
DA:33,2
DA:34,2
DA:35,2
DA:36,2
DA:37,2
DA:38,0
DA:41,2
DA:43,2
DA:44,14
DA:47,2
DA:48,2
DA:50,2
DA:52,1
DA:55,1
DA:56,1
DA:60,2
DA:69,1
DA:70,1
DA:71,1
DA:72,1
DA:73,1
DA:74,1
DA:75,1
DA:76,1
DA:77,1
DA:78,1
DA:79,1
DA:80,1
DA:81,1
DA:82,1
DA:84,4
DA:91,12
DA:94,2
DA:115,8
DA:121,24
DA:133,1
DA:134,1
LF:48
LH:46
BRDA:30,0,0,2
BRDA:30,0,1,2
BRDA:32,1,0,1
BRDA:32,1,1,1
BRDA:36,2,0,0
BRDA:36,2,1,2
BRDA:37,3,0,2
BRDA:37,3,1,0
BRDA:48,4,0,2
BRDA:48,4,1,0
BRDA:50,5,0,1
BRDA:50,5,1,1
BRDA:52,6,0,1
BRDA:52,6,1,0
BRDA:98,7,0,6
BRDA:98,7,1,6
BRDA:100,8,0,4
BRDA:100,8,1,2
BRDA:100,9,0,6
BRDA:100,9,1,4
BRDA:102,10,0,3
BRDA:102,10,1,1
BRF:22
BRH:18
end_of_record
TN:
SF:src\services\api\auth\token.service.ts
FN:4,(anonymous_0)
FN:9,(anonymous_1)
FN:14,(anonymous_2)
FN:22,(anonymous_3)
FN:26,(anonymous_4)
FN:30,(anonymous_5)
FN:34,(anonymous_6)
FN:44,(anonymous_7)
FNF:8
FNH:8
FNDA:2,(anonymous_0)
FNDA:2,(anonymous_1)
FNDA:2,(anonymous_2)
FNDA:2,(anonymous_3)
FNDA:1,(anonymous_4)
FNDA:1,(anonymous_5)
FNDA:8,(anonymous_6)
FNDA:2,(anonymous_7)
DA:5,2
DA:6,2
DA:10,2
DA:11,2
DA:15,2
DA:17,1
DA:18,1
DA:23,2
DA:27,1
DA:31,1
DA:36,8
DA:37,8
DA:39,0
DA:40,0
DA:46,2
DA:48,0
DA:53,1
LF:17
LH:14
BRDA:6,0,0,1
BRDA:6,0,1,1
BRDA:11,1,0,1
BRDA:11,1,1,1
BRDA:23,2,0,2
BRDA:23,2,1,1
BRDA:37,3,0,4
BRDA:37,3,1,4
BRF:8
BRH:8
end_of_record
