TN:
SF:src\components\common\Table.vue
FN:21,(anonymous_0)
FN:30,(anonymous_1)
FN:34,(anonymous_2)
FN:38,(anonymous_3)
FN:48,(anonymous_4)
FN:51,(anonymous_5)
FN:61,(anonymous_6)
FN:63,(anonymous_7)
FN:64,(anonymous_8)
FN:72,(anonymous_9)
FN:123,render
FN:136,(anonymous_11)
FN:139,(anonymous_12)
FN:156,(anonymous_13)
FN:160,(anonymous_14)
FN:180,(anonymous_15)
FN:186,(anonymous_16)
FNF:17
FNH:16
FNDA:0,(anonymous_0)
FNDA:3,(anonymous_1)
FNDA:5,(anonymous_2)
FNDA:2,(anonymous_3)
FNDA:23,(anonymous_4)
FNDA:2,(anonymous_5)
FNDA:7,(anonymous_6)
FNDA:14,(anonymous_7)
FNDA:31,(anonymous_8)
FNDA:2,(anonymous_9)
FNDA:7,render
FNDA:2,(anonymous_11)
FNDA:2,(anonymous_12)
FNDA:21,(anonymous_13)
FNDA:2,(anonymous_14)
FNDA:13,(anonymous_15)
FNDA:39,(anonymous_16)
DA:3,1
DA:6,1
DA:7,1
DA:8,1
DA:22,0
DA:31,3
DA:32,3
DA:33,3
DA:34,3
DA:35,5
DA:36,2
DA:37,2
DA:38,2
DA:39,2
DA:40,2
DA:41,2
DA:42,2
DA:43,0
DA:46,3
DA:48,3
DA:49,23
DA:51,3
DA:52,2
DA:53,2
DA:54,1
DA:56,1
DA:57,1
DA:61,3
DA:62,7
DA:63,7
DA:64,14
DA:65,31
DA:66,17
DA:68,14
DA:72,3
DA:73,2
DA:74,2
DA:76,3
DA:87,1
DA:88,1
DA:89,1
DA:90,1
DA:91,1
DA:92,1
DA:96,1
DA:97,1
DA:101,1
DA:102,1
DA:116,1
DA:117,1
DA:118,1
DA:119,1
DA:120,1
DA:121,1
DA:122,1
DA:124,7
DA:136,2
DA:140,2
DA:141,2
DA:142,2
DA:144,2
DA:157,21
DA:160,2
DA:181,13
DA:187,39
DA:198,1
DA:199,1
LF:67
LH:65
BRDA:35,0,0,2
BRDA:35,0,1,3
BRDA:37,1,0,1
BRDA:37,1,1,1
BRDA:41,2,0,0
BRDA:41,2,1,2
BRDA:42,3,0,2
BRDA:42,3,1,0
BRDA:52,4,0,2
BRDA:52,4,1,0
BRDA:53,5,0,1
BRDA:53,5,1,1
BRDA:54,6,0,1
BRDA:54,6,1,0
BRDA:65,7,0,17
BRDA:65,7,1,14
BRDA:125,8,0,7
BRDA:125,8,1,0
BRDA:136,9,0,7
BRDA:136,9,1,3
BRDA:137,10,0,7
BRDA:137,10,1,3
BRDA:144,11,0,2
BRDA:144,11,1,2
BRDA:164,12,0,12
BRDA:164,12,1,9
BRDA:166,13,0,10
BRDA:166,13,1,2
BRDA:166,14,0,12
BRDA:166,14,1,10
BRDA:168,15,0,9
BRDA:168,15,1,1
BRF:32
BRH:27
end_of_record
TN:
SF:src\services\api\auth\token.service.ts
FN:4,(anonymous_0)
FN:9,(anonymous_1)
FN:14,(anonymous_2)
FN:22,(anonymous_3)
FN:26,(anonymous_4)
FN:30,(anonymous_5)
FN:34,(anonymous_6)
FN:44,(anonymous_7)
FNF:8
FNH:8
FNDA:2,(anonymous_0)
FNDA:2,(anonymous_1)
FNDA:2,(anonymous_2)
FNDA:2,(anonymous_3)
FNDA:1,(anonymous_4)
FNDA:1,(anonymous_5)
FNDA:8,(anonymous_6)
FNDA:2,(anonymous_7)
DA:5,2
DA:6,2
DA:10,2
DA:11,2
DA:15,2
DA:17,1
DA:18,1
DA:23,2
DA:27,1
DA:31,1
DA:36,8
DA:37,8
DA:39,0
DA:40,0
DA:46,2
DA:48,0
DA:53,1
LF:17
LH:14
BRDA:6,0,0,1
BRDA:6,0,1,1
BRDA:11,1,0,1
BRDA:11,1,1,1
BRDA:23,2,0,2
BRDA:23,2,1,1
BRDA:37,3,0,4
BRDA:37,3,1,4
BRF:8
BRH:8
end_of_record
